Patron Solver
Found Words       : 1903
Comparisons       : 154626811
Failed comparisons: 135249081
Checked cells     : 155021840

Execution ticks   : 18003382
Execution time    : 18.0034
This words have been found:
45680401830870514676425
15995630828567438101919831754
865540334827866425962479
562642206316252457305506
77130038420106519109
01091454569169822774099848
0550695111855669672326
885871955973138791621583947
071889951640922826400
63368217032517565474751
45824150531207858947
065560535417428689297997186945
9291466529454521900419540
7869516171619723246835073971
5552160389547022552
43388017562054775064572077
2259871557868460034735033995
39517319772188520611
6515200037193598895
0215853254321503348823690
89751206329185135
3339844266232790544
487851991983301892693964
8925968520358200617181612050
9854711005425733598476
724918364814440524118277
80960292399739008890086
6232979566119892915673075724
6167689676330724419263
20100836528364719942784674
22362050468021826624755
396811059305589503355
034535947268226397642742
17973728280623090263365
16230754538990120188760587
78524192226488702560324204
8283028897279096608352813582
898746263505218444385615777312
1254237713127061154411230199
037622033739201795192
065890712045833168616
91200746602366222
3671884109082556094602934776
915386561348926537403
667794739169210575
75496693480421719077869422
8942887208310527464611643
24916636340196014229764
7486139436525479195139904
0144710123979192748005268221
80967064455896897
83097425446226221145
93121327788342137326504
214962043056331
331211323756316416247
899576398142557
35956892780016516754581
61002553657074321707319
14664878763732895648314665233
3326574296969665170122022006
34182223640655912804
98445883213750549446965
24251625295629182380397501096
1452356594735356683295365
92149766999581950916080367458
3965223336682262583947
64239065522657107409138924
3395124233706843960
3995950339175890745
083361951775313246195971
1517686183300305968621
300925852021432915393
956148748423282792957686
4692850256786513949145
3319976517272064764993
0404495583217919792538
536321130371124500315722612
3169138885612171317749572769
8394685789070421228
2587150988915042446081662
8797902594697067622765
03866444913842816318006359
5978598306866716288
05891723594134345521294309865
1996905405920932218475558
81152869829731838048760449303
9681427024209939919
701264732107920803426303775
1585602861552366192846
278318766243645994427453
554627636108012978385
56913505208370353485552020925
327873054729480474887697
83746730886113507001
33183837497966720123469
255983213034528612079
3781144318410018471797528
577956688768417767947904522
3466876849719704177342460578
0327500778536012
411233915934433403528
9674561675910042276379334
07047291740434548276426
596063912033723919894814158732
33721404682815099
3472939996084366387514
14939867940187843441462196
2891060322716928734
53646685967801567
7354662689611450909755669810
94121223500217326
657915478039600221
3597774427264233697
152565971
1656543631535
3962661868157756
8674260970537
66198851492435
975312461787267
163580339202804347856459
310196046015462
0858076225
4334281823278912
43288908253229873
73855234412368125196265285
32237011744084059
100326220150492935628784
0495108746
7988441380
162903666343742609569
949732802080988579424
34668950295322
79228966581831
706621425
30591773
366373853383
70722462954556561
23702678836809946304941640
08245449889806910810914492
8806200
903124880859410608206130
457333054136585904195
63119834
6230743406248
74647921433
98991179
62702898883868
0039905829829
45875045381
85200065707278647928301600365
531061
04608764
3472
39592754117553047948710
0785883671829858954
055455957876
399367659625182
17051071397013999
74059223840401519
403374381243
2781177089203738
375454957196995477356936469
92808830771
82747756706344538133804729
201696946814
9474001141
997628619155486296721790
18214734112
22889125711394757155587
58186440273
5548031289898784668414
490342553
8840075890505
22578957391243
9580197805391258507770809246
1760
2056702709216521085636
8161492693243
83197464495994447
3609624223226258
37288396300945
2317663114519401
5811617688260
291930487805
552219578426
08687119
87
626290079795675
54376761495048737
77235581
49091821901
8957266029
4202838522122272
2215
57566894637
5720764932484176666
249990215
37149187
8364106082
558546
60822779771208724268066417
3797886270397294263
8641143401754997
5959300348945
3338484860642562702305
905489912754568088334
1587380289323377061474
76874176430
6648808560
18249731925328263546608
89106375611
5318011847
814646075
4083769691
8509322846020
0759873629
43514047334
517539952442250
52
7692151121917380746659770
0271
5278379433323
3373
337926043403053
38759245864
637377015413437019249558952
370491001405
466287800762203993262774210192
877398912088984109598880160
2187793245
233574129499524
37601030238
62381121653
628343322
3131675459663
892643054
72744101666905262
37
27522044905387636662092653141
131376716140
3600787
495540875314697400968
35289146247031
2442912
779182579213
3725530513914035736149597
7126083
983830575879712
072246339622
04134866925706401757
496
895
437314742261
474
860749371836129059852056103532
093916
73365296
46452183863168
8617865816933113931
4327330542
659624
9333699385348786989342
15673537544902389136
653807324618833009745375919795
87923826786253
12882786772757
423125737659801101
11852928597
0719223915701280
8823426
4647981058
6957316413
798805889606271062
26280358367095938241870
766344165964113315
54042106
64853468
53
36796208432
531472311846554
0136
512686837
3639274407902767980042487596
203567095
5956551196
9906478815522657168492592
6094219015
428675134
842
8128812142424805011
6110557072156452276
9945080255
073046926
005822177
2371808635546
91707148
81222897042836873
3042740264191
46770162420114
782215
4880076344
4272025652199
420478518524
206045062760657650543553
46566316
5830013
2142940
6548687390122412340072343
41596942
73788139330578486433
64576947185221861
89151747877
91095643191478295
564516288702
5726480074503954434794
72176440589279549
600315964942884323738
4525324346981
85872527300419
5374445517912
4082478813320406441
53976927261
198539398509
002951187
712511
200062815395582
4813786763
2
19096796
94287
979445033892716013546242282151
2971788271
3135758046048
705329931576618570112745569
4409005786
69982849754504
1040472439652766414630567
5898772607456756127679720369
4066347463
640428879384396
6935473238
05162256336892918605008886773
18960873
7572883846888
608118900818
70886587762242940888769
082255995748922
601836
88149987234148
34
9377905039981281
335438885
33378
2889
86273410831918713
373977577557
4022980672
087861
4113464
89006619036966724091
7597193115408055286751
5856244161265602815430
764064315
659869342
950720728922852
829202043
040514670
675978667528070544
496164608114681067769
38
473220522431382362954545420
65713064873
5657059484949
3819004792374766702
442128568272
4657053
172044541286563095080345765
750197076625516196
438415077459822157168669043372
671726836131212704921
311554197
9154681119093315489470227
01093670278
39780543383766112392970280044
3009861
8538594578317780783014
1134370714346
55284617052825
847472019878
29356
53491528978649408172
70694412910
92850421144693656079392
1863
618870
86332309
49750166933512507965
61061680
0778589029440575673463
0447860
5648186630879696
4398348935515470
475840647729187
5769985787397
39549387289
3982725862
29
9268
31484694796872623756236
8737107716161
87467176295546283078363
7568702835
920324009969672547
5862
32149331387672144710730
034893
98729232797464118598
950888416016083
219537
644258899912377744667827117
7536166566
6394065131611299223
98320114346572749745797889
7851558
754181380386746
5796680305924
9101116653430841698621
07158289924584
17224593242
613254028079
33361268
5982495190124333013031
4277280586368918254
7069150534
45629167730717867544658
84711
264388072796
7106194690574045704943
82869084
458257840877404
62983010201906674705050
408630223069761
57282523132
3437587863963544
07704910846241
233443203266
384508970602608672573434712
676766052361755537
64410100776784445
51551352836593
22927
74571176861160005551
202107542
12472223297653911760
157559253509522868
519896
188832339
671851352221766677
5783985742820694
258240124312859
84906482557052680845653
380449
985676158718669426707
44931348475717726
7067840564098940520
144
08008429
1688332044021411868630
885806028926544026
33944
96738466925376
1065962432002804
148
4873571390569229181020
169589
64309434525693429388100968073
6502507842
4337980306
72363012
34694045781168569
51640236357070
08658191545264240
38562069653432
327707
0717773
8769195012358665115
620833074364
645976730
87813516787142397293227809
2406
0101732821522
59200889514
0523
1618
063021511
7312
68
829697291
43155979375
12977478549470727648277
6457
8055535674633836
6988401831812918
298
001454422800720696070779731130
23
95255833
16443362215
57108314518700938487
2323
25838504482574094920462
437320091750
770
2802563481272961
232107681
71767431420953
395627361524474733568408261
8455880611
694970141
4863581331
1646
416942
22066644509376082777
0913931910972124
7571075947
36
640954579405213516
3441365
381821441924432374852178
323
241660457819684733
15614292140870417886
5167431865583187562192
375157387166982
7535473
47
29901782141267613986
20832
82
261393516189449
70
562979811269691058885
97353447162
057821
843808083
062404736476406632538465420171
6628
24
54
20540305382249940
78136
864223485756450773
1331339894
8533139
41831937905069354334090
336690735939158938171
833381112676345
782
2566322
8760989801
21826092829514741
49
622903416
71265062162931029
853621423489710544531
94
62919044111416765041099
97760
98865
76746
586595403501
21450703765
14833872878
2493131783638639
9159512233311138504287
4824542115805497586
05857
686032
03865685
7149
4732462061884
1386163341585951941
47862099552359961
030976930304033967758
7165
70041
450729588
69603596901793
788288697856
416
02291
61665844
07541231257375961
6736259208
094212597444022462252
5066568147863
204718750278960396731
44272977
8741261262827
31135356200510718157192998
904
173781057246463
6706
247422314890955394209053295
6865560427641511829
3370
0919527588676356384929148
5142116607
0213545432031952317993116919
81655040486131899670343762
504150
7269375
70172167954
5887688413361014723
46040709035830
671698833607430036297185526
006810594498217322894905784
2474621243458539327
382318878709262056144831
483661555
79493456469163558
01
569098947004
63441011076694
5350631
8196
5945335843
857
455041433617
576618323
50500048044077618816168852
736204
21596
9345
33862
90
136568324451842750819
7937504344
986259
79997424
982410785128097
503949338
6
43
759005599810889
031931150548593180
31377010343254988546
786
88742468798545
5576
46538952356139
28590867916
85914062855186437423227
497692666373781382
02
8885318667420787
338
856300892
17634491523283
380806203248178374568311773
20
9
28
3448765320184684955
538
780
361436784814205834
03450
228
7961760
21134219453152
35460059436
2267
057016801344207844
2466025241294912
4103243319517
3419577
77704890570
332787306
234843
8919
880736231
9322574
1
6686386106645038365
355478431186
7894489488
4751911144
81
306836
70249214
17
8293429414651707
0488
784520263493962566575564354176
259
001399444089650006808
1405169204767720152485593
06078706
88557677658929
919669918581
65540543
127307066697236737866172307785
804
95169526410
987399784429708089762
1276326766280350225786623643
900091
62930972
35056039713
4646045476838
3228921065653980184
7255230378
44138
2777193267986515332399148589
65249
48800720466291
7329935878
374905
0
52066935800
3513
30765978641700115230
618881858045801122794
7096511856551962338217628011
1067
2099841442155780593
509509333
1966
445127
27630581912361079
55415700530213
56
72040224563952
71776436670
663
8601636782880
360883176455469620630
341255839
10
13564315267082757094
1232103551296
616105826094
196987582
0136919771091585
79723
765312
587567250875607590
45243901803245411
312
22053
6513334393
24934554
4818
369034951325699
34367968
248708199836289079659
26433661
30
107267033232215
50442067974397229
7843466431442300092
22
5439147359
8822
38436225796150277900
4098517153
78107372808262238887616
076
55896295128118
937857254523176276
5552546927683182
810103902778067921
424464440
8785296416
449113616682432094194
5177
72127515542180
1417661853
6259627
4797725081201907
5070305
26990074061
7526358692535731
42
9153609
2660424254
7
8684397
3095139665732
354543364169648873046
3971
217434896269
423
288625333
488573153554
3
27102040792
649952394454150213
385
43534129048253
44
26341299170313278226
1147178526
7112
81354
4832916600773
2016639364269679
57036700887
2665749102091823503
522121787
950496
3777
9938
353228160
588
26
1005192427
027198698990
2044773
213909
3794008444360534
6887337082827447527906415
39811572
0370335704
9959688661
6174575965776672
056429403567113662
8013258251
5057074871
03203
1333133660305422463
550593
0503072392
819
495681
198438110143844630
084
21268763480071590030
658158511
975632807744687100271123264
6242929419820
88
5439353047778667523195427824
268142962812
59559502
93655
13423497
1088965
8028728744437141241
8062918808574575925533
25680642164795307
9229666448375
880
6502375521138214650430412
7513122041539243090
2435782430025848213
39328465
9631266661813527232
330034667840553271677
85153718682
9326696462452082508275884259
1790618
662148752570
58
15677
67058120
99889800309392
150453719480658824
57
79225754
202
5656565037499044909
72
86532190262514167602584
99594029
333506
0713493244841
09320711213033369499335666
2139920151
35355957519788739974133
124275842876590354
205425480395609035849
03046598506479720736
37022077
374881
81161524458
24667378906610747
024895
3230946459553654081956618
2120
0248678
8108490220847520319027543063
0907
2154994865137910137349
44418629341228
82316416056
00051
6269271
01007714573
56595734
493
95924905494
2002624
5995
7323781698
4489
92351067705994
680630603
63924
00178710397752902
290
025101240839915915234616817389
83667
293
33106704679965571206
393
60720
837
3774523668401254379
973296
15648
073948481185336895132365467142
871117704375602460656
506076334002203905540
1538
11
678682
07
246198987003196506
56849683275402856321781468237
896640141549401
882784745
609
3508643102902
1489014750879965677856523
051458
825268
8526397750000
88181896
713
611
115638930267317780626771
9392693
3046744043804
8459
78402
7684409
84512356637179
873753233806
98906489999650126
0656862716558582160220114
8831
1059553332649489
90775241
25000
3978
38443
40
5559433
253
918413123294647712173
97315775709894966714398
165222131353
126963737
33845
31
75360707265913
4775192581
6425912511
3321828
5945619624896986945
19560
304002236
17380479645774885788773
87958
5314
050959364
8857272
96352619731492736
5263869
7292253636963784706
757
6166149866299613173
77958620727379379975
02360
90099434917
60003613650921472048431139
57079051
17329596
974579857355
111057
4384050508382938443
052
212365654
5275582199224653591889087
06450636060224081310334970152
022321058229015699312
5157426
123435222368945516759351995
568335952309
3284504791208941561201
75942882574733
864957
4
9265627410250
525295167434
851138412
5365
00850952160480324352
4103
072817147505602419974400690745
4907781068677982335
3681600082
905
975115
75294173595376909897742
77106007990407
51556865885
185857903
298331299797
28119197324536354145
314632438696830070
457542999937135591
604776078365192503
895042
20524554298931477954752413
3989926
865122385
1057
719896451205215
46991
574309243061986
748387419220363458
754664447526275924579685
352040715801
76707444
319052927926822
62257
408398725758162240
84713048955
9570
88079845990142
5887
7831342259599396918
190367420618
52607580
9518809876076786939835820244
14320
41888298510
5012450
31578494725
57037
570290108
1743
907184593204673198073167
9292864801774579627104019
5463453442344822902558943752
3131547092513
27686479113087569
7626823
846956593842859814146506
1606129782368444
4855746334808
44487
4988900231926
2573940153199248289
60
46333686563358
81571459277716967071
76586475267949252357909
362484089
96693
9680
8566455
428255971403
8700879201688737151260601516
31404
07026977723293
4500639371865495253051402955
300432448315945409
222520101
6203791673249340981437119388
19258
1579977550586
127312712017620653797849302239
168370
066010665822881
969657801877708944
435
88081034251047
96134972627134226436
83
728391386
650717499064055294
136955014
427322448940507583254499883196
508070023217703
8427881
826757267221540552196660
856515
18783746
3261161001
84231320
29823227232713
340689830822
4347490
89018141
69879
284568
58980
643107
855253264197444
799651665
7084052886
363744650
976959513382680560950759552966
54912949728422895883980915069
4049
40444479311094298111
5129555538
923708845799122628
4277
355279
83426736177932685885543561869
9603
6225849
79861111282312517138857712302
66769270009272272
6160105497787418362646842
56098401
8449068816
280037
76857
0508264084813818
474502007274102
9195865824
45359609566121491381788835608
030927618666771
205960
1165354673181696161980
7935995604572344390
1472409
80141374311
223744482830
408471675407648989087
935019461576283
07486723063421
205855880179609214812
0572074685420757687367
391356070761369142000193343703
118026539
40995945840515962582399535086
538357998768673548468525484
69397763305137754
8765064634233674
295359871516
406942088
1806184
989118328905229722
05914466109220246
00314444810965963
376276449551780565347
7333966315566
560733003063
98435826246866164
130238898487445669706186324621
367419609157159
6862806042984
11636847115674534
63631680207465619453
2913860
45735848016413121
84418442628137395297155516740
1316462457121664003
8749531494
195797518964769871422
248282287683
964867998255
16323092629072631725024995
8996690520140
3837633218319152
1857676788419525110
0028834643054683485993
319911626038347615
32527664826
630892266636
7195443012906537931451
6515657789135
059056816816
786516700256694231910657168
6527653514805
04743622
766527826399694684964499
73263853951
594594103986442
61538408198809270
571232627036976195904856559
9140658878070142037629585
584787877085
3261546955018
412767185756484327742
32929925012418268
2968800555104
2670520292
055536129800
9755775203326456177446991
36826301246878749981
180022036
7909914624875224689945456166
8465606947214144017308242189
351917916690714414333
00
59547933980117773312001
80929832228845
56234162863210
6304180567649736443565
1798864269329
7852034556
0628120148641594242822622303
4979296873164
29765734379516470715154014
71086059983
538754377235331942960936
491876943
0664975703494123851580473
2293641108713
509960592767779
289028656821717146622908
71329358335155780331832006
478575513096
292913504325899819
9523652473734
05935254041552
3890419835328943
408297023
8216159229814411445
818
388584412931
2055205599231
382992856746565
221081321802313254624
814009231691
451885735800305
781213278480719744
3802283202
6507434129
8398046504979392729
642849506
19993427068
58826140211854
019823447822464
0620857398536427670605
510069270590621791872489
340748832294171597898897280
16
871397672089074478020619
5290357466665432865
700437593677903119
68308628173082
544944491097
740661127545165
5507901711352938454290
834896939189794085482099975792
97979040
540575910754
5074919086718
072144566944415322
45325659
5645304130583858876896
48885454772976448018642
7572732498889529
637189929604
1158637609462454366119314
3415101321001714518431684
395275719833995
7711389974221
3475970718558
9259075220702495
06043782752050912
854917791529740447676
99
81002874520282272204079873297
8163053509109
1068261590368987
641281747089562
979424944504229
1600700985087003854547046048
89765315329836379869716
15087421653702302300571537345
10272682260996921136
96175336922144303081
175675334670449353792098526
319474784331674428304016442
7164212759121
4920898374
9258556337
2244174971780981510521596
770779399308103184777068
48088013066762540174
308438095433705098
997580846001430
90261165267571230
9536994450172177846234589159
634248640223
96947011881
433358339999120993534
911266626325119275181398629
43781034314962
549534816631
424840145933
5052057825755704800
58904166784243117667
491658424447319617139531937
377072829109591780
599345715421110
40150175155813292318363
923900190867609
1400496809933979058
0544106553635075
79104126677090574
55106053650979065905
17801320067879
4057502597997
783722636014632315786472465084
708658357453608807632443
3757278228325729
431931747717398292460588
387905009916
44473800456843470444500
14781368050587750
128826430237
14867002260
138524445760270
693084424193220594759836
64106644973706718
17807099564074246957503248960
361087575745059570640410338388
21595166048790283318123
715642678273
376553394255722614919
6458670478742509086591722987
59809182721668249293516886
7819853130407724565186
35621626904332598
322920125478587
4279510559069028273493
012512082
8000878095426026
95399552560337505276
54254453003618023683713027931
0317318398255341
0760560353687761730158
02068739166573896
815369
30519783154662415
524811875987391282881113
4572787467051105827163820003
6939356354546373094
53635794
7399127862511
6544150915927914030
695413352247978
766570278472
6306203485820252
85337262932308703613
186403799444567893850
57744
11655265581
5427374704909990625981942
787675156639163
853774482911
34576828527627631190
8859276004882
756963599460622147
986853489186267831183214774131
212248365024848551
259161770
003145807
446434967119717499
736558142449
994910075514
294754931409
8413133248506072494195481
41371377601525
36181922126
6867071310535248
191495237157860
0126407047959291417205247
185549869703639
2702445586449612
124807
36770787911072685287441
35232596113679
10886451726418746
9478201190881993509404
30223442135856500346
27720407898581
650521780342060238175
5241933446
055623908012278
5761183176481499294423
9591622068498437
7931167139676542
54627372344320321
414137087265281538
3581393985864561276194518235
00934626327361142
36600
055090775227
275258077
051849872342030
048909131462773396
9981840221670468
219583488249085777251890253
2032783
496008107226569130
0710398153338142794830
50983524668982
6942041417432946935
06175120060504236716206
22662744633188149
43328979347448660
05055917674280360805976
540653
50630792918
9314089758740417726289
47557170304735
80253064
8520113808870040738192
971798530598053442
342962859775
1201927727797964169
6472241927054346
860286685053419841384
7930210114908031866
303865785479731539000
7613598377221
55701427522486
37010458593430215499
4240411375877126330589679687
1384549594985359712810
47528132508628402488
536693626089169
1447683933008866929
682531464633369
73353468955531506
0580106919481698345194
59699671719031949515438
67154
135380546854211122437353
30541228075327223993
47042632093585062
49498731590664
61269493548586
6911135588134205361422669
967104378429217985
5863532
0391868568998566243719
01399518793745
5
36284538161151180541374
94810042639172802
4876833138604546940474025
63066854400482856322
8459582470989953
967541952566056
77654370814963110369329267135
49545028995819810
1387101535921111072969
36562863534838336785666
0598157769152
4390989365244368
773873792196532
050912272430873752059623611216
543349666987982
5375389457845
130311198649705
3397248117617
260093139807457
6539290333926288927
521737455960066258764
866259341873
2299404575867
168421316003225338293767957
945134666648553
1487652331694289065613333656
4169058086215018841526
88215099527392383
6272798485587593
88885965
933515920368568
127103816985822306951528443933
787129904184357980127392480
76773527517594
4128936570
8557
1994622563374147
647185370652
468774831
34433299769027537481012
1342942525734936885
5810686822450123
2337348119068552985521241169
54737412181664810061693
6207035812
36776361806327404855416293
65067896842288
1970572736957
524470278638641
6492385588788308274656088
1512313501923
6041305658391803682
8065381637511794490865
9453914327
75854905593821197
479112095410634
81131163796674549004677737520
923
551679450737744210914
07542280884007068
96878230042846566897
838390071048035325
226690408937990
75029782659030043812957
22997964161031341736836509199
6098115290278
85499849995677265641
328244187931254
25134314368211368390
3920226638118115217719
21660
33621119721056198
117431739041485586513
7242889
04084174415005910
79
18074927680022343058052441809
135632
794041435209435
2346454959551786908708
69018577810
6070804228019872
56486027844028791237557441
030602765075066159226650
682780392534078
033622993579491082283418
362310691312188177540
66880
3440998089929529496381
7859117688293
02185895666021
9014969821201608291942
04088999847850548362566089
963053343089011
20735738387455024
00385258700887262
13571143314516
3600253350040151
508245267534483887
9252187136014709268143650613
2392881122268951903
173991
023792187268047
7630954334131440320097085585
667686656762310664715
12240723196950755
879258472771156056637
74624372394928315873
8868163
04028040562765026825361836796
181650258139159096311605506191
9062092127472897095
47349054121719779030
87186555054593520255
13976971767
825039693073494694553
80551
0673
539376209360388073035859817582
960432699564089408
3279251284122557094943573010
12647941200895804210484999
529069777885
895100747350110
73008909044695366
65962949903072
80965341
337008633736508014667
46480
525833189120586
5802845797107959047408257
65971913331191238850
87193469112376238
55504611029328533
8387369004943
651699707179517608
556288428500127
5234825591042334950886
32844867973463870
9352100324374045
611496037361878417193930
335375972604265839
19521
32740023775680007030
360527350245805253445127
33731631310
41218697154580607662
1815174926368010
4445904621196526409660589
18401040194593086242423695
8233340489938061495770336971
954422870526831821252281835
289471599709
882009561457193555407
1332619336371210528994663758
335866616290997
7957490682447619478
7222315839354051678096
6589833117840874933422
072027190269910615221
2032658
437260694405215415710360498561
256017276991732592633051102635
104151476162835058
2472518822
229243114491535
2834785021006
731358045252662549663
09066674172526879137538
941443010167769483206
9775039132786862243149071
87187713129678442
759600376159018
68925603583489912346889
0180374644151144269004892
34367188263
9006436387698682
703183743811417855
82346190855873518
394427021271694396600
73606755027869
60776107607146303718112
68689185013629591616813
8372130554723175071
077778009
1563112860075841
880804109133752900
0417449423312055613183689
0756982359732453850
495008616514228331
9849003938223097509
508582
96391384512445129982
52318575604119174949788
73633894118
81529191149507428919
7812015864334206
341895946894394132653902
068612962891766388003
477451246392393709
8290541836882688147
7233738162631385916
2528750072386425305714379369
0904461502
5367176219977489089143197
3839097986877087087
783140728228578276931981
0228624616979754665770515
085887432
37548888025758568161860318326
075216977636893
99507147923415814216238
419740199500629187691565
0776799344821815
669903983513554098743510
108950645
0545111066046059955420136
28189550834401656872633428
37148288550276139
257250
2064553051861109375819
906213
509351744082328013441
83205128639108104694315812199
715445517535097544
93084
0917818148360030066443
21967036252675910
11994719783509529622676645208
1121360300610836193813
738816504392631156229012
1819049718731450560780427
713507866638246453374
294520478284558907
235713737630356640972983265036
336498571630899175352776614773
081280883117071611
6123360904839669346332056
59032586351690158379009
1306639003317542029963205
08491685048372800276
761629546024085857882497
790404028564758227
011073143218851585393
899894730180263040614132
94548612219397851128
906812769192795903332711197113
127490576678091584
25137238429830
09103977865202373266407
293646
5320104311482618511311047117
3342291610
196131794930491578
01746779291209051381501
9639937711975695437109
739691773733655921876048258
5686792660476921084
6227289364362595046492
193523469340199823180016
683035332045518872537115
964359165747459555763608794
673969
4562438974229
98608208866082028455
43034935579212626323906
80331835922304815436186840
814794080390159193406557
8
35
4926072388377
126579350447313394482135682224
0970588343209292539
294150983370118343
41233464716269158560
35703372573091534229252762293
51369241066410968914563
9376068581
764324330078931120
97966922784139848961594563805
1431057809116600742808518237
10242134
54223133084594933278955
778853274020705156
734758919626980910370594
76947505
3744117752216
7537212698189717650
653300494956219420914
279180259499205590
7515665949148756275
143975225256196979494
945412687
825120996428833836192466
389974765511647537576
7987243773
759043704719285977725277
857516175
03218800260
627702354186502499258
1260953768287770597579677
64595705763
783539049387746056075208202
820285692863185923
155379212884
680326682782588966
5624389
488965249688553591
810673417577937120
591585192143951222
23452243644514889180352201
91009335522107561
4114
629880571296249
767748915115048411504166343
79262341603908558595824
2561444737399612548
704
7176100792092262379330033
726169164535862701409412708
075259315651593179196435
701613385528926110791512
9351987295680
997098168374321026316
0353974734782217674148669718
07240360827482829930252485
31859353029968225841740
8537539896001403809689500
92184041430804979627028
367842355395061632
210469154538719651296648897682
026780341573242712
269555181655757683904
9491994090021153548195989711
862379301514946669091
9165164883564640445113
33174314116439638006
429
850840227559941277164
52596555531148305275
1908312755268399
7543901112857829127888149
33886912690463965
634499898
38862730
26023081325977689065504674
5200897030503
3938921735947438
102203112211961165473
57049293155427
4405325846135263729744
9966253334637709
3214015623664970522427
164840450844097209106793884
097
975824098600107518626077
8110413628124908252235062
8156628925
9389224882764261215
7311402779841826020
5204155405951281
078221647005199933523842
7716615476660928613279
9747849222760933027583260718
65939419785181431012
951123694807190722365098
8117
139728998092257359246809503
48691401656797592861
704344357991459378214
804710070889281796
36396167891534935337415772
39942167625798686866188201989
1293594154037439981341242738
451439228011614
774641464239865
262582451947699726074
1097
05589542968855048639
96892205
1718696107395376060753070
1550677865248265933051665
16018613513299149106842866692
77899
99123114960390291681433908
5325295387162592536017516
331955296128187691253098
719414360720172356
75543571438084189520148107759
067409697023647374633617
7492657803951356180431
1765575
397392658131115641917
8764070543122023672
68551981031050585676016301
6777469958352453
60689236603314
0651376617592053
402920766813221204925506
031271776
3329242750065493
1324002441176433820587288
7189935258427751
9047372537772917399280732
349561688367336634976792540
53498268279215
7135399462149053620150
1406890647367445
312492760083076091
62565783410605327035340
610732112654737338181
447250793014451174397561
98370974517148207205
75583827890859320413031
1409414512119249
7270881870344637801289
7311737022205454178906451045
828927004163540842040776445
167679410
693438
533961896317473953697557
054005143503377990314585
115
4611343591162895615
8367429064028637
9179128050809122478863695974
367093292069280745118962043642
970854365634977270659301470
23678104648500154544560
449170647022720133780951
114176374607477
95
7699672101074987411647
23806326825
124080074891437793
3722871552672422762
24781530274164246506560277140
98739014635287554
3252848484133313586400
524234640362
196708816290393785
439119322667482095950991114892

