Patron Solver
Found Words       : 1126
Comparisons       : 37655595
Failed comparisons: 35647468
Checked cells     : 18905861

Execution ticks   : 1197
Execution time    : 1.197
This words have been found:
0834
8457
61790
6930
0511
2302
814
9879
8005
6582
1891
9315
776
8529
9739
7280
88974
45720
9924
2466
001
8711
06570
607
7835
03880
3762
70088
258
1890
606
8465
3272
122
3054
381
283
1746
6183
4150
0853
7793
34175
822
840
7396
0271
744
09756
5000
2639
159
502
6671
57757
1156
90872
143
187
0130
45760
244
2313
6287
049
5709
267
35643
7181
2311
1524
827
14051
288
58673
73071
898
387
925
27803
726
931
644
0106
4501
33999
9491
11603
681
91850
6868
454
638
97786
327
03567
59300
919
7964
781
146
81181
320
5955
4645
7923
4757
6870
83650
1031
7336
823
52945
9291
5396
9751
963
65075
373
3726
702
5087
0374
018
12228
8656
1840
15592
31778
3893
16816
8402
508
063
3576
24116
6227
2779
8857
590
42876
427
4000
8697
9814
582
4288
56817
16942
5920
25876
59600
6521
2291
39529
84
94993
8441
96939
883
5281
0715
13708
83772
1359
2498
826
11605
485
193
00931
497
7043
67416
9717
5996
523
4201
410
695
770
8073
0187
965
9136
44902
35375
17592
8770
567
6180
885
73792
2474
0664
217
49772
9095
334
1301
25
15576
865
60
12166
97085
51413
8912
398
1642
322
955
77
31
0282
32935
2642
581
481
97401
200
13
673
995
3172
3140
222
790
4352
62148
593
010
803
9356
4367
797
28
93
753
6618
560
632
69
73280
061
8647
629
5254
03054
12905
484
3398
97
2540
098
715
6735
540
9251
5221
335
05
471
66259
4562
754
8424
24130
048
772
5026
287
94008
531
2507
32
470
8990
4480
2130
48
984
4650
113
6844
221
2178
14592
023
7374
904
81
77744
85440
54660
7249
913
708
5077
65650
555
69580
930
982
7827
872
243
6788
33
91
6631
7526
630
1325
658
152
8568
964
641
137
98621
2329
980
7957
66
29
2616
030
946
7229
53383
0489
53890
04769
2734
442
090
6763
482
03060
7617
15962
4813
333
0752
95809
1691
2495
530
94112
0404
5181
799
6535
956
9226
59041
5371
26116
3298
46962
0
740
319
983
697
45219
415
9973
1338
198
5314
92915
0538
2204
2635
361
38293
356
693
006
82
80
8189
10
5049
6707
70
09
1312
5451
1780
0613
3207
912
436
47667
52
445
35
49
779
75
96269
1198
3887
72
38
50
6426
5233
79
33506
153
05497
938
8742
86
619
18
16005
62
54
145
4914
889
4019
148
174
025
61
5660
76986
9292
962
646
6081
55802
44
2951
23
400
95292
5395
592
177
7070
6558
90
9554
170
282
9004
561
6496
723
1071
4717
0172
9355
480
26
3015
0523
447
711
0032
05391
45
5441
76766
4089
4
58992
43578
36709
14924
536
03536
661
06
58
7
88
36007
8515
8078
3689
4074
6
7421
30614
095
0566
8106
15938
422
6305
409
874
150
994
15
5419
092
829
831
343
8376
81393
0493
3650
588
628
4466
6068
406
89
11488
848
900
32544
053
731
32309
572
043
144
51
953
3132
9987
8
49843
13659
33381
20
00
42058
3580
41704
01
67
96171
563
350
83531
5
1414
03
1361
9326
27
7840
06572
586
2
1771
6301
3
99
855
52836
98682
59
434
7282
301
11617
53
094
401
19885
672
998
26275
331
5097
0628
065
052
8593
6442
77636
8700
24320
96
7367
251
59519
794
9000
3933
66287
622
021
16
2907
949
09508
2914
8249
421
36
364
268
9904
717
4129
12683
505
0103
1
7381
10677
315
354
1774
197
38004
637
737
058
05176
056
8623
932
4687
564
9560
230
58786
8474
49888
3635
660
12
682
72304
548
4026
384
60017
2206
35859
7198
905
49276
17497
742
85957
76
24489
19
0108
519
5482
758
5727
24
8157
6455
57
6706
093
94
462
92128
6874
7085
844
44475
5697
800
908
431
8677
08
234
23195
53448
4029
8059
62958
37
229
014
60749
5218
918
6013
6045
858
4099
4463
41
3007
07
7634
667
4055
63
106
1458
668
4530
9999
3046
6673
228
0532
97570
83
659
64332
71
98
57591
102
4713
887
856
6450
479
7864
967
5909
763
6502
249
5638
9512
890
8413
44780
413
0872
377
23993
6088
391
1185
491
5439
34811
841
3382
55
99445
549
929
24091
17607
417
6072
78
6242
246
2391
60163
21
1118
49480
9833
39
133
0626
8390
56
666
04
8002
688
786
414
5408
0593
927
5411
103
64
24371
521
07730
773
73
4948
312
111
51640
8908
694
5055
2609
5467
5385
64159
42
544
764
4259
4365
215
11
513
7028
896
4378
000
02
348
916
656
4280
846
3683
760
326
589
05347
196
81031
807
9
14959
40
06907
402
1988
3014
5609
880
027
748
8854
989
2976
467
4064
34
70444
792
8710
2244
809
960
54254
9166
5491
86579
34471
32295
297
6270
46508
81269
66209
8278
2757
0800
6597
805
43
17492
6482
8084
9985
1778
227
969
903
74456
53076
132
2570
395
543
0436
069
055
328
511
5782
9810
359
558
30
0751
8838
67540
469
8490
28597
49904
7986
60943
294
4898
091
9099
75224
9039
034
68
366
2636
472
65
85
478
419
087
17
992
793
262
175
14
6149
5315
430
23995
759
873
18254
316
1353
26185
4723
812
860
302
38178
74
48213
976
202
044
324
3522
95
1773
5391
028
8153
2195
264
3548
4396
60144
675
17190
2230
2040
833
171
21429
214
8836
8881
9268
756
311
67727
01264
71807
83713
920
86792
25475
8835
223
439
1199
98315
42486
649
4380
47
060
96086
241
72494
5423
526
77193
6792
6949
40334
68504
16446
734
5052
336
31444
9945
0802
79258
257
909
7733
4516
372
631
2514
0970
551
95916
2993
220
785
556
3485
236
8207
645
88531
866
2894
67047
3869
22617
375
604
825
4204
5750
3509
529
161
089
7267
9341
5816
6003
13808
766
570
62438
7376
4556
1086
22
201
008
416
0040
74041
91660
408
81714
2723
299
5479
466
663
2325
370
8866
212
7287
21084
54356
741
92
04828
769
942
2676
22643
968
019
306
7169
346
68348
286
3194
5715
689
9966
446
0192
533
598
154
839
8774
7428
03608
746
76531
404
9367
9433
585
11014
305
0088
486
9298
36177
5225
87
901
93053
024
804
4519
94922
541
591
1168
3062
8440
941
4538
7402
026
054
48768
705
0302
0299
46
3224

