Patron Solver
Found Words       : 1126
Comparisons       : 473945
Failed comparisons: 412796
Checked cells     : 489192

Execution ticks   : 531772
Execution time    : 531.772
This words have been found:
59300
97786
9356
68348
00931
49843
83650
32295
6671
03567
39529
38178
7864
73280
15962
6305
03880
75224
8157
35643
15592
15576
67047
4480
85440
8376
7526
73792
45760
1338
81181
91850
7733
6844
6673
45720
7835
6597
88974
9136
6930
9810
81269
4813
4723
2204
2206
227
36007
03536
03608
0374
05391
16005
0834
03054
81393
8990
09756
06570
3054
4352
4380
49888
24320
2495
27803
8249
66287
33999
3398
305
11014
33381
13659
17607
97401
9251
5221
1524
918
16942
1691
17592
14592
8529
833
57591
54356
15938
159
1458
1359
1353
31444
630
6707
6706
12683
33506
153
11603
6535
88531
384
38293
1642
113
1156
11488
1988
193
95809
963
70444
0752
480
49480
470
24130
2540
2570
0715
13708
170
73071
21084
7287
70088
708
1031
103
1071
16816
1780
1774
1778
6301
1771
2723
81714
6870
673
8838
883
785
46508
59600
5660
5441
54660
0523
58992
122
1198
38004
197
198
196
19
2757
2779
4645
4757
2609
5467
42876
2642
8465
11605
485
445
7827
872
8457
387
3869
324
556
3485
348
356
4074
3689
3635
36177
243
24116
823
09
70
5097
0628
8593
5077
05347
589
9924
570
57757
25876
5920
2391
898
51640
8908
0032
711
111
890
9512
8402
2639
8770
14959
9
839
8774
980
2329
84
904
26116
5371
6949
5281
81
502
1199
439
09508
540
6502
6426
740
925
319
19885
401
4000
2914
91660
74041
408
4201
4288
0751
30
320
3272
27
2507
32
3132
31778
4650
984
705
0302
0103
8073
0187
027
880
6072
607
0436
681
885
0853
5087
508
50
5727
24
143
56817
770
5816
9341
48
2130
581
481
58673
586
44475
7085
6874
844
9879
230
58786
8474
8005
5697
800
8084
9985
3522
1773
95
80
873
18254
316
874
370
1891
52836
855
858
505
8854
887
5055
694
88
8515
9987
8
585
91
8078
06572
7840
327
5396
2244
53
283
5996
018
15
7964
57
776
83531
350
4280
86579
34471
9166
5491
34
543
395
0172
258
236
402
25
0271
07
588
5254
12905
31
0282
9814
7181
916
656
7396
96
77636
8700
268
2474
5411
9973
521
07730
00
20
0404
5181
799
5451
1312
551
9292
76986
93
28
45
0130
472
695
7421
606
421
287
5026
638
454
590
1746
12228
8656
94112
530
42
056
8857
949
9560
564
6521
214
5955
406
6068
4717
404
76531
723
12166
60
591
1168
3062
6180
567
8440
94008
531
251
7367
96269
746
965
146
2291
89
52
1
030
2616
53383
5
1361
9326
74
48213
976
90
006
693
7280
803
010
014
37
346
7169
2311
229
087
419
77
956
519
41704
220
2993
42058
3580
01
35375
741
29
9945
6868
62
54
6792
77193
18
742
415
45219
17190
675
02
000
282
343
049
144
953
51
744
49
48768
054
05
8711
001
66259
471
398
3172
8390
0626
133
417
6287
65
85
171
377
413
0872
69
36709
43578
14924
7402
026
58
7
35
0088
6558
177
7070
05497
561
6496
9004
938
359
558
96939
4562
754
8424
688
03
1414
592
23
400
95292
5395
2951
44
286
152
658
3194
0511
71
64332
2734
090
6763
442
023
221
2178
17
2
9095
334
39
9833
150
994
145
526
5423
809
644
05176
3650
0493
3014
5609
4089
4
5000
593
9315
35859
905
7198
0800
61790
60017
2466
22617
604
375
964
4365
215
6045
6013
794
9000
3933
560
6618
60749
497
8441
94993
646
962
061
8647
629
83713
71807
4150
0593
5408
414
786
4129
9904
717
82
306
154
822
0
462
92128
7249
913
3015
21429
14051
827
6242
55802
6081
044
202
4516
372
5782
328
511
555
65650
8866
212
0040
416
008
40
955
3
5419
682
024
804
4519
427
04769
53890
0489
61
025
9966
59
434
8002
04
666
06
661
4026
23993
1185
6088
391
052
065
467
4064
9355
47
060
0664
846
6
1840
56
98
1118
21
60163
848
68
7043
67416
366
12
660
484
24371
64
8207
645
81031
807
6455
175
14
98621
137
641
99445
55
42486
649
479
6450
99
058
737
24489
85957
76
995
6270
3046
9999
094
228
94
093
4538
941
0106
4501
0802
187
7229
946
6582
5709
10677
315
548
72304
960
54254
410
0108
5218
840
01264
65075
373
631
2514
0970
30614
095
829
092
563
96171
3207
0613
055
069
7374
06907
619
86
62148
790
3140
222
8059
62958
53448
4029
4556
7376
62438
6482
805
17492
43
174
148
69580
930
60943
294
4378
60144
4396
779
75
478
102
4713
78
731
16446
5052
734
49904
7986
797
019
968
5909
967
697
983
98315
98682
931
97
34175
9739
9717
482
03060
7617
726
6631
7267
26
26185
25475
86792
267
942
22643
2676
572
043
2636
49772
217
3726
702
257
909
79258
063
7336
422
409
544
4259
764
2498
826
32309
3683
326
760
7793
763
7634
44780
8413
6788
33
333
336
26275
998
331
672
3762
36
23195
234
2635
361
364
64159
5385
6149
6442
4055
63
667
632
637
6227
67
753
72494
96086
241
23995
759
66
7957
982
3576
95916
6735
715
098
8697
912
919
7381
9751
4687
8623
932
04828
769
92
8742
354
8153
2195
264
3548
3887
72
38
3893
46962
3298
97085
51413
8912
900
32544
5479
299
491
5439
297
288
8490
469
67540
28597
2325
793
262
992
1301
486
9298
8710
792
5225
901
87
93053
7923
6183
533
598
446
0192
825
856
8568
1325
812
814
8835
223
0566
8106
865
302
860
929
549
24091
47667
436
246
244
311
67727
4463
41
3007
628
4466
447
908
08
431
8677
7428
889
4914
989
2976
2907
5638
249
4367
2313
312
322
46
3224
622
021
16
200
13
132
091
4898
866
2894
10
5049
8189
7028
896
90872
034
9039
161
089
927
920
9554
74456
53076
969
903
758
5482
529
52945
523
79
5233
32935
34811
841
3382
335
9099
541
94922
44902
68504
40334
466
663
4099
17497
49276
2230
2040
0299
9491
053
97570
83
659
0532
582
11
513
5314
5315
430
381
4204
5750
3509
2302
9291
0538
92915
536
028
5391
59519
4019
668
4530
59041
9226
9433
9367
748
772
048
77744
4948
73
773
781
831
83772
1890
22
201
1086
106
8278
66209
5715
689
13808
6003
766
76766
11617
301
7282
756
8836
9268
8881

