Patron Solver
Found Words       : 985
Comparisons       : 30671076
Failed comparisons: 27295019
Checked cells     : 27008456

Execution ticks   : 757674
Execution time    : 0.757674
This words have been found:
07240360827482829930252485
210469154538719651296648897682
0353974734782217674148669718
367842355395061632
31859353029968225841740
22662744633188149
1121360300610836193813
600315964942884323738
34433299769027537481012
26341299170313278226
1688332044021411868630
79262341603908558595824
767748915115048411504166343
23452243644514889180352201
319474784331674428304016442
8641143401754997
63441011076694
627702354186502499258
825120996428833836192466
759043704719285977725277
3616858498108660776717352100
394427021271694396600
279180259499205590
5645304130583858876896
3284504791208941561201
48676533372819817949258946
376276449551780565347
4664462043329985068174812
06450636060224081310334970152
5275582199224653591889087
5167431865583187562192
1431057809116600742808518237
97966922784139848961594563805
726169164535862701409412708
3279251284122557094943573010
41233464716269158560
613254028079
126579350447313394482135682224
6174575965776672
700437593677903119
964359165747459555763608794
54223133084594933278955
80331835922304815436186840
683035332045518872537115
193523469340199823180016
9639937711975695437109
9154681119093315489470227
5463453442344822902558943752
498680865532582980882436145
94548612219397851128
17634491523283
35703372573091534229252762293
011073143218851585393
51369241066410968914563
7176100792092262379330033
1306639003317542029963205
59032586351690158379009
5052057825755704800
956148748423282792957686
336498571630899175352776614773
5234825591042334950886
43328979347448660
509351744082328013441
294150983370118343
43034935579212626323906
31135356200510718157192998
669903983513554098743510
50500048044077618816168852
8065381637511794490865
36826301246878749981
0228624616979754665770515
05914466109220246
814794080390159193406557
136568324451842750819
9518809876076786939835820244
2528750072386425305714379369
853774482911
127312712017620653797849302239
0756982359732453850
41831937905069354334090
336690735939158938171
1563112860075841
362989103996020965111770943323
70254167805027211336850
941443010167769483206
1819049718731450560780427
1260953768287770597579677
985676158718669426707
0917818148360030066443
703183743811417855
457542999937135591
604776078365192503
0545111066046059955420136
256017276991732592633051102635
37148288550276139
09066674172526879137538
2781177089203738
7957490682447619478
882009561457193555407
32740023775680007030
13571143314516
8290541836882688147
568215387488682059574
4390989365244368
766527826399694684964499
5367176219977489089143197
954422870526831821252281835
2346454959551786908708
814009231691
56098401
509960592767779
608118900818
366373853383
6472241927054346
77106007990407
765312
663
47042632093585062
13976971767
055090775227
1316462457121664003
94502566567623802399687
115
5559433
80929832228845
8749531494
389974765511647537576
295359871516
882784745
68
896640141549401
967104378429217985
6686386106645038365
61269493548586
99507147923415814216238
6094219015
975312461787267
84231320
4347490
27522044905387636662092653141
002951187
3982725862
788288697856
20524554298931477954752413
293646
8520113808870040738192
02185895666021
9252187136014709268143650613
74059223840401519
3261161001
96892205
1068261590368987
41888298510
524234640362
03218800260
9140658878070142037629585
6736259208
40444479311094298111
973296
73365296
860749371836129059852056103532
5887688413361014723
2474621243458539327
34694045781168569
72
5656565037499044909
576618323
99594029
76773527517594
085887432
24564091504830329032
2317663114519401
5811617688260
8737107716161
37010458593430215499
495681
7269375
374905
94810042639172802
97353447162
2299404575867
1806184
9352100324374045
457333054136585904195
353228160
9938
0913931910972124
7571075947
22066644509376082777
416942
5263869
21134219453152
8062918808574575925533
13423497
6306203485820252
64595705763
442128568272
56234162863210
69879
46538952356139
9195865824
84713048955
24667378906610747
3437587863963544
8459582470989953
63066854400482856322
4409005786
705329931576618570112745569
3135758046048
7572732498889529
17
820285692863185923
408398725758162240
7613598377221
0503072392
7931167139676542
0664975703494123851580473
36284538161151180541374
10546897786992224814093
7106194690574045704943
970854365634977270659301470
9959688661
2244174971780981510521596
3600787
03865685
84906482557052680845653
41371377601525
976959513382680560950759552966
11852928597
8857272
427322448940507583254499883196
4824542115805497586
950496
80141374311
8823426
60720
72363012
2032658
4
073046926
01
569098947004
6242929419820
28189550834401656872633428
750197076625516196
172044541286563095080345765
62983010201906674705050
458257840877404
9101116653430841698621
6070804228019872
362484089
96693
4398348935515470
512686837
7852034556
65962949903072
202107542
642849506
72127515542180
44272977
986259
79225754
32929925012418268
354543364169648873046
3971
963053343089011
9292864801774579627104019
673969
8566455
34
07542280884007068
634248640223
69018577810
0628120148641594242822622303
81655040486131899670343762
7894489488
384508970602608672573434712
233443203266
59559502
424840145933
97760
1472409
36181922126
2660424254
474
130311198649705
7323781698
2142940
08687119
87
29823227232713
0544106553635075
29356
4057502597997
05162256336892918605008886773
6935473238
1088965
466287800762203993262774210192
26280358367095938241870
8785296416
114176374607477
98865
975632807744687100271123264
8601636782880
16
027198698990
35289146247031
5726480074503954434794
495540875314697400968
7164212759121
126963737
84512356637179
7684409
3920226638118115217719
645976730
2064553051861109375819
0651376617592053
2120
0248678
1332619336371210528994663758
8372130554723175071
92351067705994
1790618
290
03258873860017059220
419740199500629187691565
975115
905
69603596901793
7165
360527350245805253445127
5856244161265602815430
3228921065653980184
773873792196532
88181896
911266626325119275181398629
433358339999120993534
82346190855873518
8538594578317780783014
97315775709894966714398
814646075
168370
066010665822881
68551981031050585676016301
66198851492435
540653
539376209360388073035859817582
88079845990142
9570
294754931409
3725530513914035736149597
6425912511
779182579213
5995
18783746
895
5863532
983830575879712
052
95924905494
2002624
38436225796150277900
8822
0717773
85914062855186437423227
4327330542
71265062162931029
622903416
49
36600
54042106
97979040
9314089758740417726289
55896295128118
584787877085
5
4098517153
5548031289898784668414
7112
1147178526
130238898487445669706186324621
57
234843
8760989801
47
7535473
70172167954
825268
8526397750000
3342291610
94
00385258700887262
488573153554
80253064
4496947088660880816940934617
74647921433
22997964161031341736836509199
85499849995677265641
8
60003613650921472048431139
90099434917
21826092829514741
804
2566322
964867998255
217434896269
293
435
072027190269910615221
5365
676766052361755537
25137238429830
588
558546
108950645
36776361806327404855416293
7515665949148756275
23
40995945840515962582399535086
0101732821522
373977577557
087861
37
62565783410605327035340
27630581912361079
1966
9326696462452082508275884259
9631266661813527232
7096511856551962338217628011
118026539
9389224882764261215
84527609241746940351139
00
8013258251
4049
73788139330578486433
7930210114908031866
65249
522121787
246198987003196506
07
1863
21595166048790283318123
64853468
53
2889
33378
335438885
9
260093139807457
385
9376068581
7568702835
09103977865202373266407
1
54
24
3321828
41565948028451930216541
770
16323092629072631725024995
44473800456843470444500
86273410831918713
059056816816
842
107267033232215
11994719783509529622676645208
181650258139159096311605506191
2323
855253264197444
854917791529740447676
5320104311482618511311047117
1606129782368444
43781034314962
319052927926822
14320
17801320067879
67058120
03046598506479720736
98608208866082028455
3989926
519896
525833189120586
17984826333560722741551
0760560353687761730158
84418442628137395297155516740
880736231
8919
247422314890955394209053295
034893
00850952160480324352
950720728922852
6539290333926288927
0
155379212884
7
6
0136
76857
47528132508628402488
05857
22
341255839
26433661
8196
3440998089929529496381
30541228075327223993
21596
23022734517001159896245168781
31
333506
09320711213033369499335666
79493456469163558
5862
8398046504979392729
618881858045801122794
30765978641700115230
52066935800
3513
303865785479731539000
997580846001430
2406
57744
59200889514
4055053236675283630157200
361436784814205834
0488
8293429414651707
843808083
9680
02291
923900190867609
759005599810889
031931150548593180
68689185013629591616813
4818
24934554
202
58
15677
5624389
59547933980117773312001
7149
4732462061884
6457
923
36
640954579405213516
88885965
3757278228325729
4114
4907781068677982335
127103816985822306951528443933
284568
87187713129678442
73633894118
360883176455469620630
81354
1618
715445517535097544
173781057246463
904
6706
73606755027869
609
28590867916
5576
3329242750065493
3837633218319152
0028834643054683485993
40
1097
0136919771091585
53976927261
67154
46480
9523652473734
8533139
75942882574733
50983524668982
90775241
25000
538
04028040562765026825361836796
615374184129114054
8459
449113616682432094194
5177
2435782430025848213
95169526410
900091
12472223297653911760
8868163
001399444089650006808
1405169204767720152485593
59699671719031949515438
11
1538
00169904026177183149739
5157426
86332309
222520101
300432448315945409
07026977723293
979445033892716013546242282151
2
4813786763
1158637609462454366119314
200062815395582
782215
92850421144693656079392
198438110143844630
713
6887337082827447527906415
213909
2016639364269679
57036700887
83426736177932685885543561869
2665749102091823503
0919527588676356384929148
7851558
770779399308103184777068
6628
88
5439353047778667523195427824
508070023217703
1387101535921111072969
408471675407648989087
0904461502
06078706
508582
764064315
531061
3472
804710070889281796
28
5802845797107959047408257
478575513096
71086059983
077778009
4832916600773
44487
4988900231926
524470278638641
754664447526275924579685
969657801877708944
1333133660305422463
05055917674280360805976
46333686563358
81571459277716967071
219537
98729232797464118598
4525324346981
21967036252675910
989118328905229722
1760
9580197805391258507770809246
810673417577937120
92184041430804979627028
18249731925328263546608
9945080255
3794008444360534
363744650
152565971
3597774427264233697
44138
7255230378
2777193267986515332399148589
22889125711394757155587
45629167730717867544658
7069150534
815369
5887
190367420618
10
13564315267082757094
0391868568998566243719
864957
288625333
538357998768673548468525484
9775039132786862243149071
783722636014632315786472465084
586595403501
024895
3230946459553654081956618
66769270009272272
906213
86532190262514167602584
591585192143951222
644258899912377744667827117
906812769192795903332711197113
949732802080988579424
43534129048253
59809182721668249293516886
6458670478742509086591722987
376553394255722614919
60822779771208724268066417
3338484860642562702305
280037
5959300348945
135380546854211122437353
51640236357070
08658191545264240
14833872878
496
77235581
8957266029
1489014750879965677856523
760273118562244355701346839
7333966315566
634499898
6527653514805
6166149866299613173
8509322846020
30591773
61538408198809270
5769985787397
14781368050587750
73855234412368125196265285
736558142449
46991
475840647729187
168421316003225338293767957
033622993579491082283418
1400496809933979058
45359609566121491381788835608
381821441924432374852178
5439147359
65939419785181431012
4272025652199
6259627
4169058086215018841526
0126407047959291417205247
54254453003618023683713027931
1201927727797964169
35232596113679
16443362215
203567095
920324009969672547
08245449889806910810914492
23702678836809946304941640
2215
2248155865865371155762713
408297023
31484694796872623756236
55415700530213
46040709035830
0759873629
509509333
1067
428255971403
650521780342060238175
641281747089562
48088013066762540174
653300494956219420914
57282523132
18401040194593086242423695
219583488249085777251890253
62381121653
292913504325899819
3839097986877087087
39592754117553047948710
89151747877
790317896699443251941933346
783539049387746056075208202
188832339
671851352221766677
8413133248506072494195481
25134314368211368390
637189929604
662148752570
268142962812
81161524458
6041305658391803682
33361268
5982495190124333013031
82747756706344538133804729
9474001141
201696946814
3042740264191
46770162420114
57049293155427
335375972604265839
0907
2154994865137910137349
44418629341228
1165354673181696161980
7935995604572344390
369034951325699
77704890570
3046744043804
8233340489938061495770336971
6988401831812918
18074927680022343058052441809
4103
072817147505602419974400690745
019823447822464
205425480395609035849
81529191149507428919
48885454772976448018642
2971788271
833381112676345
540575910754
5074919086718
73263853951
521737455960066258764
8996690520140
9536994450172177846234589159
310196046015462
1386163341585951941
47862099552359961
7543901112857829127888149
377072829109591780
491658424447319617139531937
702535644527649522707518
05935254041552
3890419835328943
1447683933008866929
367419609157159
030602765075066159226650
682780392534078
508245267534483887
0417449423312055613183689
880804109133752900
4279510559069028273493
7537212698189717650
128826430237
08491685048372800276
55106053650979065905
629880571296249
65540543
5241933446
756963599460622147
9755775203326456177446991
055536129800
98435826246866164
9591622068498437
414137087265281538
879258472771156056637
74624372394928315873
85337262932308703613
205855880179609214812
871117704375602460656
4334281823278912
185549869703639
2139920151
124275842876590354
17051071397013999
399367659625182
048909131462773396
06175120060504236716206
6942041417432946935
54737412181664810061693
2337348119068552985521241169
9258556337
686032
864223485756450773
21268763480071590030
87193469112376238
994910075514
1765575
298331299797
314632438696830070
298
001454422800720696070779731130
713507866638246453374
351917916690714414333
6544150915927914030
5686792660476921084
4113464
89006619036966724091
6502375521138214650430412
7513122041539243090
36770787911072685287441
2702445586449612
259161770
233574129499524
15673537544902389136
960432699564089408
5898772607456756127679720369
3819004792374766702
1040472439652766414630567
264388072796
32237011744084059
100326220150492935628784
967541952566056
468774831
640428879384396
7067840564098940520
44931348475717726
4876833138604546940474025
40150175155813292318363
1059553332649489
0180374644151144269004892
9291466529454521900419540
395275719833995
7692151121917380746659770
517539952442250
143975225256196979494
9153609
574309243061986
79104126677090574
740661127545165
834896939189794085482099975792
08008429
94121223500217326
85200065707278647928301600365
1487652331694289065613333656
6123360904839669346332056
611496037361878417193930
1293594154037439981341242738
630892266636
115638930267317780626771
89765315329836379869716
15087421653702302300571537345
96391384512445129982
204718750278960396731
17807099564074246957503248960
361087575745059570640410338388
0785883671829858954
180022036
7909914624875224689945456166
8465606947214144017308242189
81222897042836873
529069777885
783140728228578276931981
01746779291209051381501
971798530598053442
335866616290997
43155979375
4277280586368918254
551679450737744210914
81131163796674549004677737520
196708816290393785
3252848484133313586400
012512082
07158289924584
754181380386746
866259341873
54376761495048737
9179128050809122478863695974
56486027844028791237557441
98308960714968883080
07486723063421
3744117752216
98906489999650126
0656862716558582160220114
6589833117840874933422
3
27102040792
649952394454150213
33621119721056198
7829727842800302672859702
706621425
79228966581831
9006436387698682
30519783154662415
2968800555104
8885318667420787
5720764932484176666
68308628173082
667686656762310664715
489518166941129580994
7572883846888
70886587762242940888769
899894730180263040614132
52318575604119174949788
9849003938223097509
524811875987391282881113
4572787467051105827163820003
412767185756484327742
9981840221670468
693084424193220594759836
138524445760270
95399552560337505276
12882786772757
87923826786253
423125737659801101
670039390028847411062595113588
60689236603314
701613385528926110791512
997098168374321026316
671726836131212704921
877398912088984109598880160
391356070761369142000193343703

