Patron Solver
Found Words       : 3984
Comparisons       : 860799
Failed comparisons: 748595
Checked cells     : 897632

Execution ticks   : 47332
Execution time    : 47.332
This words have been found:
79903
99007
07986
11265
01122
13708
03184
86013
94123
57613
94008
00678
03375
44652
44356
39481
60398
73598
88993
58992
00385
12431
67156
06755
64753
24371
6633
7229
7235
3398
50429
11425
85927
03392
1120
41096
83772
12356
18592
08621
76044
03352
8990
08819
9017
90349
15576
9904
38856
34490
12007
00363
06588
83229
6003
36667
26082
3307
3370
58133
03534
03788
5599
02379
9810
90389
0297
06907
01984
0943
74129
24390
69342
02784
03880
8837
99426
2499
98315
9831
6599
65108
6304
22760
03627
00164
8866
9964
9356
46299
3983
35731
38293
93799
73228
75891
68956
26185
25792
9908
0433
00344
00297
33652
44355
35572
3570
3573
17592
3194
34175
84711
4406
44117
40655
1097
79291
70369
37553
36709
3670
5679
59263
5697
11971
11775
11617
11603
36503
36007
3820
25601
25660
5114
5118
57311
5731
5711
57180
01264
02468
0165
60155
72246
72560
7268
7645
75224
7526
7653
6752
6675
1584
22617
8137
6038
1005
6831
13338
49480
46
73238
7377
758
18317
731
0342
92
97401
7447
5791
7847
7864
9292
92537
7923
928
7305
66259
9849
587
294
2329
31444
2335
2359
344
67230
2425
680
2482
245
95916
24489
16478
247
2158
46626
32382
4841
6023
6790
335
828
75818
33735
330
9480
333
334
3523
3897
2919
82512
38232
19987
79342
93284
8002
9324
249
505
9337
33
4492
9382
05553
9739
9737
9488
9352
9397
9751
93480
22
1746
93084
146
93340
95252
34
58786
95976
15
9559
621
767
3933
4204
5598
8881
2325
7620
5055
2553
762
4758
24465
34616
46304
7263
5339
723
6861
0514
7429
73472
7331
095
679
07864
2633
83
6763
61790
6729
8253
6746
6368
6394
6326
604
71807
632
54836
9226
04769
69098
6909
1561
238
6989
59769
6988
0154
174
6242
33381
0152
626
35643
62891
64332
6476
97849
3596
642
264
2453
367
9095
070
17988
3632
63
362
4500
173
3643
364
6310
37949
41
347
43113
303
3410
523
39243
3437
7316
9819
3272
34782
37782
327
40334
531
3298
192
538
3288
11528
634
7367
7396
9428
7390
739
7329
20179
732
27361
7074
2751
707
25120
7052
610
701
7047
82218
48768
70
3539
118
92200
79249
7964
7937
7934
793
555
79028
0715
2977
83011
02059
0279
1231
0278
027
94141
0512
2769
0527
97197
05380
421
62868
014
012
558
0108
01034
85693
015
0493
097
2978
0434
7418
5137
7374
8153
04719
1278
26955
04019
66135
3629
6502
3642
04910
322
049
2074
5421
176
207
22272
41801
04226
3385
7428
204
272
2782
7043
27595
6369
27
1569
88519
286
3924
2021
283
251
3253
32
821
2507
34880
2508
43
5087
2590
8634
2147
61233
1678
212
34573
397
9396
9136
5099
2109
10922
2154
44377
0184
72019
7287
725
782
53890
5181
7515
7502
75752
753
5309
2827
7504
750
300
18
7590
8710
9725
114
3569
2580
4598
3046
9788
4288
997
784
994
349
235
99618
3690
6904
631
324
712
209
12519
2514
99595
99
5994
9853
0719
988
56817
059
6238
25876
0640
986
182
8351
983
79727
81393
614
223
3172
27812
5074
0436
6569
3285
703
08357
71466
9385
59329
6735
417
8815
715
5996
7986
7953
9506
1068
3522
16005
37014
8798
7185
7838
1359
78
6804
3244
47468
70666
478
6890
9198
1113
4664
2129
4662
3875
6156
932
431
4280
26333
4687
4663
6795
466
4174
09889
97592
86617
415
98639
49888
4914
69603
4968
006
71628
647
6044
6276
66420
22584
83980
6642
4516
789
6626
3449
6624
5053
662
058
6681
01636
668
900
4196
7463
89874
4713
61872
618
36755
301
0541
9030
7051
4064
069
04248
0462
5611
1840
2983
775
04407
5784
042
0628
28839
70278
22120
0621
760
7569
74272
5042
2939
5789
814
09
91
55464
609
510
57079
5709
5715
04604
1064
2576
5441
54271
542
5605
56542
346
04242
490
8589
85666
8568
47667
89079
62909
4352
8908
4859
74724
8905
12980
4410
029
33394
628
89145
897
0428
80955
809
62958
8044
2162
23195
7457
8753
735
0903
879
9169
3414
73567
1492
215
3951
8744
8712
9665
87142
8095
4556
420
871
23995
792
8465
048
8440
5419
8788
844
87290
0504
35375
6930
019
987
702
9848
073
98
36
7926
143
9568
9832
7280
5395
9440
1601
6534
94551
6194
9075
4380
74456
90745
9085
79258
257
7174
9528
561
329
564
161
0150
904
71
9742
978
97974
97085
2033
11488
7187
78603
3022
975
2561
8031
62787
3289
9715
5909
54660
4913
59041
2726
15901
0460
5660
5440
764
02
544
46212
50544
689
56051
7483
682
7578
93884
52890
958
6844
8800
684
991
92570
6559
22306
6548
9981
055
21429
46565
6149
590
46508
79473
24318
56
77744
72
32551
910
0503
984
971
520
99096
4650
96
1259
0068
465
7283
6822
982
40070
1765
3943
5426
83265
392
491
5597
400
562
071
40
9298
5890
4800
1965
922
79031
53252
48486
32544
413
34056
4840
455
4565
9364
6331
5544
3684
60044
769
04828
6412
973
003
696
306
589
2195
3767
3785
0939
17481
7181
6908
5664
370
3774
377
3350
403
2688
13659
847
039
36177
047
740
1933
004
81031
7346
953
540
6327
40089
608
54054
0087
0162
2257
09709
288
2836
602
888
7617
8750
8084
3204
3790
693
5142
6951
0285
80630
09569
69
7586
6455
630
6759
6403
509
9968
546
857
41577
640
35713
1776
1640
80
89217
646
485
2436
5691
80544
10079
963
9780
665
081
5980
19246
59786
041
3673
58844
5106
6050
0655
8970
95950
8342
0509
6505
62
5686
9651
5829
6478
9466
1842
9512
088
733
3113
8491
8057
78749
1161
65859
645
0681
594
338
2719
6532
8441
299
840
39671
5422
85704
616
476
23629
969
068
6945
4365
162
99996
226
486
6158
404
0128
918
83295
2337
3620
016
4162
908
06153
115
535
7747
0255
5388
2206
7444
2366
0027
81882
77
9166
95
4154
942
8
3369
695
7835
382
9191
05202
504
2202
82262
34811
2830
607
3058
4428
065
052
05055
3443
67378
051
579
05603
11014
97203
05
064
95988
0802
27803
044
508
842
51128
8773
2050
205
716
4704
67973
909
246
38
95061
289
913
393
40647
7309
0451
51546
887
6870
036
8005
2474
22871
225
878
9507
0918
6745
96796
262
6206
25516
252
056
29
116
5706
308
44475
56500
8519
436
7176
714
2081
998
6359
8467
256
396
545
4520
3761
19826
464
5815
5855
9718
741
2
929
5410
549
4937
5482
548
10077
59847
232
4601
287
08483
090
5479
3691
061
314
596
8727
652
0103
30611
31756
374
72769
931
851
7278
0215
59759
250
49445
5727
70154
2852
050
59600
31884
5427
5955
9472
6565
7979
79
379
02207
3793
75890
72580
6274
85533
40771
2107
2894
80030
054
808
694
96001
785
1671
33506
6219
380
2866
98682
253
3323
4338
075
388
88
4451
44780
58021
3509
0626
7459
915
316
9987
1414
3507
15662
4609
70905
28597
6743
0708
5607
9980
9433
58394
66160
65852
120
106
092
7702
36340
91556
48815
0560
90
86
017
6654
749
949
045
28035
1667
5251
08485
11417
2566
1071
48213
84
5385
791
416
3082
805
6482
81181
022
10730
79752
8096
898
3403
577
10771
0205
65904
588
10
2229
25991
52
1681
75611
51432
25
664
675
05398
72494
57447
5225
613
438
63853
979
7336
93
3689
5408
68504
8668
76094
39946
59618
582
65
9403
8078
55046
745
68
563
48016
18651
547
0
0748
85576
6450
479
0197
69541
15232
81086
1774
1234
1045
352
5589
622
5049
567
5276
7671
2047
9414
222
194
4982
02220
170
0613
2686
65075
454
3347
323
020
9041
89271
4919
9538
0508
0404
23443
9586
7708
244
011
522
3530
49772
0627
6045
4944
2056
320
94933
771
2447
44902
8308
657
076
17456
763
6254
0494
74820
28082
6496
69700
4405
17779
8731
03954
8408
271
01667
3639
525
11761
298
885
58715
718
8737
25114
52836
24645
8534
5254
1260
2876
6542
1771
297
1680
9354
04985
943
69093
07197
7716
24
13089
3254
6710
201
2466
1394
067
4259
8464
17
536
81382
19
339
955
6774
160
06248
48448
74842
5615
654
528
00
04358
7935
05899
5921
021
296
2973
16507
9110
275
9251
02366
3297
7130
5684
0678
797
8955
71695
83574
7217
3976
9331
924
748
5641
30043
4975
024
7499
066
087
07
5917
010
54729
660
484
13556
358
507
00426
79096
0083
3072
597
371
6120
64723
17497
853
01067
9096
6582
4717
6289
672
6068
1997
1060
7843
9127
50548
661
6203
799
01
366
1669
6072
5353
58673
6923
574
5655
3858
54780
87140
8700
0211
03
49545
58145
794
7028
7650
186
669
9196
571
4640
51234
7
3584
06703
4236
2589
35460
8711
71868
3807
1
9182
7267
395
3040
05943
776
57
128
0665
96086
078
4074
737
9367
717
1966
101
70303
7161
05948
0289
6707
85810
9494
2616
0425
881
585
92425
5495
4828
97786
282
74582
57107
770
9691
75
779
08886
751
36108
786
414
043
0369
6553
265
19904
373
53154
278
64309
2586
39242
7634
7931
815
94790
7469
3226
7466
88810
025
4218
61
6866
5355
4785
3737
9194
51278
79790
2313
8072
4319
3345
6650
727
511
50466
7465
6695
73121
22333
81275
1576
4949
0819
38004
73366
8588
197
674
68072
8451
1706
38751
05347
2292
710
74
100
48481
4728
83899
98050
332
6636
32658
4649
0532
1797
398
255
79917
9329
7282
7707
2757
39529
3764
8010
0500
896
4
97695
487
6868
4855
7803
32629
8124
5451
7376
62438
41109
53
55121
42977
7820
7796
3838
54207
19601
0286
28738
58759
7076
9731
67416
46459
3207
568
17036
220
32056
595
49
8100
69580
69805
093
456
619
46546
73214
0608
7198
790
452
14959
1704
217
6145
28902
2723
512
499
50549
16252
0253
73
384
773
650
33121
57735
57278
598
3950
7103
3576
7885
7851
5762
4947
6958
060
58549
3886
9405
4956
09522
9719
5609
4813
964
19707
4528
13808
832
5974
500
58096
87
4000
972
42876
681
3548
5588
8907
532
891
25950
539
0674
7249
2903
6167
47968
8838
0685
698
1412
9546
4084
6400
378
2104
834
45844
50707
1230
49090
5202
5689
7945
518
966
00703
6717
6090
189
9842
98627
6882
34129
94
6415
08076
02182
7363
5977
581
82628
40467
38791
94018
4874
0724
1670
8857
705
0856
0926
9135
656
2491
916
8670
74705
1835
49827
980
9039
91636
2635
0489
1778
11
3972
6912
76
91536
4627
4085
49273
60
72527
914
0799
43578
96939
8452
938
670
93816
7082
6783
8428
935
1009
8393
4581
9353
729
5417
66209
9355
934
34471
68142
9341
5816
639
709
88249
939
467
74148
07025
77270
3219
376
9956
47
3429
4839
2066
341
381
9717
74041
34838
8770
38058
3835
8059
961
408
3887
3885
6705
38400
200
7827
941
35
738
292
7813
062
3344
2170
58556
33619
351
952
70088
3518
2326
506
359
1233
74453
3506
468
5371
6800
4737
3580
11133
9142
90503
905
1156
6551
624
35859
63131
5281
757
77759
677
704
340
343
6558
34320
9616
94590
6574
0233
54775
0386
5916
5236
3462
6586
053
394
95394
3054
541
6040
41150
600
8424
54888
960
86792
974
2632
9605
49551
17607
1753
685
06778
3912
78067
8666
30620
72378
354
00931
28
5808
348
435
4407
5835
28932
0872
95824
3353
5
95164
58874
2101
7092
48385
3
686
8929
5396
05562
4915
25333
0999
930
0174
422
04872
99746
683
4046
55065
9
5505
11434
27517
553
5253
15122
350
1699
65650
4794
8116
0951
12683
2219
9163
5077
4543
825
5580
037
46601
64159
95292
233
028
3726
5391
856
224
0144
989
954
15642
1981
16933
46283
875
4561
33007
02449
874
6426
7762
8787
85761
0782
3753
11067
1904
191
8474
5682
2713
845
629
841
46945
823
627
000
494
1740
391
9735
2640
678
599
405
29179
66287
09016
8758
03838
6185
4290
8814
7786
03536
45363
09624
795
64017
67
4889
880
14718
7383
7275
97298
3595
1044
30287
09286
32178
883
87684
884
49796
4008
85
007
99655
3718
20587
854
7060
2327
858
39
96986
22216
8535
91666
199
83622
8461
67250
07730
063
8080
3646
01111
800
55463
08
8076
9544
08237
0827
419
3913
6301
766
0874
5904
0283
86983
0032
085
836
5409
2570
21615
072
0778
28805
41491
8942
8390
9879
129
15596
074
8278
641
5920
61008
8320
30271
798
1030
74838
16816
496
4214
04
0474
5233
0416
04077
8533
5021
719
687
0040
5616
008
34358
67074
2584
5348
11720
6651
448
70332
005
461
7619
9491
651
6500
0088
1596
92915
41914
057
0570
26623
58568
586
5865
434
27279
16446
570
48
6562
5723
150
578
5456
328
6657
5782
5750
724
52045
9284
202
920
2959
6436
576
50
20150
5628
730
8287
14124
5000
43483
85440
977
605
8255
620
51834
565
439
788
227
0361
6618
76600
560
67727
66112
671
6714
676
1514
9558
1043
460
673
60552
6801
4757
837
77636
6
6860
42058
8954
171
0230
137
9859
55802
6081
8677
06
0106
1891
1989
07242
742
50520
554
8318
36101
919
0867
80305
3395
4532
3728
06718
4580
6305
06570
13497
736
030
0302
1458
777
5112
946
2825
03060
537
0751
30
429
643
3007
9999
4147
72414
7692
37
995
0549
372
4582
06216
37202
091
6944
459
0911
7729
2307
6079
0915
666
533
9179
0919
099
2740
0910
18597
2734
09298
0921
45720
096
0969
09892
0299
6060
530
951
02180
649
96189
0209
572
023
026
85393
7949
031
147
03054
6462
152
0354
038
0384
407
46074
59519
0566
0374
80341
032
872
0321
0623
611
9833
612
699
95809
6998
41798
99342
09959
601
6960
4167
9444
721
754
6813
269
68916
50736
6898
2495
6821
8510
8669
8639
861
8615
29364
7980
8618
9478
862
9231
697
8647
8667
81
89
60144
10749
8131
73712
81351
0066
811
8119
9116
9985
819
81915
8199
816
8162
2312
818
9368
937
81869
04912
53715
812
8164
079
899
892
5553
89291
869
8696
8623
82
157
5535
4463
82899
2403
26
5314
7193
263
2639
29384
03191
865
2636
28865
2642
2676
47463
863
1158
8597
260
1198
2606
6929
2607
1322
6442
261
26116
97413
9554
8586
03608
14592
268
82959
2682
213
211
7668
2298
2160
8011
218
385
2861
281
28926
5429
240
462
96269
229
850
2421
401
002
18254
4015
9291
743
444
40460
761
19366
4047
9931
9212
463
91554
23434
26208
4639
4689
42
67540
470
4742
87993
47980
700
49554
76624
242
19684
493
76766
51390
60017
7406
74001
08285
7421
4711
765
472
4723
113
4050
90570
569
0130
40516
950
443
6948
4933
326
40593
6776
427
178
42772
7284
4201
42017
6138
270
19359
27072
864
2742
94922
20061
2072
20722
22313
237
2379
248
1691
231
76531
0271
234
2204
2223
3485
54
3448
76866
637
1403
965
331
3738
2498
375
077
30614
2248
471
3271
3224
2976
31
3169
3164
1927
31380
122
3132
193
1629
1988
169
1690
168
1683
164
1648
5439
16143
0601
133
1682
64812
104
0983
65872
4371
00887
14
7140
8486
76986
149
636
148
86408
279
14379
559
144
177
0817
14646
1466
2992
13
141
17313
20522
1384
45769
325
1338
139
1377
132
1327
4238
1343
46226
469
46962
46928
5041
5638
46895
41704
644
44
0963
449
4490
706
4480
9901
44837
441
446
91657
4469
962
9750
4466
41433
822
829
7968
1300
820
8207
655
8625
617
967
8694
86829
2090
8413
0192
84133
8924
9222
925
9229
66
8053
31119
16
9664
72142
968
61145
68658
96861
2509
2641
9866
98613
902
2649
9022
089
6892
14786
0892
75765
0021
0879
1168
08795
0242
1086
09842
1453
09508
9268
755
99951
957
912
9578
7129
95507
5026
6644
59574
5537
06572
9453
11308
5672
557
5570
5374
31980
53076
6942
45
53937
8854
6334
5138
9027
3762
3066
6077
8432
305
81269
9160
3050
1290
309
39761
1631
336
96674
9260
97766
4535
8730
9000
903
9035
24130
90749
9370
93703
4957
93053
4220
866
42003
473
47374
4964
8742
49353
1312
49396
49493
2210
0005
70444
5491
2221
36508
4270
2693
2496
001
1241
2375
009
0031
0200
7944
0900
9315
0180
9310
901
90139
9031
44699
210
921
3998
9210
9223
9221
8189
9293
68401
9201
0971
9099
0593
05391
3650
5903
6973
6629
591
17131
593
592
59300
976
3781
5312
9376
516
5319
53871
5315
53233
33999
39022
9758
399
302
513
3590
0350
0834
32295
4378
3230
24399
8484
32309
32935
39961
2215
88520
2230
9789
94271
0771
2311
166
230
481
9523
23230
71884
2303
290
08502
2951
0820
859
291
2911
84055
2993
21
00229
0775
2930
6287
30697
57411
80789
1398
9295
9326
9180
8906
9561
99025
01684
5204
5583
524
526
97
0664
9286
6557
52945
25708
529
30518
527
521
5215
7120
5822
876
52033
0046
0698
5230
5232
944
5295
5925
54254
47450
4645
97570
849
4245
65384
451
55
4562
45231
450
6949
4593
492
4927
8173
49276
826
927
92764
0430
04376
236
04634
772
07469
3257
094
95764
12362
72818
6721
1642
72304
519
482
00384
7094
711
7575
940
4129
7184
05642
781
7810
80093
8001
80951
801
03567
4367
8012
81714
94441
8123
817
82193
7940
8234
8243
136
556
8719
8718
860
8102
8106
9713
110
119
1199
8357
1108
111
796
39109
1160
109
108
51
10801
783
3105
68220
827
1119
1185
1183
112
1171
503
180
1808
36187
181
1810
1823
187
2605
098
9601
20256
5407
91203
01463
23
203
10945
3428
0168
9375
0095
01183
10051
018
0187
88321
0265
6200
96723
34647
6286
6900
03625
6901
6009
50110
16801
688
68891
3284
6894
889
4992
8014
6597
8898
88974
8892
0853
8240
8874
8849
886
88629
42155
0346
8249
15592
8671
228
61751
4102
0752
6788
7139
3014
71312
7840
5796
7733
1477
11931
7793
4948
7675
46714
917
64
442
9137
91378
1100
71310
0038
96897
2845
96171
3472
9327
9398
0048
936
93626
58
9361
981
126
9814
34118
98621
8133
07116
8697
8977
21791
3600
778
2178
5097
28148
402
2884
2388
94112
369
39669
75244
0441
317
502
31474
7070
31477
318
6333
3183
497
312
319
97209
5400
38178
321
9635
3217
3318
3319
32754
95668
3228
3388
6874
4099
3521
96971
5218
5086
5221
5914
59138
53261
53383
552
5529
135
5175
6227
514
1925
7302
51484
3559
5824
3935
4056
8221
21153
447
41896
1486
8120
81706
8155
55737
8276
9961
8512
8515
53748
8073
8715
6062
713
8529
85221
8656
42171
42151
787
42486
4321
410
638
4176
4155
8657
8645
10831
86420
43530
276
2764
2746
2701
8385
406
198
10389
26275
26456
14485
2675
2648
09365
14918
46346
3893
46342
658
457
83713
4567
855
45760
390
5725
659
5732
5467
72526
5473
78629
8332
848
59433
4019
21276
890
102
156
1026
5075
84445
105
10521
1919
63368
1058
16658
12
127
124
7002
12166
11505
11605
752
66343
90872
1573
151
6741
807
155
2619
15556
1865
15550
31641
158
1407
1583
15850
1200
15252
1520
5208
55756
747
5511
5052
79801
830
83036
37260
2302
88927
831
8311
6700
8768
8374
838
3382
83531
83538
83650
82575
8256
8235
868
806
8060
80589
8061
18117
803
489
802
083
2130
0832
0836
107
7080
0511
05176
05497
99974
5115
56316
2549
0132
23880
20
804
53635
0234
5036
50732
5411
1780
4150
4519
453
4538
8033
53448
45302
4541
846
9106
1217
39689
2848
9471
0545
94154
756
75106
1524
75115
57591
57751
9808
57757
4461
1750
9445
839
47569
8376
8378
3044
190
8596
91707
8593
8563
8536
73792
86561
3089
8654
6921
6792
6711
37403
6596
746
8157
8179
8796
8398
873
8767
1147
1773
5630
11179
11036
1176
175
46133
1739
1715
6180
36140
5302
7169
18102
21603
1214
60240
241
24880
3870
2155
9865
27155
78452
307
926
185
184
18061
4898
188
71210
1880
140
267
14447
295
14845
7513
17840
91493
172
66723
1084
0559
05273
08460
8107
145
0172
19885
214
27559
2573
25570
2906
25475
99447
2546
2540
2880
5438
82139
20559
208
034
0341
2931
03473
4157
5774
4345
430
437
8774
25755
43020
47049
4055
4041
726
4043
0597
7375
1586
7596
7541
7013
7921
95144
534
5490
3015
0922
2955
14234
1281
1577
54356
310
70249
153
1538
159
2391
4324
6471
12542
1353
342
2637
06704
3422
34474
1110
32664
357
315
7717
3152
68330
833
97772
8339
4059
83134
0206
15294
8314
84243
196
38639
843
759
8341
633
6706
99931
9330
6233
68431
8504
68348
14924
91850
1661
14329
3195
13967
1361
9572
16823
744
6425
6492
6330
3633
1333
361
7511
32009
9747
33631
4203
423
7538
432
85241
5054
4397
6032
4334
0282
43975
433
130
86475
1305
1325
1301
1814
103
1031
1201
51413
86579
10677
85035
221
5476
56659
5669
96588
73974
57834
15962
0110
1962
1944
99803
9973
480
993
16942
9945
9944
9603
97753
9157
94993
6013
75972
445
4472
258
49345
4993
41984
19527
59
29960
1935
1479
1419
3035
15938
15248
97467
5342
59891
2244
0538
8836
5983
5937
1193
76942
73736
54328
5437
5248
2486
6535
243
1791
3107
2439
2376
2914
92560
4424
4456
4295
94547
9560
9621
19613
31362
71197
311
3994
77661
0800
3996
3611
3119
45219
8835
663
6631
69316
8045
50248
1135
63516
2563
24320
4036
3622
4026
488
360
39620
5734
365
81816
30843
11798
25640
2630
2609
2208
2300
20941
0523
92128
483
992
9924
990
9902
9025
551
4228
6388
2040
8748
1288
1590
12228
12905
99576
9122
04578
17492
46889
4189
16768
1618
18826
1829
418
1861
84259
84701
8476
1118
8149
28450
18222
1046
1048
4039
10747
0324
9583
580
3744
3140
31030
30314
7925
2681
3447
1728
77503
4908
4522
4501
88531
85957
45715
3869
648
4579
4396
383
46377
8496
8490
9104
206
00555
313
60749
6093
60943
6798
584
69871
08149
24116
24091
2078
2692
60163
4372
6411
69073
90294
947
32069
1902
2907
720
8734
0970
5423
0015
57903
5792
77193
6088
6027
606
254
6487
0837
6754
0937
8043
7957
8402
0996
3985
86577
8288
0228
426
75840
5950
708
7085
05726
51640
4089
409
691
95033
9608
65380
22321
4331
4328
6600
6637
667
95008
6673
65511
959
6671
66971
956
76721
7615
96051
99552
85967
1402
8771
259
23993
2571
56398
5430
1329
22504
13507
16049
16522
43810
50801
55478
9966
32445
4183
722
4530
64310
7581
7500
91660
73073
0098
96810
02408
4438
440
44043
4450
1960
40987
09756
74421
79071
78908
75627
75648
12715
4412
40620
6270
163
62148
6266
6683
1697
4741
21604
72386
3794
7723
59854
8912
18576
2779
1250
17615
11768
62505
17190
41655
923
4029
04119
62900
49904
49843
2643
7049
2431
3049
7190
53795
3126
3062
356
38089
3860
7545
3635
7402
3683
8457
99445
36784
21084
20680
1615
2680
20673
195
90681
98192
543
11983
19123
1906
550
1890
6689
73280
67047
0189
00590
387
17171
0518
73071
7381
43186
2280
22643
81329
8092
07620
6449
07609
734
08731
0096
09670
70614
7093
8720
32111
3733
9214
2291
9871
501
6521
14051
2792
7665
43812
13179
6468
10965
16018
154
9004
18713
39633
31778
6024
566
3617
6183

