Patron Solver
Found Words       : 612
Comparisons       : 194894
Failed comparisons: 169386
Checked cells     : 204064

Execution ticks   : 171205
Execution time    : 171.205
This words have been found:
05347
86579
38178
73280
15962
75224
91660
23995
15576
4687
6482
6673
756
7827
9166
81269
4723
2230
2206
22617
803
81393
4365
8278
66287
5221
918
14959
83531
833
1338
8866
15938
1353
6706
6535
83713
11014
384
12166
6844
113
19885
1988
97085
94112
705
70444
0751
44475
4480
8990
470
2609
24130
05391
0032
708
103
227
1778
1773
81714
1691
95809
6874
8838
8835
97570
5660
54660
0593
8207
49480
1118
1185
198
5467
42486
24489
4948
872
556
5638
5697
5782
324
348
102
8881
76766
67727
661
6631
0523
8677
66209
106
1086
152
1325
1301
831
83
773
77744
748
1458
4530
4019
59519
5391
26275
536
7287
350
315
5315
5314
5385
0489
53890
5491
8912
51413
513
0532
0538
053
413
41704
01
42058
4064
9355
4259
4204
3046
472
72304
548
3207
328
32
46
760
0103
07
3650
588
297
19
0108
5218
60749
688
12683
505
880
560
8390
56
28
93
65
586
92128
462
628
4055
873
874
87
67
887
4713
856
087
32544
53
593
57
60017
35
8376
343
000
34
69
01264
111
3
955
40
949
2907
941
093
94
858
6072
78
46508
6270
995
7070
7085
99
05176
558
715
398
66259
05
55
962
646
4074
6
4367
249
5419
2757
0800
15
9268
4026
391
52836
5715
98682
2914
421
11617
434
021
17607
417
3172
132
5225
415
8
2514
58992
4
5609
85
171
12
64
5750
94922
31
0282
05497
8474
58786
3635
04
60163
57591
98
88
7
14924
17
7367
375
99445
21
742
17497
905
9987
4650
39
6496
282
1071
723
4717
76531
42
056
230
844
9560
7864
479
519
758
228
23195
08
682
631
145
994
22
150
5423
174
27
812
6301
2
50
214
2040
17592
9
402
26185
47667
445
52
11488
89
41
10
229
37
014
322
6455
196
807
2244
3015
21429
8490
26
62
091
0172
956
14
45
7421
17492
80
900
18
77193
7986
2391
6081
262
20
00
521
9973
5411
0192
60144
848
268
4129
6180
61
95
8084
24320
8700
96
24
356
006
30
9512
8854
74
998
76
74456
693
90
170
9554
215
964
59
287
531
94008
058
6149
6450
03536
3014
06
0664
1
64159
406
6068
03054
5254
12905
55802
401
68
734
246
302
75
6242
6426
6502
927
6735
540
9999
094
960
54254
5371
26116
59041
904
480
989
38293
841
809
71
64332
8078
555
5077
06907
589
0628
901
052
5097
095
81031
8106
09508
2178
903
53076
061
629
466
4029
62958
697
60943
982
4378
486
469
0
46962
675
478
759
73
069
7374
153
79
622
7249
913
797
66
29
36709
1198
668
96269
092
96171
2540
97
48213
7617
264
030
301
23
2616
47
6763
2636
49
7376
1780
5451
72
311
1312
32309
764
763
70
51640
5049
1168
33
9095
9833
334
6442
4813
0752
333
36
69580
930
2204
361
667
63
632
38004
1774
637
753
8424
754
49772
530
7957
953
58
91
912
319
740
6088
916
354
3548
38
5439
299
3382
980
98621
2329
03
5
1361
8742
932
92
86
9292
312
794
5181
799
77
572
5408
779
4352
222
790
043
82
929
81
865
860
24091
326
846
804
2474
4466
400
2951
5395
44
4463
4099
2976
10677
11
16
161
43578
13
25
137
43
148
544
48
581
481
3398
660
484
8413
896
377
0872
920
533
0436
055
543
2642
32935
9099

