Patron Solver
Found Words       : 612
Comparisons       : 338505
Failed comparisons: 294044
Checked cells     : 355688

Execution ticks   : 449979
Execution time    : 449.979
This words have been found:
15576
3207
06907
6180
4713
26185
32544
5697
01264
75224
22617
24130
66209
3015
4099
70444
5609
6673
708
2976
2907
94112
60163
24091
60943
60144
60749
8490
17492
21429
3172
1086
94922
2244
2609
4365
6631
44475
4463
4378
24489
2914
15938
19885
1988
198
9973
15962
86579
513
103
1301
42058
6442
14924
833
315
1353
9512
4019
41704
0172
873
756
1458
4530
5419
5411
5638
05497
05176
803
83531
83713
831
83
1325
152
15
12166
12
5467
536
26275
865
42486
81269
5314
5221
5218
3382
38178
312
2178
81714
102
8881
912
918
48213
7617
0523
8677
887
688
60017
0192
77193
18
1185
49480
1118
111
81031
8106
8278
927
4259
960
54254
521
5439
299
23995
2230
6270
46508
402
486
9355
4064
3046
472
675
68
734
67727
8078
560
8390
56
12683
505
880
324
5782
632
67
87
5077
555
57
000
8376
343
81393
9560
230
844
3635
04
0751
682
92128
462
91660
858
8835
5750
848
58786
8474
171
85
874
50
5391
6455
6081
262
53
55
17
7367
3650
588
07
1691
95809
6874
3548
4026
9268
391
34
35
113
6844
153
79
872
8990
470
4480
941
4948
4129
268
51640
1168
5049
297
94
093
38293
841
480
989
2951
400
5395
44
7864
479
519
758
00
20
246
40
955
58992
4
748
54660
6072
78
0532
481
581
9166
11488
89
406
6068
1
97570
64159
797
66
29
7957
72304
548
572
5408
779
053
8207
087
91
58
11
10677
88
7
593
64
773
0538
586
11014
384
5181
799
01
31
0282
46
65
28
93
760
7827
794
754
8424
6706
11617
434
021
24320
8700
96
24
51413
8912
8854
16
66287
8838
949
74
90
3014
03536
06
77
6496
282
39
14959
558
661
715
9554
170
056
4687
161
0108
19
46962
0
5423
174
27
812
45
38
058
6149
23195
08
589
413
6482
302
75
69
0872
377
964
59
215
5491
807
196
350
7287
228
10
41
3398
484
660
2206
61
5660
66259
05
354
6450
0664
4074
6
4367
249
5225
415
1361
5
03
52836
5715
98682
5385
36
6535
956
8
6502
1778
227
106
930
69580
17592
9
8084
95
953
3
1773
80
900
48
544
401
55802
2391
556
4204
5371
26116
59041
2540
97
540
6735
97085
904
17497
905
742
57591
98
326
846
809
71
64332
856
052
5097
0628
901
53890
0489
47
6763
301
23
030
2616
17607
417
132
466
061
629
478
759
7986
356
30
006
982
7085
99
995
94008
287
531
150
22
994
094
9999
76
998
7070
4650
9987
753
311
1312
1780
5451
72
99445
21
375
214
2040
361
2204
2514
0800
2757
043
543
055
0436
0103
37
229
014
322
05347
4352
222
790
6088
319
916
740
70
705
73
8866
1338
73280
32
328
398
0593
6426
62
091
4055
628
6242
697
667
63
145
631
38004
1774
637
49
7376
76531
4717
1071
723
622
913
7249
32309
764
763
33
9095
9833
334
4813
0752
333
804
2474
4466
98621
980
2329
8742
932
92
86
9292
693
74456
77744
4029
62958
2
6301
96171
092
76766
12905
5254
03054
7374
069
903
53076
929
81
32935
2642
896
860
82
26
2636
264
59519
5315
42
421
7421
4723
348
14
43
148
43578
13
25
137
469
8413
920
646
962
36709
1198
668
96269
095
09508
49772
530
445
52
47667
9099
0032
05391
533

