Patron Solver
Found Words       : 958
Comparisons       : 87983948
Failed comparisons: 76958881
Checked cells     : 88200536

Execution ticks   : 8550044
Execution time    : 8.55004
This words have been found:
956148748423282792957686
26341299170313278226
210469154538719651296648897682
367842355395061632
92184041430804979627028
31859353029968225841740
07240360827482829930252485
600315964942884323738
0353974734782217674148669718
997098168374321026316
701613385528926110791512
34433299769027537481012
726169164535862701409412708
7176100792092262379330033
79262341603908558595824
767748915115048411504166343
629880571296249
23452243644514889180352201
1688332044021411868630
810673417577937120
820285692863185923
1260953768287770597579677
627702354186502499258
759043704719285977725277
5645304130583858876896
389974765511647537576
825120996428833836192466
143975225256196979494
7515665949148756275
279180259499205590
653300494956219420914
3744117752216
376276449551780565347
3284504791208941561201
54223133084594933278955
9154681119093315489470227
5463453442344822902558943752
412767185756484327742
1431057809116600742808518237
06450636060224081310334970152
5275582199224653591889087
97966922784139848961594563805
5234825591042334950886
3279251284122557094943573010
51369241066410968914563
35703372573091534229252762293
5167431865583187562192
855253264197444
41233464716269158560
294150983370118343
31135356200510718157192998
126579350447313394482135682224
9518809876076786939835820244
814794080390159193406557
80331835922304815436186840
700437593677903119
43034935579212626323906
964359165747459555763608794
683035332045518872537115
193523469340199823180016
9639937711975695437109
01746779291209051381501
09103977865202373266407
906812769192795903332711197113
94548612219397851128
899894730180263040614132
011073143218851585393
1306639003317542029963205
59032586351690158379009
6123360904839669346332056
336498571630899175352776614773
713507866638246453374
1819049718731450560780427
1121360300610836193813
21967036252675910
0917818148360030066443
336690735939158938171
41831937905069354334090
509351744082328013441
0651376617592053
2064553051861109375819
37148288550276139
0545111066046059955420136
669903983513554098743510
99507147923415814216238
0228624616979754665770515
5367176219977489089143197
50500048044077618816168852
2528750072386425305714379369
8290541836882688147
391356070761369142000193343703
1333133660305422463
608118900818
085887432
17634491523283
363744650
44473800456843470444500
073046926
0136919771091585
46538952356139
9195865824
295359871516
68
882784745
896640141549401
233574129499524
259161770
72127515542180
02185895666021
9252187136014709268143650613
40444479311094298111
973296
41888298510
5887688413361014723
2474621243458539327
73365296
860749371836129059852056103532
1147178526
7112
130238898487445669706186324621
0503072392
7931167139676542
72
5656565037499044909
522121787
65249
8823426
2317663114519401
5811617688260
8737107716161
37010458593430215499
319474784331674428304016442
8641143401754997
853774482911
130311198649705
2660424254
474
576618323
5769985787397
14781368050587750
202
512686837
7852034556
6094219015
8062918808574575925533
13423497
64595705763
6306203485820252
4098517153
5
782215
4988900231926
44487
1606129782368444
319052927926822
43781034314962
89151747877
95924905494
2002624
4525324346981
645976730
26433661
341255839
22
217434896269
964867998255
43534129048253
4409005786
22066644509376082777
416942
0913931910972124
7571075947
640954579405213516
36
5856244161265602815430
765312
663
47042632093585062
764064315
60822779771208724268066417
32740023775680007030
99594029
442128568272
56234162863210
3338484860642562702305
5959300348945
280037
1806184
9352100324374045
9376068581
7568702835
7269375
8013258251
00
9389224882764261215
950496
864957
288625333
9938
353228160
3437587863963544
8459582470989953
63066854400482856322
3982725862
766527826399694684964499
3135758046048
705329931576618570112745569
7957490682447619478
02291
923900190867609
01
569098947004
5439353047778667523195427824
88
6242929419820
28189550834401656872633428
2032658
4
384508970602608672573434712
233443203266
941443010167769483206
5624389
124275842876590354
2139920151
03046598506479720736
2435782430025848213
95169526410
900091
662148752570
7106194690574045704943
202107542
087861
0101732821522
373977577557
59699671719031949515438
2971788271
36181922126
13976971767
18783746
0136
29823227232713
08687119
87
2142940
0544106553635075
41371377601525
5863532
488573153554
80253064
76857
7894489488
81655040486131899670343762
84231320
558546
108950645
36776361806327404855416293
23
40995945840515962582399535086
362484089
96693
8785296416
1088965
466287800762203993262774210192
114176374607477
26280358367095938241870
3971
354543364169648873046
963053343089011
294754931409
5365
676766052361755537
25137238429830
613254028079
46480
9523652473734
81161524458
43328979347448660
360527350245805253445127
3252848484133313586400
551679450737744210914
81131163796674549004677737520
196708816290393785
5548031289898784668414
7851558
770779399308103184777068
6628
86273410831918713
059056816816
2323
842
181650258139159096311605506191
8601636782880
16
027198698990
905
975115
001454422800720696070779731130
298
2120
0248678
1332619336371210528994663758
8372130554723175071
17801320067879
14320
07542280884007068
60720
72363012
923
6457
24667378906610747
84713048955
96892205
76773527517594
495681
457542999937135591
604776078365192503
5439147359
57
67058120
15677
58
8293429414651707
0488
37
27522044905387636662092653141
002951187
82747756706344538133804729
201696946814
9474001141
6736259208
9140658878070142037629585
21826092829514741
2566322
804
49
1097
40
3046744043804
8233340489938061495770336971
88885965
54042106
36600
052
983830575879712
1472409
85914062855186437423227
4327330542
71265062162931029
622903416
03218800260
524234640362
509509333
428255971403
1067
7096511856551962338217628011
1405169204767720152485593
001399444089650006808
62565783410605327035340
27630581912361079
1966
9326696462452082508275884259
9631266661813527232
979445033892716013546242282151
2
4813786763
1158637609462454366119314
200062815395582
222520101
300432448315945409
07026977723293
8760989801
47
7535473
70172167954
97979040
9314089758740417726289
5995
588
45629167730717867544658
7069150534
59559502
634499898
67154
53976927261
34
8566455
6706
73606755027869
6686386106645038365
967104378429217985
521737455960066258764
8857272
427322448940507583254499883196
4824542115805497586
833381112676345
574309243061986
9153609
246198987003196506
07
1863
34694045781168569
4347490
172044541286563095080345765
750197076625516196
86332309
20524554298931477954752413
293646
8520113808870040738192
843808083
17
7572732498889529
408398725758162240
7613598377221
59547933980117773312001
3321828
788288697856
770
16323092629072631725024995
1
24
54
385
8
24934554
4818
60003613650921472048431139
90099434917
62381121653
98865
975632807744687100271123264
97760
424840145933
586595403501
024895
3230946459553654081956618
81354
127103816985822306951528443933
284568
87187713129678442
4272025652199
895
538
04028040562765026825361836796
28
5802845797107959047408257
68551981031050585676016301
66198851492435
168370
066010665822881
4732462061884
7149
03865685
84906482557052680845653
1538
11
508070023217703
1387101535921111072969
408471675407648989087
0
07486723063421
7
6
21596
8196
30541228075327223993
3440998089929529496381
5263869
21134219453152
9
94
00385258700887262
0759873629
247422314890955394209053295
034893
00850952160480324352
950720728922852
6539290333926288927
3989926
519896
525833189120586
0760560353687761730158
84418442628137395297155516740
880736231
8919
449113616682432094194
5177
55896295128118
584787877085
5052057825755704800
0717773
38436225796150277900
8822
012512082
754181380386746
07158289924584
609
3600787
5726480074503954434794
495540875314697400968
7164212759121
35289146247031
234843
31
333506
09320711213033369499335666
05857
14833872878
77235581
8957266029
496
1489014750879965677856523
1760
9580197805391258507770809246
5157426
540653
539376209360388073035859817582
18249731925328263546608
9945080255
3794008444360534
73788139330578486433
7930210114908031866
4049
29356
4057502597997
7323781698
0919527588676356384929148
2215
92351067705994
1790618
290
4832916600773
077778009
871117704375602460656
8868163
12472223297653911760
2299404575867
97353447162
374905
94810042639172802
468774831
640428879384396
967541952566056
06078706
508582
0904461502
56098401
88181896
2406
59200889514
57744
911266626325119275181398629
433358339999120993534
82346190855873518
673969
44272977
986259
79225754
32929925012418268
9959688661
970854365634977270659301470
2244174971780981510521596
6174575965776672
92850421144693656079392
198438110143844630
6887337082827447527906415
213909
713
16443362215
35232596113679
1201927727797964169
115
5576
28590867916
293
435
072027190269910615221
36826301246878749981
3920226638118115217719
77106007990407
5559433
80929832228845
531061
3472
804710070889281796
8398046504979392729
618881858045801122794
30765978641700115230
52066935800
3513
997580846001430
303865785479731539000
79493456469163558
5862
814646075
8538594578317780783014
97315775709894966714398
2889
335438885
33378
21595166048790283318123
64853468
53
203567095
3757278228325729
4907781068677982335
4114
13571143314516
9680
8533139
50983524668982
75942882574733
90775241
25000
9292864801774579627104019
84512356637179
7684409
126963737
1618
69879
8459
361087575745059570640410338388
17807099564074246957503248960
3261161001
74059223840401519
17051071397013999
399367659625182
7692151121917380746659770
517539952442250
0785883671829858954
7909914624875224689945456166
180022036
8465606947214144017308242189
63441011076694
457333054136585904195
47528132508628402488
366373853383
6472241927054346
9101116653430841698621
6070804228019872
6988401831812918
30591773
0656862716558582160220114
98906489999650126
22997964161031341736836509199
85499849995677265641
706621425
79228966581831
949732802080988579424
4398348935515470
46991
475840647729187
9291466529454521900419540
0180374644151144269004892
1059553332649489
360883176455469620630
73633894118
825268
8526397750000
2781177089203738
3342291610
4334281823278912
310196046015462
975312461787267
219537
98729232797464118598
3725530513914035736149597
6425912511
779182579213
77704890570
644258899912377744667827117
152565971
3597774427264233697
74647921433
783539049387746056075208202
80141374311
173781057246463
904
715445517535097544
118026539
155379212884
538357998768673548468525484
05914466109220246
54376761495048737
7333966315566
98435826246866164
205425480395609035849
361436784814205834
367419609157159
1316462457121664003
055090775227
8749531494
8996690520140
630892266636
65939419785181431012
6527653514805
6166149866299613173
73263853951
61538408198809270
7165
69603596901793
3228921065653980184
815369
5887
190367420618
2968800555104
168421316003225338293767957
033622993579491082283418
57282523132
18401040194593086242423695
45359609566121491381788835608
591585192143951222
66769270009272272
906213
86532190262514167602584
65540543
5241933446
0628120148641594242822622303
650521780342060238175
71086059983
2016639364269679
83426736177932685885543561869
2665749102091823503
57036700887
0664975703494123851580473
36284538161151180541374
509960592767779
3839097986877087087
39592754117553047948710
478575513096
292913504325899819
642849506
408297023
814009231691
11852928597
976959513382680560950759552966
98608208866082028455
68308628173082
127312712017620653797849302239
1165354673181696161980
7935995604572344390
48885454772976448018642
264388072796
25134314368211368390
637189929604
47862099552359961
1386163341585951941
7543901112857829127888149
4103
072817147505602419974400690745
019823447822464
9258556337
9536994450172177846234589159
634248640223
377072829109591780
491658424447319617139531937
989118328905229722
08008429
94121223500217326
40150175155813292318363
7255230378
44138
2777193267986515332399148589
22889125711394757155587
736558142449
73855234412368125196265285
1400496809933979058
395275719833995
540575910754
5074919086718
79104126677090574
9775039132786862243149071
783722636014632315786472465084
854917791529740447676
5320104311482618511311047117
128826430237
61269493548586
4279510559069028273493
7537212698189717650
22662744633188149
54254453003618023683713027931
136568324451842750819
268142962812
57049293155427
335375972604265839
44931348475717726
7067840564098940520
11994719783509529622676645208
107267033232215
756963599460622147
920324009969672547
08245449889806910810914492
23702678836809946304941640
994910075514
381821441924432374852178
8413133248506072494195481
188832339
671851352221766677
0126407047959291417205247
185549869703639
36770787911072685287441
2702445586449612
1765575
298331299797
314632438696830070
46333686563358
81571459277716967071
05055917674280360805976
8509322846020
048909131462773396
219583488249085777251890253
54737412181664810061693
2337348119068552985521241169
686032
864223485756450773
05935254041552
3890419835328943
21268763480071590030
87193469112376238
351917916690714414333
6544150915927914030
5686792660476921084
4113464
89006619036966724091
1563112860075841
971798530598053442
335866616290997
43155979375
4277280586368918254
1068261590368987
419740199500629187691565
1447683933008866929
3837633218319152
3329242750065493
0028834643054683485993
5898772607456756127679720369
3819004792374766702
1040472439652766414630567
0907
2154994865137910137349
44418629341228
81222897042836873
33361268
5982495190124333013031
703183743811417855
0391868568998566243719
08491685048372800276
55106053650979065905
985676158718669426707
4876833138604546940474025
15673537544902389136
3042740264191
46770162420114
754664447526275924579685
969657801877708944
524470278638641
4390989365244368
205855880179609214812
773873792196532
759005599810889
031931150548593180
68689185013629591616813
48088013066762540174
641281747089562
260093139807457
866259341873
1487652331694289065613333656
9591622068498437
414137087265281538
85337262932308703613
879258472771156056637
74624372394928315873
740661127545165
834896939189794085482099975792
60689236603314
89765315329836379869716
15087421653702302300571537345
115638930267317780626771
6041305658391803682
8065381637511794490865
96391384512445129982
6502375521138214650430412
7513122041539243090
33621119721056198
18074927680022343058052441809
783140728228578276931981
2346454959551786908708
69018577810
256017276991732592633051102635
10
13564315267082757094
9179128050809122478863695974
56486027844028791237557441
030602765075066159226650
682780392534078
85200065707278647928301600365
0756982359732453850
32237011744084059
100326220150492935628784
9570
88079845990142
7572883846888
70886587762242940888769
508245267534483887
458257840877404
62983010201906674705050
30519783154662415
960432699564089408
51640236357070
08658191545264240
135380546854211122437353
529069777885
65962949903072
8885318667420787
5720764932484176666
882009561457193555407
369034951325699
524811875987391282881113
4572787467051105827163820003
87923826786253
12882786772757
423125737659801101
9981840221670468
693084424193220594759836
138524445760270
95399552560337505276
671726836131212704921
877398912088984109598880160
611496037361878417193930
9755775203326456177446991
055536129800
954422870526831821252281835
6589833117840874933422
27102040792
3
649952394454150213
09066674172526879137538
55415700530213
46040709035830
31484694796872623756236
6259627
4169058086215018841526
6942041417432946935
06175120060504236716206
9006436387698682
394427021271694396600
1293594154037439981341242738
6935473238
05162256336892918605008886773
204718750278960396731
667686656762310664715
880804109133752900
0417449423312055613183689
52318575604119174949788
9849003938223097509
6458670478742509086591722987
376553394255722614919
59809182721668249293516886
81529191149507428919

