Patron Solver
Found Words       : 3984
Comparisons       : 5324713
Failed comparisons: 4654328
Checked cells     : 5363080

Execution ticks   : 285
Execution time    : 0.285
This words have been found:
09842
80093
09522
08819
59300
00363
86420
59786
69073
19527
08237
09889
19987
35460
65380
07986
03375
9559
16507
05398
9356
12356
00385
03788
00297
00931
07116
02366
02468
09569
40655
79028
02379
01667
20061
96001
79752
57180
01183
80630
8133
49843
86408
86579
83229
83650
22584
9572
66420
08460
32295
66135
33735
70369
56398
3058
3350
28839
46304
35731
3570
3507
55046
11775
7052
3860
5723
17036
3521
33381
58133
05562
05273
0527
68072
7864
73567
13507
22504
2257
2836
2576
91657
15962
36667
03184
25792
7390
72019
77503
6238
60398
6038
23195
38058
93084
39481
36503
3650
0386
0836
6900
79903
7235
75972
75648
0096
03880
8033
32629
7803
75224
6683
36709
39633
39961
7051
70666
76044
07197
0197
6009
66259
46283
16933
1259
1933
23995
4839
44837
46895
46889
86577
8645
86617
29364
9331
9337
92200
1183
794
928
9298
5890
99552
2359
344
235
739
289
299
8441
6532
2959
294
32382
4841
3289
6310
3983
3530
38232
3897
82512
2919
3838
574
38856
3885
6705
3523
3584
932
4280
431
9385
08357
71466
59329
9751
9397
9157
48815
0969
915
316
187
2605
9135
4154
95
913
93884
7578
85666
9512
9466
1842
005
0514
758
7377
18317
7515
75890
379
6960
4167
753
6798
679
676
67416
9731
7076
58759
6746
6795
674
0837
6754
5118
0937
675
6331
633
7617
602
888
632
54836
9226
64753
8490
64332
6442
6929
2607
1322
6149
46565
3633
9095
070
17988
3643
3642
364
75891
1715
9027
3762
9191
545
7707
8010
330
9480
333
334
339
955
6774
332
98050
6636
34175
34129
9842
347
34616
24465
3422
98315
342
05899
9198
478
1113
6890
707
25120
70303
101
1108
8357
3285
703
6569
0436
70
04719
1278
44355
634
7367
695
732
17592
27361
0279
1231
01067
9096
01264
1697
03627
036
0341
20179
201
278
276
271
6333
318
2769
0512
1569
88519
269
6813
6492
2688
403
268
82959
6145
512
217
2162
8044
011
244
00703
06704
2637
4019
2630
2639
263
260
1198
2649
902
26
5314
7193
7268
2325
7620
5055
2553
6633
2606
762
3933
9292
7103
396
99618
3690
9715
97974
33631
9747
58992
97413
26116
9713
8106
11617
9717
8770
74041
34838
9737
9788
978
931
851
33
4492
9382
253
3323
4338
98682
986
86013
182
8351
9831
327
40334
962
4469
988
02784
56817
3887
96897
96588
79727
81393
7937
3761
4520
79342
7934
39242
7986
79
7161
367
2453
8955
2571
23993
259
83574
797
0678
71695
57834
73974
7396
7316
731
1068
3522
16005
789
01636
6681
78
6804
47374
4737
6800
7615
421
05380
62868
4295
06153
115
4162
908
41984
671
303
43113
1031
06703
4236
6412
04828
6079
09959
601
6909
1561
59519
0384
69580
69805
093
763
6254
983
629
26185
6266
97592
614
611
91
55464
6194
94551
226
2726
59041
06907
3472
0570
8615
2682
6882
98627
0640
5679
059
25876
075
388
88
4451
44780
07730
07620
076
6763
61790
090
08483
287
09508
99951
9853
0719
095
7331
09709
68956
95764
12362
09670
717
0242
1086
46212
589
306
2195
5077
4543
3886
757
507
00426
795
7786
03536
5792
2977
83011
02059
5796
7840
5706
116
5709
5052
27279
16446
570
57735
9538
577
3403
5762
7851
5920
641
61008
8320
59263
42017
3539
118
016
3620
592
581
82628
59769
238
6989
85967
9179
0915
73
384
8596
91707
898
89079
62909
4352
8908
4859
7329
84055
2911
048
8440
8788
844
87290
840
39671
4102
8474
0665
84701
48213
84
1071
70614
8078
62958
8095
809
7619
461
50248
8045
8796
842
9849
019
91636
2635
980
9039
074
8278
9879
129
15596
987
98
58786
95252
34
1699
350
73228
58715
9405
94008
9403
47450
329
564
161
9000
900
668
90749
9075
4380
3344
7813
062
904
71
15901
57311
37014
8798
5641
3347
5583
524
509
9968
50549
16252
5026
50544
56051
689
07242
687
08731
734
548
929
4937
54054
608
540
5440
44652
5473
848
59433
652
6502
3629
6548
6759
6403
67
4889
64017
642
264
626
50707
6200
96723
6242
57079
57751
609
510
3632
63
60240
21603
1214
2686
0613
6044
6040
41150
51390
60017
76766
7418
465
232
4601
59847
3943
32544
413
48486
41704
4026
2884
402
392
4064
40620
04910
322
6822
401
5597
400
071
562
4050
0130
40
764
02
544
4259
971
520
99096
4650
0068
96
67156
473
420
4556
6717
4288
0462
1840
5611
0460
3985
0996
04077
9601
098
8533
6436
576
73238
992
262
793
555
56316
0108
18254
002
46074
407
4813
3014
7139
99576
300
750
30314
6400
3062
0083
79096
3072
2616
9494
03954
8408
30
429
6003
143
7926
020
323
531
320
46299
760
7569
5042
2939
40593
326
74272
261
938
8452
32178
30287
09286
321
4055
3288
920
202
3253
32
821
37260
37553
83036
702
9848
84711
073
4196
3272
99996
162
377
370
783
3105
68220
3140
6714
314
3691
061
3132
36007
218
223
3172
8157
746
27812
69342
44117
0302
79249
88993
3040
95144
596
3298
192
46962
0623
58021
37202
4582
06216
2101
7092
2676
8597
47463
680
49551
7483
682
4663
4396
89
60144
81
0778
28805
916
656
2491
969
068
616
23629
476
0509
6505
0184
44377
685
06778
5815
464
696
694
6870
887
049
65108
84133
5315
8342
189
6090
404
0128
918
83295
36
9568
73121
81275
22333
066
087
4713
61872
6868
0132
2549
7198
0346
42155
88629
0608
6050
38
909
246
72
32551
910
77744
0205
028
25114
79917
9329
36755
301
0500
896
387
17171
0518
3449
6626
3576
7885
6013
94993
9367
058
0626
3509
662
03392
85927
438
613
05202
04248
069
504
82262
2202
055
21429
065
052
8593
0628
05553
0802
7421
08285
7838
1359
7185
3254
13089
7541
52
518
966
0597
4874
9315
064
95988
088
8491
733
3113
8073
53748
8515
0187
88321
0265
2050
71884
9523
23230
6951
0285
815
34320
6558
205
716
4704
5138
669
416
57903
0015
0040
2147
6801
4757
001
1241
22617
97203
05
07469
772
6741
151
212
34573
9742
60163
00229
21
042
73366
197
8588
62
5686
5789
814
9085
092
7702
106
5087
2508
43
56500
8519
252
32056
220
664
25
436
76531
0271
1691
248
231
95976
15
0230
171
0511
286
0681
594
338
2719
878
03060
537
85704
5422
2158
247
46626
5202
4428
5254
1260
12905
96971
5218
2983
775
54729
010
23443
9586
0404
7708
884
44356
043
19904
579
05603
0299
39761
1631
542
715
5996
5417
729
66209
31030
393
40647
6861
723
7463
89874
96796
6745
18592
6167
47968
10801
51
5074
539
0674
7249
2903
42151
50732
5411
4541
5142
99974
5115
2866
33506
6219
380
85035
10677
6394
0211
8700
87140
519
1642
72304
482
00384
7376
62438
5251
1667
1
9182
71868
3807
9163
65650
11434
3370
2648
747
5511
6081
5114
8677
55802
80030
2894
5589
622
157
9808
57757
665
765
4711
5904
0283
86983
836
2388
94112
211
7668
2298
94790
968
2586
64309
081
5980
19246
530
6060
0943
4609
70905
15662
595
4155
74724
989
1981
1477
11931
7733
2248
471
3271
67250
8461
5664
65075
454
99007
64310
7581
4530
845
146
875
33007
4561
5588
004
740
4378
42058
6860
54271
982
40070
1765
97197
953
00344
705
0856
949
045
6654
749
8857
647
6120
371
597
75611
51432
1681
521
730
20673
206
00555
9104
6866
140
174
0154
1412
698
51278
3737
9194
5355
4785
156
890
102
7953
9506
127
3398
79473
24318
56
590
46508
8072
4319
79790
2313
051
27595
994
349
083
2561
853
147
29384
865
03191
2852
94547
9560
1492
42
0255
359
506
19885
46
5281
63131
0425
881
6821
8510
6027
1217
39689
4
2723
28902
43483
5000
5921
021
296
2973
2643
9739
85576
0748
65904
588
10
4528
832
13808
4397
5054
70278
22120
0621
7184
0474
5233
60943
5784
04407
53937
45
17456
08621
5580
618
31884
5427
5955
6675
8153
37949
096
45720
054
5609
9719
3046
2580
4598
2160
8011
1466
7444
2366
29
056
77
9166
37403
6596
33652
4189
75818
847
039
36177
7140
8486
8800
6844
11768
62505
17615
17190
4218
025
200
38400
69
71312
0541
9030
047
15642
954
0867
3395
4532
80305
08485
11417
01034
85693
14924
91850
394
95394
3054
5421
176
2074
808
782
0508
0369
265
6553
391
1740
5441
1168
08795
4174
0
3767
3573
283
2021
76986
149
1514
99931
6706
40771
2107
6274
85533
0451
7309
51546
06588
9999
3015
534
5490
5
535
7176
2081
714
9352
4214
533
666
03838
9122
04578
17492
8059
961
408
3835
55065
91660
73073
8005
0165
61233
1678
701
2636
951
02180
11720
6651
70332
448
5208
80
89217
0685
8838
124
7979
6565
5419
10051
018
170
1046
8954
08076
02182
8773
51128
17497
64723
5451
587
6599
855
45760
012
558
6671
65511
959
13659
74421
9616
94590
6574
0233
54775
5916
5236
0278
014
64812
104
0983
569
90570
0150
960
54888
06
0106
68
745
563
48016
60552
358
19826
5855
0926
1750
4461
4290
6185
35572
95916
245
24489
16478
2589
755
9268
8711
362
4500
173
58874
95164
02220
494
000
627
87993
21276
5456
328
511
1479
8402
7957
36784
99445
8457
8666
30620
72378
526
8737
718
55478
71807
604
6326
3414
879
9169
0820
859
352
2951
08502
415
98639
9665
48385
686
3
43578
3785
0939
05055
940
7575
4129
711
7336
93
76094
68504
8668
96861
61145
68658
39946
07
7945
5689
5917
0504
041
964
434
5865
0297
2570
21615
5409
20680
754
9444
721
288
01111
3646
72142
16
9664
1746
22
93480
6945
4365
8907
532
6500
651
891
74453
1233
208
3976
7217
7499
81882
0027
74
48481
100
4728
83899
097
0493
8905
91493
172
455
541
8589
227
0361
788
3448
54
3548
3639
525
650
33121
773
439
9651
50520
742
7187
3022
78603
975
2170
341
2066
3673
956
76721
5215
5684
3297
75
60155
96171
2845
017
28597
6743
0708
469
4406
2499
5607
9980
057
92915
41914
7586
6455
72414
4147
015
034
8060
80589
417
6735
8815
4041
0559
7469
7466
88810
3226
61
427
178
710
19366
761
024
4519
736
030
4245
65384
451
38293
514
1925
27559
214
42171
251
5075
84445
105
442
64
87684
6958
060
58549
38791
40467
4717
6289
68348
8504
04242
490
472
4581
9353
800
4742
640
085
0032
41577
8076
9544
9284
52045
724
05497
452
1704
14959
96051
7129
912
9578
12
660
01684
5204
41801
6600
645
9758
399
05176
95292
6478
5829
5395
791
5385
7280
0162
0087
11133
9142
078
96086
3580
98621
30271
798
1030
7060
20587
854
2327
4410
12980
4372
6411
9832
00164
41
549
5410
46601
037
64159
479
9605
2632
6450
957
24371
646
485
2436
5691
50466
7465
35859
624
0715
6695
643
699
95809
8929
5396
4915
6944
091
3082
69541
769
60044
2764
006
4968
032
5505
9
24
99
5994
324
712
209
12519
31756
0103
30611
2514
99595
965
331
74129
998
7130
99655
14718
7383
0921
7275
97298
3595
1044
8
3369
1414
9987
9945
272
9944
9603
077
30614
2546
99447
5553
89291
16942
997
784
9440
1601
6534
99803
9973
6415
94
5974
610
81714
94441
8012
35
941
397
9396
0545
94154
9414
7935
04358
9546
8001
9354
04985
1043
9558
7923
09624
45363
92537
1780
4150
5348
34358
67074
2584
154
9004
28082
6496
9528
561
7174
257
1045
1774
1234
1290
94141
027
806
868
9608
72494
552
96939
9375
0168
93799
779
639
709
88249
939
74148
77270
07025
3219
467
410
7429
9398
0560
90
86
934
405
599
29179
5816
8393
1009
9355
72769
374
9819
7181
6908
5937
03352
373
53154
8535
39
255
398
6586
3462
0800
77661
3996
47
3429
654
528
00
1402
8771
7457
3994
0655
886
04
34474
977
605
8255
3410
523
547
18651
4204
7931
7634
5598
8881
5750
0879
0021
346
008
5616
343
395
7267
4758
3998
210
44699
921
825
57278
6156
4662
3875
357
22216
96986
799
050
59600
6930
35375
2072
31778
905
1156
6551
0200
6330
2329
31444
5672
557
55737
8155
1394
2466
067
57
128
150
578
09
354
28
5808
4407
435
348
3950
598
250
49445
14124
8287
6644
59574
6790
6023
9295
1398
80789
57411
816
5727
70154
593
3718
7278
9025
0215
59759
49772
0627
41109
55121
53
6045
4944
5374
31980
313
60749
7190
53795
5353
58673
4640
51234
11
0489
1778
7
95824
585
8767
744
6425
0286
28738
3207
568
36101
554
8318
5977
7363
770
8043
298
11761
885
6334
8854
880
65
582
59618
4008
85
858
8057
1161
78749
4000
972
42876
681
6998
41798
99342
02449
874
8787
3230
3774
8398
873
6476
7263
5339
720
8734
0922
2955
8084
8750
617
967
655
8625
81351
73712
5909
54660
4913
4085
49273
60
8534
24645
52836
063
8080
805
17131
3307
488
3728
06718
0601
1682
133
06755
383
46377
3913
419
2033
97085
0874
0088
1596
00678
9327
919
586
20559
82139
5438
26623
58568
51834
565
620
4948
7675
36140
6180
5049
567
7671
5276
3753
85761
0782
9833
612
76600
560
372
0549
995
5605
437
50
508
08886
751
36108
786
414
500
505
249
6270
33394
628
89145
3437
767
621
6206
351
952
70088
6203
661
14
00887
9110
275
57613
9251
207
22272
16801
688
5021
719
297
1771
1680
7653
1965
4800
029
95950
8970
224
856
0144
9859
6072
1669
9127
50548
7843
4334
6032
8137
072
026
917
46714
4405
69700
4046
683
49480
9718
741
2
738
292
946
2825
5112
79258
41096
3107
1791
97401
031
85393
7949
186
7793
42977
7820
7796
2447
7716
6088
77193
1458
777
32658
4649
05943
776
79291
2681
3447
7925
1728
7921
7964
790
37
7692
76942
1193
44902
8308
023
572
6923
69316
584
69871
95033
691
03625
6901
6904
943
69093
04769
69098
6942
53076
6183
6921
6792
77759
677
6093
01122
319
0192
8413
0152
04376
236
26955
04019
62787
8031
0416
09298
09892
0919
6582
65859
65852
120
9341
34471
68142
82
82193
8256
828
335
822
0853
8874
8240
2403
8563
9961
8512
8568
47667
85810
85221
8656
0066
811
8119
9116
8116
2219
25601
4794
12683
0951
9985
819
8199
81915
53715
04912
812
8124
8123
8164
818
8536
861
7980
8618
9231
6304
8221
21153
447
5429
240
462
96269
229
24091
850
2421
2425
2474
22643
2215
225
61751
228
222
2244
59891
11798
25640
2563
2566
25660
46346
25991
31
2976
281
385
2861
644
44
44043
446
743
40460
444
17481
976
5312
3781
0963
449
4490
0174
422
930
551
4228
79071
7406
74001
7447
5791
3385
04226
7428
41491
8942
8390
49
8100
4947
1576
4949
492
491
516
9376
4919
4914
69603
213
21791
2129
4664
2830
607
34811
378
2104
2109
2303
290
2906
25570
1902
2907
291
2914
241
22313
2210
5491
0005
70444
2221
2229
234
487
97695
233
2337
237
2379
2376
0771
2311
2312
8162
05347
38751
2292
1706
2223
01
366
3611
71197
311
3119
497
312
8720
32111
3224
3164
1927
50736
6898
2495
114
3569
9725
111
164
62148
163
1648
5439
16143
1618
2992
13
141
17313
13497
6305
06570
1343
361
1333
2876
6542
137
4371
65872
1377
1312
132
136
8243
1361
636
148
466
468
5371
4689
41433
9212
463
4639
6562
48
6158
486
481
166
230
484
13556
86829
2090
8623
42003
866
8669
869
8696
937
81869
9368
9106
846
17
8464
841
46945
823
9866
0209
649
96189
981
126
9814
34118
90294
947
32069
1573
90872
0289
0253
96810
02408
28932
0872
089
0892
75765
0827
9488
862
9478
9472
942
9428
9433
826
927
97
0664
6557
9286
0910
18597
2734
92425
8586
9554
538
5388
2206
97467
5342
53233
79031
53252
922
993
480
5482
54780
54254
527
958
52890
9621
19613
30518
25708
529
139
52945
944
5295
7650
5248
5925
5529
135
27517
553
5253
15122
4463
5535
0046
0698
5230
5232
8670
53383
6287
30697
0775
2930
3007
309
3049
32754
3790
693
3204
11528
24399
8484
32309
32935
3388
6874
4099
6650
727
3345
3353
8727
9924
9964
990
9902
99025
8906
9561
08149
24116
99426
903
9035
24130
0971
9099
92764
8189
9293
68401
6233
9330
93340
94922
864
2742
771
94933
07864
2633
83
441
12715
4412
496
4964
49796
499
62900
04119
49904
4993
49493
41655
923
4029
4039
1048
409
4927
8173
49276
19684
242
493
76624
4933
2496
2993
20941
204
14918
09365
21084
0903
8753
735
099
0999
25333
9491
94018
9931
4047
0433
9908
9901
706
4480
901
90139
01984
0189
0430
053
90349
0532
58394
58145
5835
87
58096
51413
73736
54328
9871
6521
501
27072
5053
6624
5181
53890
5319
53871
308
44475
8654
3089
381
1577
1281
3820
38089
8837
3194
31362
31380
122
315
3183
3518
2326
72386
4741
21604
2130
5628
20150
28035
9022
90503
3050
9160
76
91536
90389
9031
92128
483
9210
9201
9291
4015
95061
53261
536
08
55463
0234
3726
5391
50429
5036
5903
59138
0970
5423
54207
5437
42772
4220
423
7538
432
85241
4321
787
42486
03567
4367
801
430
8774
25755
43020
43530
5774
4345
2391
4324
159
40516
950
443
6948
726
4043
4036
3622
453
53448
45302
4535
8730
4522
4501
4516
83980
6642
0911
459
81086
15232
258
49345
9221
9223
9222
3733
2291
9214
9326
9180
58
9361
93626
9324
9789
94271
88520
2230
9017
0724
022
90745
74456
924
748
16816
74838
2307
7729
215
3951
8744
7747
7074
2751
7093
7094
2178
3600
778
73472
7847
05642
781
7810
38639
196
843
6077
8432
3066
79801
830
88927
2302
831
7374
5137
8314
4059
83134
0206
15294
759
8341
8374
83772
8378
3044
190
838
600
8424
84243
8731
17779
49353
8742
10749
8131
1797
1989
1891
3596
97849
181
1810
5302
7169
18102
503
180
18061
1808
36187
184
94123
550
1890
1419
76866
637
1403
1661
14329
130
1325
1301
5430
1329
1327
4238
8866
20522
1384
45769
109
2154
10922
108
66971
6689
6912
3972
14786
6892
68916
684
991
92570
68431
82218
7047
82899
8276
8697
8667
892
9041
89271
6068
1060
1997
079
899
974
86792
6276
8835
45219
663
6631
11605
6618
667
1084
66723
34647
6286
6227
5175
35643
62891
5099
9136
672
6721
72818
67727
66112
6776
4201
7284
7282
722
7229
837
6
77636
6426
7762
98613
66
8053
31119
9260
97766
84259
8451
8814
889
4992
8014
6597
8898
8892
7940
8234
829
7968
1300
897
8977
8253
3793
02207
6729
8235
2590
8634
2486
2482
5097
28148
5309
2827
28926
9471
2848
2335
39669
369
7545
3635
5408
3689
67973
7402
3683
302
513
3590
356
3485
3428
01463
23
203
10945
3869
88531
85957
45715
571
5715
04604
1064
390
5725
5782
7120
876
52033
5822
3559
5824
3935
4056
33619
58556
7287
5697
56542
5041
5638
46928
3858
5655
5682
2713
3684
5544
5660
55756
5426
83265
8924
8496
871
8710
18
7590
8712
87142
556
8719
0321
872
4982
194
19
81382
4472
0538
5983
8836
445
5615
74842
48448
4855
5495
4828
8476
792
8465
8694
03534
697
8647
2692
28865
2642
48768
3617
6024
566
5537
5479
857
546
5467
72526
73214
619
456
46546
11014
658
457
83713
4567
4565
9364
4157
59
29960
39529
3764
2757
2746
406
198
2740
14051
2792
9865
27155
307
926
185
1865
28450
18222
1906
1966
10077
191
807
155
15550
6462
152
03054
1200
15252
1520
112
1120
1185
119
1199
8149
1118
827
1119
1147
11505
1590
12228
2779
1250
13708
1171
6471
12542
31641
158
1407
15850
522
50801
820
8207
90681
195
489
802
8002
93284
80544
10079
963
0523
0593
50110
221
5476
56659
6752
5669
24390
450
6949
4593
4450
4456
46459
03
49545
4956
49396
0282
43975
49554
93053
4957
95507
376
9956
4645
849
97570
2640
9735
9981
9780
4466
9750
11488
78452
75106
32009
7511
1524
75115
7375
73598
3912
78067
75752
7500
659
5732
5599
81816
30843
883
4975
30043
6700
8768
8311
15592
8671
6711
6710
460
673
3443
67378
678
935
8428
6783
1005
8718
860
8102
817
145
0172
8107
7346
81031
39243
1486
41896
8120
14646
0817
177
1158
863
4898
188
71210
1880
1823
18826
418
1861
168
160
16018
10771
10730
1026
1814
103
6388
8748
2040
1288
1201
49090
1230
34880
2507
2782
6138
270
19359
8385
2701
2880
1615
2680
2300
5950
708
107
7080
7082
93816
7085
7013
47980
700
7028
7381
73071
97753
91378
10747
7513
17840
1058
936
0048
007
973
003
0031
7049
2431
2573
2641
2509
25475
2540
91203
5407
20256
22871
2609
26082
25950
26275
10389
2047
2056
05948
7944
0900
47569
9445
839
67540
470
47049
737
4074
1960
40987
55
4562
4908
34056
4840
4084
05726
51640
4089
04634
6788
0752
0751
7645
8849
7665
49827
1835
74705
0434
2978
7043
78908
1586
7596
7504
0228
426
8288
75840
7502
3217
9635
0038
336
96674
0918
9507
15556
2619
26456
2078
2439
11425
11265
113
4723
543
11983
16658
1988
169
1690
193
1629
7002
12166
12431
279
14379
46133
1739
3924
7717
3152
3169
3126
13967
3195
502
31474
3738
5734
365
39620
243
6535
6831
13338
68891
3284
6894
6988
6629
591
6973
1135
32664
1110
796
39109
1160
11603
93703
153
1538
1583
1829
1683
16823
785
1671
16768
1670
670
6707
37782
34782
631
630
766
6301
49888
34490
360
3670
88974
95668
3228
20
804
53635
23880
440
4438
4203
433
22321
4331
3893
46342
1353
14234
559
144
1453
267
14447
175
1753
17607
19123
1935
3035
15938
12007
310
70249
54356
57591
5914
5106
58844
71628
68330
833
3382
83531
83538
713
6062
8715
8529
7302
51484
22760
18713
7723
59854
3794
8912
18576
2675
14485
295
14845
1584
35713
1776
1640
16049
19601
9370
98192
9137
9196
9691
36508
2693
4270
1097
16522
5086
5221
19707
1944
1176
110
1904
11067
71310
1100
11971
3319
3318
33999
27
6369
4579
648
09016
8758
66287
82575
8096
81329
8092
0428
80955
8249
044
27803
24880
375
2498
67230
24320
4538
305
81269
0819
38004
2155
3870
704
340
06248
11308
9453
06572
657
0799
6449
07609
0354
75244
317
0441
09756
925
9229
38178
5400
97209
914
72527
46226
10831
13179
6468
10965
0180
9310
43812
4328
4580
9966
32445
4183
0110
1962
8990
3506
18117
803
80341
0566
0374
7526
80951
038
0832
0834
0350
86475
1305
05391
984
0503
14592
03608
834
45844
92
0342
0324
9583
580
3744
91556
36340
39022
2204
22306
6559
725
72580
72560
43810
43186
7070
31477
094
3257
81706
8179
8061
9810
2208
2280
6368
40089
6327
91666
199
83622
8639
8467
256
6359
63516
1919
63368
10521
4176
638
979
63853
8657
72246
7283
7827
8332
78629
382
7835
756
75627
4424
92560
6637
95008
6673
606
254
6487
6482
81181
3244
47468
4627
26333
4687
04872
99746
23434
26208
91554
25516
20722
1773
11179
5630
11036
325
1338
5570
5711
97786
74582
282
57107
5731
7305
86561
73792
66343
752
8376
0494
74820
85440
5225
57447
2931
03473
00590
2375
009
0095
0098
7459
45231
73280
67047
66160
6657
9904
15576
15248
97772
8339

