Patron Solver
Found Words       : 1307
Comparisons       : 40108189
Failed comparisons: 35065232
Checked cells     : 40343656

Execution ticks   : 4690565
Execution time    : 4.69057
This words have been found:
33621119721056198
1332619336371210528994663758
6589833117840874933422
882009561457193555407
32740023775680007030
40150175155813292318363
7957490682447619478
33174314116439638006
8233340489938061495770336971
360527350245805253445127
05914466109220246
611496037361878417193930
954422870526831821252281835
47349054121719779030
300925852021432915393
335375972604265839
5802845797107959047408257
9352100324374045
52596555531148305275
804710070889281796
554627636108012978385
65939419785181431012
6539290333926288927
960432699564089408
497692666373781382
3252848484133313586400
783539049387746056075208202
539376209360388073035859817582
04028040562765026825361836796
963053343089011
02185895666021
395275719833995
181650258139159096311605506191
0776799344821815
74624372394928315873
879258472771156056637
7515665949148756275
408471675407648989087
1994622563374147
8398046504979392729
9252187136014709268143650613
030602765075066159226650
80967064455896897
509960592767779
04088999847850548362566089
9014969821201608291942
820285692863185923
87193469112376238
48691401656797592861
682780392534078
92184041430804979627028
56486027844028791237557441
196708816290393785
3920226638118115217719
5656565037499044909
019823447822464
18074927680022343058052441809
6041305658391803682
07542280884007068
05589542968855048639
96391384512445129982
47528132508628402488
2665749102091823503
2016639364269679
57036700887
783140728228578276931981
54737412181664810061693
2337348119068552985521241169
704344357991459378214
2474621243458539327
7233738162631385916
65971913331191238850
196131794930491578
5052057825755704800
521737455960066258764
3475970718558
205855880179609214812
7613598377221
59699671719031949515438
98435826246866164
01399518793745
629880571296249
60689236603314
4876833138604546940474025
773873792196532
6988401831812918
226690408937990
36562863534838336785666
1387101535921111072969
0391868568998566243719
703183743811417855
36284538161151180541374
200062815395582
2968800555104
337926043403053
57049293155427
32929925012418268
05055917674280360805976
451885735800305
2472518822
375157387166982
5856244161265602815430
50983524668982
7399127862511
866259341873
303865785479731539000
1384549594985359712810
37010458593430215499
8520113808870040738192
8996690520140
6515657789135
838390071048035325
6306203485820252
9006436387698682
15673537544902389136
9333699385348786989342
17051071397013999
399367659625182
6777469958352453
328244187931254
22997964161031341736836509199
85499849995677265641
862379301514946669091
5769985787397
219583488249085777251890253
414137087265281538
9591622068498437
8290541836882688147
048909131462773396
387905009916
8840075890505
65713064873
662148752570
964867998255
63441011076694
80929832228845
1400496809933979058
100326220150492935628784
32237011744084059
21967036252675910
54254453003618023683713027931
556288428500127
568335952309
2346454959551786908708
4572787467051105827163820003
524811875987391282881113
44931348475717726
135380546854211122437353
8387369004943
38759245864
89765315329836379869716
5375389457845
933515920368568
6272798485587593
4279510559069028273493
14781368050587750
783722636014632315786472465084
30519783154662415
02068739166573896
0544106553635075
00385258700887262
0759873629
9314089758740417726289
47557170304735
20735738387455024
89106375611
529069777885
895100747350110
923900190867609
377072829109591780
491658424447319617139531937
8000878095426026
90099434917
9536994450172177846234589159
258240124312859
84906482557052680845653
9523652473734
7572732498889529
143975225256196979494
45735848016413121
1718696107395376060753070
055536129800
54627372344320321
82316416056
5320104311482618511311047117
854917791529740447676
4979296873164
2244174971780981510521596
91095643191478295
48885454772976448018642
9140658878070142037629585
003145807
63066854400482856322
8459582470989953
525833189120586
458257840877404
814009231691
41371377601525
49545028995819810
6070804228019872
98608208866082028455
102203112211961165473
406942088
833381112676345
0028834643054683485993
3329242750065493
3837633218319152
051849872342030
292913504325899819
451439228011614
0628120148641594242822622303
549534816631
7935995604572344390
1165354673181696161980
834896939189794085482099975792
740661127545165
599345715421110
71265062162931029
622903416
7931167139676542
1232103551296
81529191149507428919
994910075514
667794739169210575
474502007274102
634248640223
6544150915927914030
351917916690714414333
71086059983
85872527300419
4525324346981
96134972627134226436
88081034251047
3261546955018
130311198649705
3009861
6867071310535248
524234640362
128826430237
41888298510
185549869703639
43288908253229873
736558142449
1815174926368010
64595705763
95169526410
6472241927054346
072246339622
4334281823278912
382318878709262056144831
774641464239865
825039693073494694553
87186555054593520255
7084052886
880804109133752900
75360707265913
9681427024209939919
95399552560337505276
693084424193220594759836
138524445760270
9981840221670468
43328979347448660
756963599460622147
1447683933008866929
73353468955531506
682531464633369
77106007990407
168421316003225338293767957
37022077
971798530598053442
335866616290997
794041435209435
295359871516
1316462457121664003
155379212884
08491685048372800276
55106053650979065905
84418442628137395297155516740
0760560353687761730158
23806326825
423125737659801101
437320091750
87923826786253
12882786772757
7333966315566
92808830771
130238898487445669706186324621
949732802080988579424
6492385588788308274656088
524470278638641
1970572736957
8641143401754997
84512356637179
7684409
0664975703494123851580473
2293641108713
4057502597997
94810042639172802
7988441380
2971788271
30591773
9258556337
40995945840515962582399535086
79228966581831
706621425
437314742261
474
2660424254
799651665
1857676788419525110
644258899912377744667827117
1656543631535
05857
85200065707278647928301600365
45875045381
233443203266
25137238429830
51551352836593
676766052361755537
66769270009272272
6225849
9603
36181922126
8293429414651707
0488
9195865824
36796208432
46538952356139
7536166566
76857
601887873449767545176150507
6862806042984
57037
1743
95924905494
2002624
522121787
65249
76773527517594
969657801877708944
754664447526275924579685
202107542
222520101
300432448315945409
07026977723293
79997424
420478518524
89151747877
217434896269
408398725758162240
62257
416942
7571075947
640954579405213516
36
0913931910972124
8117
88885965
4562438974229
8459
9392693
78402
115638930267317780626771
611
22927
81222897042836873
91707148
369034951325699
319911626038347615
2371808635546
719896451205215
1472409
1057
6942041417432946935
06175120060504236716206
085887432
46770162420114
3042740264191
651699707179517608
2913860
248282287683
352040715801
715642678273
3802283202
4347490
896640141549401
21660
5
4098517153
26433661
11994719783509529622676645208
107267033232215
30
22
34367968
0136919771091585
46566316
206045062760657650543553
97979040
25680642164795307
13423497
880
8566455
51556865885
4751911144
46480
491876943
52607580
342962859775
1201927727797964169
35232596113679
8831
3938921735947438
13976971767
9292864801774579627104019
169589
829202043
205960
7987243773
77704890570
332787306
393
19521
293646
895042
457542999937135591
18783746
856515
8857272
050959364
975115
905
3681600082
5783985742820694
114176374607477
8785296416
2777193267986515332399148589
7255230378
44138
9938
353228160
8013258251
00
6098115290278
5057074871
341255839
80551
550593
1333133660305422463
7535473
47
115
7096511856551962338217628011
1966
81571459277716967071
46333686563358
60
44487
43781034314962
14320
17801320067879
269555181655757683904
1606129782368444
4489
290
00178710397752902
63924
44272977
8741261262827
5365
663
71776436670
1005192427
027198698990
5863532
234843
284568
233574129499524
259161770
88181896
72127515542180
1417661853
15648
81161524458
7851558
6628
1806184
60720
837
544944491097
43534129048253
1068261590368987
44
02360
24934554
4818
757
58980
855253264197444
2323
01093670278
0508264084813818
7
9153609
42
950888416016083
98729232797464118598
219537
8760989801
5830013
072817147505602419974400690745
4103
0503072392
361436784814205834
780
03450
228
4277
19560
304002236
31404
31
4775192581
167679410
945412687
66880
03046598506479720736
2139920151
86532190262514167602584
906213
72
202
92351067705994
1790618
416
536693626089169
8749531494
3962661868157756
1097
40
7513122041539243090
6502375521138214650430412
319052927926822
76707444
03203
9377905039981281
2889
335438885
33378
3978
4022980672
0101732821522
373977577557
94121223500217326
08008429
30765978641700115230
3513
52066935800
70694412910
982410785128097
188832339
945134666648553
22889125711394757155587
76947505
5374445517912
4082478813320406441
609
327707
0717773
38436225796150277900
8822
56098401
8449068816
6269271
07541231257375961
6736259208
495681
2493131783638639
427322448940507583254499883196
659869342
2142940
340689830822
29823227232713
1688332044021411868630
144
33944
165222131353
6935473238
0
322920125478587
26280358367095938241870
8557
35460059436
8196
33862
9345
857
5945335843
5314
2032658
851138412
880736231
8919
90
5995
59200889514
57744
2406
645976730
620833074364
46991
5648186630879696
3777
950496
9389224882764261215
81
8868163
12472223297653911760
157559253509522868
81354
0673
4832916600773
077778009
15677
58
07
3228921065653980184
35
4646045476838
974579857355
4384050508382938443
111057
53976927261
67154
31578494725
5012450
16
8601636782880
5177
449113616682432094194
55896295128118
584787877085
076
5686792660476921084
424464440
704
20832
293
83667
435
381821441924432374852178
3441365
323
27102040792
3
429
367419609157159
57
7112
1147178526
423
80253064
488573153554
01007714573
275258077
311554197
967104378429217985
56595734
864223485756450773
686032
1331339894
478575513096
28
13564315267082757094
10
919669918581
5241933446
65540543
5142116607
3370
7894489488
493
68689185013629591616813
61061680
2299404575867
33845
97315775709894966714398
253
126963737
051458
72040224563952
56
8533139
41596942
75942882574733
90775241
25000
32527664826
8
1538
11
47862099552359961
7543901112857829127888149
030976930304033967758
1386163341585951941
4732462061884
7149
03865685
9
20
618870
28590867916
5576
88742468798545
786
3397248117617
7242889
71767431420953
232107681
8455880611
5887688413361014723
247422314890955394209053295
034893
00850952160480324352
950720728922852
658158511
5439353047778667523195427824
88
07047291740434548276426
6242929419820
21268763480071590030
084
34367188263
01
569098947004
00051
512686837
7852034556
5945619624896986945
3725530513914035736149597
779182579213
6425912511
38862730
388584412931
385
1
005822177
073046926
8161492693243
83197464495994447
873753233806
7626823
087861
857516175
2044773
213909
53635794
713
6706
73606755027869
715445517535097544
904
84711
80141374311
895
62919044111416765041099
355279
94
2120
0248678
70172167954
504150
445127
040514670
3046744043804
829697291
68
7312
44418629341228
2154994865137910137349
0907
294754931409
3971
354543364169648873046
1646
312
508582
88557677658929
45325659
06078706
79723
765312
587567250875607590
6
503949338
759005599810889
031931150548593180
43
89006619036966724091
7597193115408055286751
4113464
69603596901793
450729588
7165
02291
61665844
79
1405169204767720152485593
001399444089650006808
259
97760
424840145933
4657053
442128568272
1798864269329
56234162863210
1409414512119249
70249214
17
97353447162
70
055090775227
5982495190124333013031
33361268
408297023
0180374644151144269004892
9291466529454521900419540
1059553332649489
3373
98865
76746
298
864957
288625333
900091
35056039713
588
26
7323781698
23
16443362215
95255833
5559433
097
53498268279215
95
21134219453152
83
7961760
8737107716161
46040709035830
9268
55415700530213
764064315
41565948028451930216541
5200897030503
770
693438
69879
89018141
2442912
6513334393
38
634499898
82
49
063021511
508245267534483887
2566322
21826092829514741
804
818
678682
6457
923
8055535674633836
54
24
45359609566121491381788835608
135632
030927618666771
782
0523
1618
148
87958
13571143314516
9680
538
517539952442250
52
43514047334
65962949903072
5066568147863
6094219015
93084
39811572
0370335704
6515200037193598895
9959688661
8465606947214144017308242189
7909914624875224689945456166
180022036
9631266661813527232
39328465
4390989365244368
736204
21596
1579977550586
19258
419740199500629187691565
196987582
264388072796
031271776
7106194690574045704943
84231320
10242134
5318011847
814646075
052
983830575879712
7126083
96892205
24667378906610747
84713048955
9265627410250
36600
3600787
363744650
54376761495048737
626290079795675
33731631310
09320711213033369499335666
0713493244841
333506
99594029
4
525295167434
5157426
26990074061
5070305
374905
750197076625516196
172044541286563095080345765
8427881
728391386
8806200
374881
705329931576618570112745569
3135758046048
5624389
490342553
380449
53
64853468
5720764932484176666
57566894637
7329935878
5862
79493456469163558
973296
40444479311094298111
72363012
6502507842
4337980306
64106644973706718
4797725081201907
6259627
673969
7937504344
986259
02
79225754
712511
5657059484949
937857254523176276
82869084
212365654
2435782430025848213
8156628925
4128936570
2032783
07486723063421
38562069653432
124807
34694045781168569
08658191545264240
51640236357070
788288697856
223744482830
85337262932308703613
766570278472
798805889606271062
6957316413
96352619731492736
4066347463
7292253636963784706
5263869
5204155405951281
3794008444360534
9945080255
257250
5956551196
203567095
06043782752050912
9259075220702495
2670520292
3230946459553654081956618
024895
03218800260
1134370714346
3131675459663
892643054
268142962812
628343322
842
428675134
1067
509509333
428255971403
70886587762242940888769
7572883846888
18960873
66198851492435
68551981031050585676016301
338
856300892
4855746334808
3472
04608764
531061
871117704375602460656
4920898374
6207035812
9322574
38443
29356
847472019878
55284617052825
642849506
3890419835328943
05935254041552
0327500778536012
2248155865865371155762713
2215
62930972
4202838522122272
0126407047959291417205247
2267
2466025241294912
4103243319517
066010665822881
168370
198539398509
002951187
17224593242
18401040194593086242423695
57282523132
57079051
3839097986877087087
39592754117553047948710
185857903
25134314368211368390
637189929604
1040472439652766414630567
3819004792374766702
3600253350040151
0495108746
69982849754504
4409005786
77899
37149187
8364106082
249990215
616105826094
9376068581
7568702835
1489014750879965677856523
49091821901
496
77235581
8957266029
3131547092513
680630603
782215
4880076344
306836
78136
22053
7537212698189717650
5278379433323
0271
483661555
8163053509109
843808083
057821
8823426
4647981058
173991
3437587863963544
754181380386746
5796680305924
07158289924584
012512082
989118328905229722
694970141
4863581331
8128812142424805011
85153718682
86332309
3321828
540653
5350631
93655
59559502
630892266636
0858076225
310196046015462
3342291610
825268
8526397750000
360883176455469620630
73633894118
7269375
8509322846020
4083769691
643107
6507434129
586595403501
21450703765
104151476162835058
979424944504229
4049
5129555538
519896
3989926
5074919086718
540575910754
640428879384396
967541952566056
468774831
0447860
96693
362484089
6939356354546373094
9101116653430841698621
5887
815369
190367420618
62381121653
3261161001
198438110143844630
76874176430
2781177089203738
403374381243
131376716140
27522044905387636662092653141
46452183863168
07704910846241
659624
4327330542
86273410831918713
059056816816
58186440273
69018577810
3338484860642562702305
70041
280037
5959300348945
60822779771208724268066417
314632438696830070
1765575
298331299797
9474001141
201696946814
54042106
8684397
3095139665732
87
08687119
73365296
0785883671829858954
055455957876
093916
860749371836129059852056103532
0919527588676356384929148
67058120
99889800309392
8538594578317780783014
7164212759121
35289146247031
37
72744101666905262
37601030238
19096796
2
4813786763
882784745
3508643102902
594594103986442
73263853951
6686386106645038365
22578957391243
608118900818
975312461787267
39549387289
9570
88079845990142
552219578426
291930487805
2317663114519401
5811617688260
920324009969672547
9453914327
853774482911
787675156639163
433358339999120993534
96947011881
19993427068
68308628173082
28189550834401656872633428
63119834
457333054136585904195
918413123294647712173
558546
108950645
50630792918
667686656762310664715
4277280586368918254
43155979375
34
601836
88149987234148
99
1512313501923
11852928597
55701427522486
98991179
74647921433
0039905829829
62702898883868
591585192143951222
18214734112
14833872878
260093139807457
865122385
63631680207465619453
6230743406248
790404028564758227
73788139330578486433
6648808560
877398912088984109598880160
671726836131212704921
17329596
48088013066762540174
641281747089562
27720407898581
819
61269493548586
118026539
80965341
2055205599231
8765064634233674
446434967119717499
6527653514805
3609624223226258
5439147359
5548031289898784668414
1760
9580197805391258507770809246
576618323
0136
3419577
6174575965776672
61538408198809270
4272025652199
560733003063
366373853383
136955014
152565971
3597774427264233697
3982725862
466287800762203993262774210192
94287
1088965
370491001405
289471599709
29
9351987295680
382992856746565
45629167730717867544658
7069150534
23702678836809946304941640
70722462954556561
11655265581
564516288702
1863
570290108
0904461502
43034935579212626323906
4907781068677982335
4114
3757278228325729
538357998768673548468525484
04743622
4398348935515470
34668950295322

