Patron Solver
Found Words       : 773
Comparisons       : 9337247
Failed comparisons: 8161890
Checked cells     : 9402856

Execution ticks   : 208936
Execution time    : 0.208936
This words have been found:
33621119721056198
6589833117840874933422
611496037361878417193930
954422870526831821252281835
877398912088984109598880160
971798530598053442
369034951325699
423125737659801101
95399552560337505276
4572787467051105827163820003
65939419785181431012
960432699564089408
85200065707278647928301600365
882009561457193555407
5720764932484176666
70886587762242940888769
871117704375602460656
264388072796
4334281823278912
8509322846020
395275719833995
02185895666021
9252187136014709268143650613
030602765075066159226650
100326220150492935628784
13564315267082757094
682780392534078
2016639364269679
92184041430804979627028
56486027844028791237557441
3252848484133313586400
196708816290393785
81222897042836873
44418629341228
18074927680022343058052441809
6041305658391803682
7513122041539243090
96391384512445129982
115638930267317780626771
47528132508628402488
57036700887
783140728228578276931981
94121223500217326
205855880179609214812
834896939189794085482099975792
85337262932308703613
74624372394928315873
414137087265281538
98435826246866164
629880571296249
15673537544902389136
517539952442250
754181380386746
60689236603314
4876833138604546940474025
773873792196532
6988401831812918
529069777885
17051071397013999
408471675407648989087
1387101535921111072969
0391868568998566243719
1447683933008866929
2968800555104
3338484860642562702305
335375972604265839
57049293155427
30519783154662415
1040472439652766414630567
419740199500629187691565
0028834643054683485993
89006619036966724091
866259341873
5686792660476921084
6544150915927914030
8996690520140
40150175155813292318363
9291466529454521900419540
640428879384396
314632438696830070
9006436387698682
399367659625182
85499849995677265641
87193469112376238
21268763480071590030
46040709035830
2337348119068552985521241169
6942041417432946935
864223485756450773
219583488249085777251890253
048909131462773396
031931150548593180
68689185013629591616813
055536129800
662148752570
05055917674280360805976
81571459277716967071
5074919086718
63441011076694
381821441924432374852178
1400496809933979058
23702678836809946304941640
920324009969672547
54254453003618023683713027931
5241933446
2346454959551786908708
44931348475717726
89765315329836379869716
5320104311482618511311047117
5769985787397
14781368050587750
300432448315945409
3839097986877087087
783722636014632315786472465084
0759873629
989118328905229722
491658424447319617139531937
22889125711394757155587
2777193267986515332399148589
3890419835328943
9536994450172177846234589159
7543901112857829127888149
524470278638641
969657801877708944
143975225256196979494
854917791529740447676
48885454772976448018642
79228966581831
019823447822464
072817147505602419974400690745
8459582470989953
3794008444360534
66769270009272272
591585192143951222
86532190262514167602584
135380546854211122437353
08658191545264240
814009231691
7935995604572344390
98608208866082028455
233574129499524
509960592767779
3329242750065493
833381112676345
39592754117553047948710
292913504325899819
9591622068498437
0628120148641594242822622303
18401040194593086242423695
46770162420114
783539049387746056075208202
1165354673181696161980
740661127545165
107267033232215
622903416
81529191149507428919
994910075514
36284538161151180541374
0664975703494123851580473
634248640223
351917916690714414333
138524445760270
71086059983
21967036252675910
4525324346981
130311198649705
1068261590368987
128826430237
185549869703639
377072829109591780
736558142449
45359609566121491381788835608
2248155865865371155762713
3230946459553654081956618
586595403501
268142962812
69603596901793
693084424193220594759836
3228921065653980184
8465606947214144017308242189
0785883671829858954
756963599460622147
77106007990407
168421316003225338293767957
4277280586368918254
335866616290997
155379212884
521737455960066258764
87923826786253
55106053650979065905
48088013066762540174
12882786772757
7333966315566
361436784814205834
779182579213
949732802080988579424
715445517535097544
644258899912377744667827117
7684409
53976927261
703183743811417855
5982495190124333013031
2971788271
9258556337
32237011744084059
4398348935515470
6935473238
538357998768673548468525484
3757278228325729
43034935579212626323906
0904461502
0126407047959291417205247
7069150534
1333133660305422463
98729232797464118598
705329931576618570112745569
3982725862
3597774427264233697
6070804228019872
9101116653430841698621
6472241927054346
366373853383
05914466109220246
54376761495048737
4272025652199
61538408198809270
457333054136585904195
880804109133752900
508245267534483887
6174575965776672
576618323
9580197805391258507770809246
73788139330578486433
782215
7957490682447619478
759005599810889
3042740264191
79493456469163558
06175120060504236716206
3920226638118115217719
4103
8919
9292864801774579627104019
293
435
804710070889281796
3472
814646075
97315775709894966714398
8538594578317780783014
46991
9314089758740417726289
97979040
8823426
80141374311
904
9981840221670468
1386163341585951941
5439353047778667523195427824
280037
18783746
5052057825755704800
584787877085
4098517153
5
7851558
6628
77704890570
539376209360388073035859817582
540653
508582
06078706
28590867916
115
9631266661813527232
1966
88885965
640954579405213516
46333686563358
36181922126
234843
35289146247031
7164212759121
259161770
1405169204767720152485593
59699671719031949515438
8868163
770
8857272
637189929604
967104378429217985
6686386106645038365
9153609
0136
963053343089011
1688332044021411868630
354543364169648873046
3971
4049
2665749102091823503
213909
713
198438110143844630
335438885
9
630892266636
80929832228845
5559433
04028040562765026825361836796
538
9680
203567095
30765978641700115230
26280358367095938241870
114176374607477
8785296416
466287800762203993262774210192
895
1618
181650258139159096311605506191
11994719783509529622676645208
842
00850952160480324352
059056816816
1538
11
290
1790618
4409005786
3135758046048
4327330542
5576
54737412181664810061693
001399444089650006808
1067
7096511856551962338217628011
57
37
087861
373977577557
8013258251
00
118026539
00385258700887262
94
1
53
33378
21134219453152
7572883846888
5263869
25000
24
54
6457
3725530513914035736149597
172044541286563095080345765
303865785479731539000
3513
8398046504979392729
3819004792374766702
69879
8196
21596
6
7
07486723063421
0
202
15677
686032
5548031289898784668414
843808083
13976971767
765312
663
588
219537
4732462061884
5887
820285692863185923
7613598377221
408398725758162240
7572732498889529
17
427322448940507583254499883196
495681
10
95169526410
900091
2032658
4
983830575879712
65540543
86332309
5995
28189550834401656872633428
6242929419820
569098947004
88
16
027198698990
70172167954
7535473
47
8760989801
81354
2154994865137910137349
360883176455469620630
284568
6306203485820252
64595705763
13423497
201696946814
84418442628137395297155516740
525833189120586
519896
188832339
825268
1760
609
90099434917
4818
8
764064315
879258472771156056637
295359871516
896640141549401
882784745
68
449113616682432094194
33361268
67154
9523652473734
46480
25137238429830
5365
2889
5802845797107959047408257
28
478575513096
5863532
0760560353687761730158
457542999937135591
27102040792
55896295128118
8520113808870040738192
293646
1332619336371210528994663758
3
923900190867609
02291
07542280884007068
84512356637179
14320
298
05857
1489014750879965677856523
14833872878
408297023
5177
6502375521138214650430412
052
8233340489938061495770336971
3046744043804
7909914624875224689945456166
40
5862
22997964161031341736836509199
416942
7571075947
0913931910972124
36
72363012
60720
4390989365244368
1863
07
09320711213033369499335666
31
5439147359
56098401
975115
905
5856244161265602815430
4113464
496
6425912511
7852034556
512686837
558546
90775241
4907781068677982335
310196046015462
49
804
9140658878070142037629585
6736259208
9474001141
247422314890955394209053295
8459
073046926
9945080255
360527350245805253445127
7165
43328979347448660
81161524458
34
8566455
68308628173082
44272977
32929925012418268
79225754
986259
385
260093139807457
9352100324374045
1806184
30591773
298331299797
08491685048372800276
288625333
950496
9389224882764261215
524811875987391282881113
40995945840515962582399535086
23
7515665949148756275
108950645
1472409
52066935800
08008429
36600
54042106
923
89151747877
6527653514805
8290541836882688147
424840145933
97760
98865
62381121653
2215
0919527588676356384929148
200062815395582
4813786763
202107542
65962949903072
25134314368211368390
7255230378
65249
522121787
2323
855253264197444
788288697856
86273410831918713
76857
43534129048253
74647921433
0488
8293429414651707
676766052361755537
233443203266
1606129782368444
319052927926822
17801320067879
44487
43781034314962
864957
4832916600773
24934554
2002624
95924905494
964867998255
217434896269
2566322
2
488573153554
80253064
07158289924584
0717773
8822
7931167139676542
0503072392
6094219015
64853468
84231320
26433661
22
341255839
9570
815369
152565971
077778009
0907
294754931409
84713048955
96892205
126963737
880736231
51640236357070
34694045781168569
58
67058120
3600787
84906482557052680845653
7149
03865685
363744650
44138
9938
353228160
7106194690574045704943
38436225796150277900
4347490
750197076625516196
5157426
94810042639172802
374905
967541952566056
2299404575867
97353447162
12472223297653911760
130238898487445669706186324621
7112
1147178526
5624389
03046598506479720736
2139920151
7323781698
4057502597997
29356
0544106553635075
29823227232713
87
2142940
509509333
673969
1097
0136919771091585
222520101
07026977723293
27522044905387636662092653141
77235581
2120
0248678
524234640362
03218800260
024895
45629167730717867544658
333506
99594029
32740023775680007030
60822779771208724268066417
5959300348945
066010665822881
66198851492435
59200889514
7894489488
47862099552359961
428255971403
41371377601525
68551981031050585676016301
1088965
531061
458257840877404
57282523132
6706
73606755027869
8957266029
7568702835
474
706621425
2660424254
1765575
641281747089562
2406
645976730
4279510559069028273493
7537212698189717650
4114
13571143314516
367419609157159
71265062162931029
3321828
59559502
973296
40444479311094298111
442128568272
56234162863210
2781177089203738
1059553332649489
73633894118
8526397750000
3342291610
7269375
168370
002951187
634499898
41888298510
8601636782880
63066854400482856322
3437587863963544
012512082
540575910754
37010458593430215499
8641143401754997
853774482911
8737107716161
9376068581
55415700530213
468774831
72127515542180
6259627
190367420618
642849506
05935254041552
3261161001
0101732821522
085887432
92351067705994
69018577810
76773527517594
754664447526275924579685
2474621243458539327
01
5887688413361014723
860749371836129059852056103532
73365296
5656565037499044909
906213
72
21826092829514741
3989926
41565948028451930216541
57744
88181896
433358339999120993534
73263853951
608118900818
975312461787267
3837633218319152
96693
362484089
88079845990142
2244174971780981510521596
9959688661
180022036
8749531494
2435782430025848213
43155979375
5811617688260
6539290333926288927
034893
950720728922852
667686656762310664715
11852928597
0180374644151144269004892
16443362215
1201927727797964169
35232596113679
50983524668982
8533139
75942882574733
24667378906610747
9195865824
46538952356139
671726836131212704921
61269493548586
2317663114519401
08687119
1316462457121664003
055090775227

