Patron Solver
Found Words       : 1126
Comparisons       : 4989843
Failed comparisons: 4367941
Checked cells     : 4975216

Execution ticks   : 322
Execution time    : 0.322
This words have been found:
15576
94008
58992
3398
83772
53890
04769
8990
90872
3576
9810
06907
03880
98315
54356
9356
3893
38293
26185
17592
3194
34175
35643
11603
36007
35375
01264
75224
7526
6183
36177
31778
16942
24130
6521
2291
6930
4813
7381
67047
1890
3635
3869
356
3015
3054
2495
49843
49480
4099
17190
91850
1746
62148
6270
70444
09756
73071
70088
4367
16005
6671
6673
667
4380
409
708
8402
2907
24116
61790
60943
60749
960
60144
4396
45720
21429
5609
3014
3172
0834
1891
16816
12905
12683
42876
9924
92128
0523
236
2244
4288
4280
4026
24320
1359
6631
366
113
1691
95809
4463
4352
4378
2914
243
4029
53448
1524
15938
14592
1458
193
1988
198
447
445
9945
9973
15962
1778
34471
86579
122
1031
103
1301
42058
336
6442
1325
1361
36709
43578
14924
68348
6227
833
1312
1353
159
15592
33506
153
154
145
9512
0130
4019
430
41704
2540
2570
0172
1780
1840
11488
873
8157
25475
86792
8593
8376
57757
57591
4150
5419
5411
536
5371
519
05497
05176
0511
0271
03608
83650
831
150
15
1156
1642
4713
102
2609
5467
45760
12228
8656
865
481
410
785
2313
7835
132
663
466
417
17607
7181
7396
348
6013
6045
918
0489
5441
563
96171
8568
856
51640
8908
111
03567
49888
58786
8474
8465
88531
27803
9879
230
98
9095
334
904
51413
97085
97
26116
9560
564
049
19885
401
2130
48
5097
0628
6597
40334
68504
682
809
644
3650
0493
46508
3689
4074
6
919
37
014
387
229
2311
846
4530
668
96269
1198
4650
984
5
9326
898
2639
06570
6068
406
78
6072
675
68
6706
6707
56817
770
5077
5087
508
50
57
776
586
00
20
048
772
30
0751
0752
333
413
0872
377
0800
2757
5697
800
8084
9985
2474
370
97401
505
880
027
8857
949
8854
885
73792
88
13708
0715
8515
7864
848
8457
479
6450
84
874
980
2329
839
8774
9987
8
13659
33381
311
67727
244
8078
06572
7840
5396
4000
8249
364
76531
404
67
67416
7043
551
5816
9341
2894
866
17492
43
805
6482
681
45219
415
8838
5660
0853
858
478
3007
41
228
7169
346
590
258
556
3485
18
6792
77193
94993
8441
656
916
740
925
3062
1168
591
319
95916
8697
83531
350
21084
7287
434
59
964
66259
471
582
5254
03054
638
454
91
4717
1071
723
060
47
02
000
94112
530
855
52836
98682
2206
531
695
606
7421
5451
315
10677
513
11
55802
6081
44
592
2951
044
202
4516
372
607
0436
555
65650
4089
4
5000
45
171
497
4501
0106
89
59600
52
436
47667
581
5385
64159
1
560
6618
030
400
23
2616
53383
66287
8440
6180
567
58673
76986
9292
4519
804
024
282
9004
6496
561
956
77636
8700
96
17
32295
196
81031
807
8005
00931
354
77
087
419
19
0108
306
0
462
028
5391
6455
53
5955
12166
60
484
12
660
03536
6582
7229
946
588
07
063
797
09508
803
010
170
9554
6535
570
6868
585
40
955
3
799
0404
5181
384
402
25
1774
197
38004
637
6149
8424
96939
794
9000
3933
07730
521
061
8647
629
965
746
416
008
0040
7198
905
35859
320
2976
989
480
283
5996
7964
018
28
85
65
93
01
80
32544
900
408
74041
91660
71
64332
8770
2
1771
6301
8002
04
666
06
661
106
890
69580
930
5709
548
72304
8742
5439
491
5233
79
3140
222
790
58
7
99445
55
646
962
9904
4129
717
82
74
48213
976
90
6870
006
693
7280
54660
748
883
94922
541
03060
482
7617
05
9136
4645
73280
932
8623
4687
994
056
85440
77744
9833
39
48768
054
0282
31
9814
61
025
9966
343
3580
052
065
9355
0664
619
86
56
9717
0088
4757
6558
177
7070
6502
65075
373
840
7957
66
29
88974
359
558
24371
64
672
5491
9166
98621
137
641
72
3887
38
963
152
658
286
69
5055
694
887
83
659
97570
0532
3207
0613
381
6949
5423
526
3132
94
093
0802
187
11605
485
053
4538
941
673
200
13
9491
6844
913
7249
543
395
938
034
9039
49
744
35
34
540
49904
7986
098
6735
715
741
982
99
058
737
995
3046
9999
094
26275
331
998
24489
85957
76
9751
779
75
753
5482
758
872
7827
2466
11617
301
7282
4365
215
27
3272
8866
212
49772
217
3726
702
909
257
79258
95
1773
3522
214
251
7367
288
1086
22
201
572
043
22643
942
2676
0103
589
05347
622
16
021
8710
792
901
87
5225
93053
7923
70
09
0302
705
431
08
908
8677
773
4948
73
7374
055
069
2507
32
511
5782
328
46962
3298
8912
327
324
398
5395
95292
39529
36
23195
234
6426
54
62
4556
7376
62438
174
148
6242
983
697
4055
63
632
742
7428
726
630
7267
96086
241
72494
544
4259
764
32309
04828
92
769
763
7634
44780
8413
33999
9739
6788
33
335
759
23995
5727
24
143
246
5638
249
2779
826
2498
5479
299
2325
294
297
442
6763
090
2734
24091
549
929
81
5281
486
9298
97786
731
645
8207
3683
326
760
7793
8059
62958
81181
4914
889
6305
422
7336
7085
44475
844
6874
4898
091
0299
023
221
2178
7402
026
0374
5715
689
81393
5049
10
8189
812
7028
896
59300
302
860
26
361
2635
2636
992
793
262
8153
3548
2195
264
2642
32935
267
268
467
4064
42
421
470
4480
6003
13808
766
76766
472
4723
427
4201
81714
2723
8835
223
439
1199
814
227
5909
967
2391
25876
5920
2204
22617
604
375
322
46
3224
18254
316
31444
5052
734
16446
175
14
9
14959
03
1414
953
51
144
146
8390
0626
133
1338
67540
8490
28597
469
44902
6287
628
4466
822
092
829
59041
9226
920
019
968
161
089
2514
631
0970
30614
095
502
287
5026
74456
53076
969
903
3762
11014
305
5750
4204
3509
711
0032
05391
931
9315
593
9099
786
5408
414
0593
59519
5315
2040
2230
2302
220
2993
9291
0538
92915
529
52945
523
54254
754
4562
17497
49276
927
83713
71807
781
823
14051
827
66209
8278
001
8711
0566
8106
60163
21
1118
6088
391
23993
1185
598
446
533
0192
8073
0187
60017
688
7733
912
9433
9367
8836
756
9268
8881
312
38178
34811
841
3382
5218
9251
5221
5314
81269
825
8529
649
42486

