Patron Solver
Found Words       : 5606
Comparisons       : 151492850
Failed comparisons: 132449228
Checked cells     : 152348976

Execution ticks   : 32812332
Execution time    : 32.8123
This words have been found:
171690977550877
2665749102091823503
135380546854211122437353
675015254981047871041
775849013777062392
35739919675740
6832824434219393222188363
2235125438833993
32086102186004
46282611239138861923
360527350245805253445127
732210233023168
5320435732890
31907373465165483302730
18746496200758
611496037361878417193930
10259329518092524694
200417337860900
322920125478587
72704602597854490
954422870526831821252281835
3510595947393712602
2922043299396699501212
96069661716909237431300474
52140051591392626330
31109492105409452
922949530090223
95083940473398
97170337484715193
4692353015978957547
85872527300419
971798530598053442
23876399866212764
1121081067873928
47349054121719779030
531473217539800
22889125711394757155587
7012471174189
45769504558428
4050426016224090829350272
58560895589397859176
2163524224392
878975364226327
25026075624007877
07785875235017112162
95399552560337505276
536047101454815
1775396959246895
9805094039034683
5802845797107959047408257
3564604299348431
737276596198255830
9352100324374045
80983564465261
2669450297697113
6340245258733620810
05914466109220246
61330895485625
177388579634891
19445158324960615139335613
2499347025225678
52596555531148305275
36147333947725528557
75266361148584764557
4572787467051105827163820003
4188636728574859663
982410785128097
7172240988703
2185113735359422
5917786116080
65939419785181431012
198767611808726690
6539290333926288927
62525642834486513228
9294805671290898
945486832859330
960432699564089408
621741587344
87866374004726101818101989
85877279188553747
420908535252215982514
92815861768622815340
13532678093864
737949752757089105788
7223867726530
721036540557
85200065707278647928301600365
071223855235534
4780706589619297817
783539049387746056075208202
70886587762242940888769
2297678148498634
6041459786185252885
871117704375602460656
8002356639507566935
42347646889183
74624372394928315873
71268171101088079
6762068019841627079817
23412241120892579285
22086259546935
4196006472503
05464331818880508501680210
0462756678095983093640
860842086716162175
963053343089011
02185895666021
91901385073608260629
1707258346020224278
86859678410782
501372277336207
86493377403386983
36140618322585626
181650258139159096311605506191
69976499769141469801391
3759790337760
5739272369097842
52605645831874
1489014750879965677856523
1994622563374147
34771359841085891979
8398046504979392729
663055090172362
030602765075066159226650
3962661868157756
100326220150492935628784
0424249396525574804
761684848331048684233138
57575668438030473
2042364611085355
460728810752
86273410831918713
7964004131908443
672289475573
45629167730717867544658
47253856299
785797522444725956
87193469112376238
77261933907
3336162545347080
584220823350895969
43288908253229873
48691401656797592861
3878853996958334133
682780392534078
612779665629075
64106644973706718
191530266819195915
115248748657769593737
6064541272399951844
2290500643170220
96096935604810874
6386083932790626
158451141566833
86651136643005764
091176907687582
462953585029783434
4638761265970
53878470836964314153484540
690785091621298966
11668443990
686972417842877467841
992924695629331845
03461769131451504518
8932791294870024303
007441003948
864048215596645464
25134314368211368390
869841126874151817109
2257308109412
172663987786
5656565037499044909
468109965253483
0727759821863224204542727
31949801875106
0235676126250636282702
44418629341228
90494880603310958918
30558712336207076
072192986915288887
512535416915835508986
53704124130663419
07542280884007068
7513122041539243090
3709375273002169
06941982547754618
0180374644151144269004892
019823447822464
52625989878746038359631
05589542968855048639
3710346405804923244904644
7125486967497012728
96391384512445129982
07250719205399742
8180288307840
814362611343981248927516
51876072313437
989100129382790
417612454228859805
32765277038907
114351213212617718
18485594330
2337348119068552985521241169
490621520393811381
136925447351
360212846436927254
0039905829829
296833927156232
2474621243458539327
9505952481977454415
7485578272686163016
7612739720220197
81728604477718507066742
306356499786177
3356748612675718716
6550077457702818
281483066714
61309702858279320897730
9377905039981281
5052057825755704800
22578957391243
9828629838690122
2839127975523
5151026952136843
0299993917509038101
521737455960066258764
959214448012027
9494413579425754
2697944591564473
6996755772602
84418442628137395297155516740
41894176956566
59699671719031949515438
15861198079945944
794020248485974699949
0469787144358787
834896939189794085482099975792
920470579646237531
14290155277672431
40848989861977284
98775223412874014
612874158896414
4358622188744688
438205058538848884832373
597234852445884
93297020042551
361300563566155028683
52545676904474455564996
8557318399044
6259835596506
0761631348315144047
660269391391551475
742823846787423496
374514912332424860
629880571296249
5374445517912
8969811118303208288304
282187993812092
71867477610
46926040898714394104
773873792196532
39049829462751
1857676788419525110
759005599810889
1022089449
6988401831812918
273366406405
280181637605
804710070889281796
47862099552359961
1134393205062386858
71661821411002824676
13090299980457
12823055069445
866283446540
834223554
289143574563348329
17051071397013999
166721695707691
916902496697859
758185395264227637
0685796905297187808641
06043782752050912
26990074061
466521563326555
472398954568692655
51551352836593
5862687882241583262
55896295128118
45398686087403450
6254300488879
24672803366
7156995462343716
0391868568998566243719
00178710397752902
93937362963396968
932525162783459
754181380386746
6098115290278
801129496251261967604267
86978759706956029
36284538161151180541374
48192420778829479617
1447683933008866929
200062815395582
2968800555104
3338484860642562702305
4093633846750254
207483118873
496009165497952610
328805543883573758
73153607289531
79236774128397751
1841538877572
62919044111416765041099
32929925012418268
09703527289636
475689110321820
05055917674280360805976
6870322485057783
0188556409529686523
451885735800305
021153691809
65135489856640
2930599397453898
98743620541
05138669807650539
8924766454142002400309
749856507545214341
14005233403831
308261451373851
9314089758740417726289
987444421732310
39129096331119627
30519783154662415
2472518822
5856244161265602815430
597465241427780
08177731503572094
1040472439652766414630567
3991527922061202
37352827925448
50983524668982
261001605141664748069
2514130629781
0634875616179391016
36182393688553
72127515542180
0917520513043025
5415703269966616
6847375362437
18749901452
01049950778443933
419740199500629187691565
6377007786421472
0028834643054683485993
667794739169210575
7399127862511
43904952407837
604405801961919637345780
6492385588788308274656088
8313706306885491689
5686792660476921084
77382207578275
1120428771835393143
4123573009694617670612
309740329293811180
71265062162931029
2127996920435124206411413
9247913988889479
6544150915927914030
5720764932484176666
9358236922666
921523725909002
5283457021401
07047291740434548276426
264388072796
966061475883142
2023089412018
37010458593430215499
97708329276024
9476419905014
0374771821717728
719603955042
1654276040602368
00850952160480324352
8520113808870040738192
8996690520140
736529993528
11193653517172792334
3700355000814
705329931576618570112745569
12731414142984271263
9071251420153069
300432448315945409
314632438696830070
91587683224302
838390071048035325
9322609993792971
109881318713632099107060282
812357150460905707105
41999184896005752
181345777562433103
811798000184
1821386507799
225587946296
887722677061
15385652035625
9006436387698682
9333699385348786989342
1718696107395376060753070
112559317306
8075850024262865804
6777469958352453
7250353243520390555
104007539123
687249876756909795
36562863534838336785666
93684761368388008032404
5533382130562188
531845518594942
862379301514946669091
41091420578922
902769674599596452546
8656108076650046
58040697653656054
8087980875768150680935
69982849754504
025560322488758225
5783985742820694
01828942462905301
9531219186880055
2858182499807761
2515268189507279879
1018469913784263
5769985787397
864223485756450773
57049293155427
219583488249085777251890253
292332496701876233
614624332979287
88985092682457740
02373077835437
03778546823131
2250496113712570567
3736232234641702
659689006723259
09181337803825351124
70552190319064
714376526255480
79861094172735
23149831388435055255
68689185013629591616813
67569329850
5785693684761
81147618483963
596738466079015020
772612816159594247
335737277568855689474
65713064873
662148752570
362959520312872
32337196757178802
81571459277716967071
5074919086718
25885717027191980355858
4082478813320406441
531145565407
9989085064190732
43802408979037083272
509364875
683090407150504250896
16313848379040196
7848253550386035
7739345546250586
952458015685134
95002419618671344379
4602756857979134
7647147179398212969
067809568060337
05462918611740
153213603555005957259658
157636006760595554857
28709706851110
0340997713727
9511504296808306
1400496809933979058
1904976759774939
72526091131286452
65701967975897052
451511789705202837
26342892861403
21967036252675910
2302420003825676821
14075378230290
172072718117763
748311891351737812139469417
4732462061884
784326326208140
628086800030386556
4443936779826
02290295279245086861540719
405857668876911149
7292253636963784706
609273435463815549
6849051984514657
41503550139806256060708656
6170256588509059
937857254523176276
9356556821056
3471018359829
82411663994
5483206825210
2159050831613866
24380246259725325
560733003063
73353468955531506
2689512784652597
501771033720
886155859675
95346847527885
836999421172
8720989118544
13564315267082757094
9933977902
825273348570
8691949860153641984668
8387369004943
328244187931254
8569327163967
680277863982
6117485717672
2720944813
62832465581459262
9637803527641446
5320104311482618511311047117
548646630823425
5707192753884537
26649475598
0708737873818280628022
89389874759953462
937676559400168
6272798485587593
4226108776
477985054188
7606181113571723130
086350830098
1073730576786785363857508803
14781368050587750
0755467236763
55605003540424820
30040672830723760023844
64048994624208
223571178769806993
241507849784570
015599742753224251
0590916741249074
0909296500890838
008929799416305
8161492693243
2797925316717
650351850064818575012
377072829109591780
02068739166573896
58501828164688152388650792923
6323672088706245868
37535678921649151567
47495610675378
0544106553635075
00284233556
17625226598
7530492520
7643792684780847
3269951893858715154154
07135768635162
0759873629
1798864269329
0081472351
4425472075027478781
07700818736511
8661786193015656
649076198679
9162524686950148411
81691473117096
93580779981
934575929552527269657887275654
5003637864
8550158875882
70067191831250
4085592902662633
554172329170428
3131547092513
058155582404128325184
989118328905229722
47528132508628402488
596618018719
859099995408425244
66769270009272272
856966252150895531
16987044208
1682287931916
08491685048372800276
19318280671873052576
78067622278967
3707560534054
602928953844
87967849932493
8000878095426026
5943588330742797120
159958219052
3890419835328943
434391166685606458295
360154560574569516
357389123953
9536994450172177846234589159
1796883792657153
50778446217524
41835605349413
5679189472796
8952840111146764
45581266283
84906482557052680845653
267598544485342
88160033171817619175
7355913894
695246374570124
7572732498889529
72370513384120
25498691456264555
37969842449603
23698848046907691
62919274214204514726
29956175212090
769310669396865792
783341291640
74728373206829649536
174326919105660
14191887448457
06116110955676492519
7961021932351182
660309742582
969657801877708944
6491323015658821
7256757011478433435
92876758118529
33431703805803
414040093647434081
06275158607622704
074952959584016
61483932393495472
72127955185729789454
82316416056
82209221477
24982221513078
4242429287932288
854917791529740447676
4979296873164
69291655247305
4099296374
965735145595614082486
52664813591283
077858848287830
48088013066762540174
941687065985
62451952573
469809812646195
9976970127827
644551882391
90160266135144
56721689866792284
8057721803
45250112792
48885454772976448018642
4274467149705069
0299247249047503
030976930304033967758
879258472771156056637
414775987
1452714848987
7129449029468
79228966581831
12468085494846950
2961866127660
65298495618
113683721659
044855399071703675
1906557308716
9140658878070142037629585
5816604713
3725530513914035736149597
8459582470989953
88624269882438
820343512370882243575480
616105826094
87211919650459
065057134425
8197110732062
586290350295996321239
3794008444360534
263795923397404391
75976937284959509
032030510321797923
86532190262514167602584
3489338868461005
03503025656333300
611372256205893
3530046677382
57470507775187261
86854806815890802
199534710
001399444089650006808
08658191545264240
138524445760270
458257840877404
4590625564475
7800133874974
3084067053
408471675407648989087
7503335250040908204
2346454959551786908708
814009231691
720901694572
5241933446
79273013690
43088604397
95477704326273035
9268283810268087910
79022842561
9518728343756724905
56181709148
429106492628
446909126806307707801
072817147505602419974400690745
33404894383489130
9631266661813527232
3308098544987
41371377601525
4138417847574840076
4561833998486872695
07158289924584
4456819859
2918117990415159640
6070804228019872
673806240488
64229071068734
642541109
8476949663448880018
0698639823343789
6048163451717
94195036207
1996239071101703
825039693073494694553
5041932790247097442
431651624805517
692945160125121827
71767431420953
25175029998
161951315013834128288
9458837199
1948194209971
983864229
105286631623
3329242750065493
833381112676345
18622297433
025437326018
01147594527
051849872342030
924803326035
719896451205215
749985800629670
674418348
910277679516
42598842819869
0255221612163494
553936733785104548448060636
84178211573101024
28590867916
809105825010240766
451439228011614
9537729856880383809
46838692296935660
43560630275864
443632167932932889
44906787317239
44120642594689
454090071089
030049920551916898589855870
46770162420114
981319726587692808
5432171295635882188
592807149650
35287794902549538
95162137126942747
1990988750
740661127545165
316471451245272
51336665214824921866911919
25224917482
9901767672299451
908561970494
922901002838
107267033232215
044102210679526
84319221553
511129984202472262102
1232103551296
861150522796
81529191149507428919
8021059370
3310104192018801
994910075514
01938045910155570
02640154444745201
7963204541
474502007274102
14507596325
38110080398749
57504763581769
634248640223
5523407702125
360926082645
84512356637179
94590777905799369
979891908301729743
19204910022
023530590201368063434254575
29558182528629819592787903
4525324346981
494326871562
878033494683642519
152326195296303445
269126151050302304
862500255848183
3261546955018
130311198649705
3009861
33959450873
40150175155813292318363
09463912550309
6867071310535248
46968346549909139
3196780780623355
130868940690
539382548053899445
1068261590368987
0502518647936
094124862229287
71550538938886108443
92860150860
608014098514806
0719621493
8294156159010933060216
6856429269349663
128826430237
1480192211112
0224618318618
713237429263
3920226638118115217719
71331509195929
5262959555802178
511509369126918
4797725081201907
26311332281768609
185549869703639
6151631059575
89106375611
2244174971780981510521596
736558142449
52443379
53049292926071418
342962859775
8119423266
1815174926368010
19844355373787048
694505837
6916619437074408428
00385258700887262
64595705763
039697083551
6884102165983
5421946100644
45359609566121491381788835608
16889945
9565546017034
223576971543835116
306355691832011934149
110420165031503843030
427155050410010
8091330775717
399742836457023
6472241927054346
72451075869
072246339622
96033276160602
331873556
27117343795501
6201108657198878
23028038414153060
25493794601176
774641464239865
283329862537
21158942
793695558195
82707742456478716452
5608789138350
33193337595916
83500333550912
825959004553601
664751222087
81102154573
811201807678
0533915850177862
69603596901793
81652516335476
33922212458487368464
0685904872
0092365329299150787
7472310050522
70721737969710630120
04816238892
98472732223507
78128717261161789401450689
5369707199
987724486
0852455711565
417967923303081
835881192142
32194888016317
880804109133752900
2524005378585
8303333424699
319911626038347615
16214581545622402
300086055599
30994732742528
9681427024209939919
50607318738618723434
511644629131
0785883671829858954
72111284875131
6617265958158990610
7750741083137960
632458233
3104785228
036257357498210
044496908447858817
979230291137319
421328178680434
898048556135
3131675459663
756963599460622147
4562438974229
78658402
125533946
682531464633369
71153505342576302
1684480868512072794
77106007990407
36796208432
1678622336
7533111803231296707
0907061236160271
168421316003225338293767957
17480103270949914
5861988680
75597707030
335866616290997
372733977527
026651662330
292913504325899819
1437733630
56139459726454
205436674648
5723803739328407
5747972046516
4222143160173165
56653897893
597692753605
0505442784518
710758984244
794041435209435
68777248648
47781211003
5528752530961658
295359871516
2752383459839782
1316462457121664003
14532302573068094
298879733522
201578995
376666437114
904789085636964986
5866352187559
78028520802661022773
706216485159432820519
31391726154951
76068930871
768450953
8984207563387
66478090668706
86702062531
8661479585075881614
37365359515122235357275
55106053650979065905
0119796222
079966421696
4217040585197
0760560353687761730158
6859949151120720
84703860
6072123798964
027758865
7333966315566
873753233806
361436784814205834
6032254210
7572883846888
92808830771
642968798474750
69968278967
87050378567394
87186555054593520255
00613702882
8243554844871565859308
130238898487445669706186324621
241304403956
36375661385535020056599
24851584971752
495576845433
779182579213
949732802080988579424
962491070121
7937504344
1970572736957
715445517535097544
347551742
915809325290616
8641143401754997
864965730
460048327193
644258899912377744667827117
7684409
746418801704905
7786211453287
2728446306445252
2293641108713
666563565675056565608151
0628120148641594242822622303
0369066043
609608916759
230804849149379
84166860502710504
841093672062
58489505123401
87016890802551
33987128368
6239883349
918553821180
7988441380
599987381236
853774482911
3890831298542117
30564192069314798
53976927261
5258879537
5982495190124333013031
888436487143297963628001106
2971788271
25680642164795307
8674772870
598026283734413151
09320711213033369499335666
46040709035830
64400005780199
8053172897878648
63058605400866
50022775
35050486900579
2156570175589
304941772
57517840906168
9258556337
99702791600627
91179169763652
37173516353363
26616732045563
69332218807
041811755623537
166805482325036
3167962416
4182197482
51912717957735
950808078641
0539935397
40995945840515962582399535086
86008443
8388093022
81222897042836873
864342896110417
4384050508382938443
735231466
6002323028894204051481
977780671
20133293384441
56536715918458
30863756176203026
863505334632385236
2240955636
096716368072387264
390350
335438885
3357350
87770585544
99201997
4832916600773
38543160104
581054678
333526245624340
8459
3046744043804
3327155451682372598
3284949418741796
2032783
403326
303865785479731539000
4358243513534291
22392432828441516
208133
20034689
0810312685301
36799
1381182
3095139665732
609437885
9203245
4653545203
14155336533
413454346443946
3475970718558
966621610991615258289499
16981
5673616763430767
5869387
828913868851218828
6384
451438292859484
0223312034
584787877085
01007714573
010757
86154034411913927
788288697856
43534129048253
659
31202
539376209360388073035859817582
428587467
249795911941904
0488
676878
6964659799523342
781182
8301885
5390095891999
52890150
76857
280037
76773527517594
529069777885
27500989
7535473
118754525652
57037
65607986805
478575513096
084241987
1005192427
943729971272
295161
135632
98989
76048958
92924
636242732897111
1700
13423497
524811875987391282881113
09700767108
225294252562
563365565
323491503539298648656
2274951941491816168609918
56614939
45445951663
583095916
9107173
07704910846241
9908
040120143194
522121787
01798310
202107542
1611
7685128
703183743811417855
951950950
2583382
85109
22525806
222520101
3989926
126791
9736042
96699297577
16504055596791
628507609
408398725758162240
9297501
91552619
57570679529820
9152
9605660124
7913042772566
47869597
1003755627
420478518524
1051714951841543
547344584022
75822728
1162
782049
782
285361653843303
696342
4750081074
72835232
360
6279
8686890780
89151747877
4600563
58980
09105153397962376
69581659425
62257
59228
4882193605
41596942
8177367
75360707265913
7536166566
0625
9314514228709
04837272782596
4326379702473508
88793109
45027
954227768712
6995334024
2634799
22927
55129111558
1688332044021411868630
216827
901831270
5576
806199
932943069069
819668430170218
48992147
5956551196
79997424
681
15673537544902389136
855706207373734
74861050
927854567
1472409
80141374311
2360
9959688661
013891898337930
007
533324
445127
3614464475
323221937
5995267733
6527288
062745297
06163051
894268299628563
02291
12830
73544
128485481
440470374463
47055413
038
30414425
0215747
858381349654
1327
15610860467
9478888865769190
89349246
99769567
30591773
122925
5959300348945
4672008
52066935800
46702
9725
97503525
0965527543
729084797497036
77752764
3179856729
07954
7455155
3806
9960904
4347490
54267918264912636
4083
3452455708101059591200
06078706
28906
43531
041740773
8785296416
566
66874700288
136139360
4364904667
429
631318
3791
331999
119105
496756199189
9466636046942
46991
624025122
372945
415948789800
599055
158649424
71787685455730014
346653412139
165222131353
700859
686970675357
12990584
19521
0893
8290541836882688147
19560
46566316
6368177307
8314
072
010295558827039
429714874
3495654674766
64035955062645655
495681
7108235
4993195
044813023
3795378
1329
97979040
26754563000679756580
0295
280917092
540575910754
931517
1969161791
167679410
08486916266507291731
8835865570
2506
4130023337319
519671
518518553497
20757618
2016639364269679
513747618
470390
8385
8823426
588979298628
114345175546185
5141764159
978587608536007
531512
1597
447851227
950496
1359
04503848025
413422
040514670
201366
4455305
66039
3279404126
85499849995677265641
630
460813743
983830575879712
6039
2968522102532
6440494
2017404654804321688
107322
1761
923900190867609
162796726
188832339
076688
1583281
967541952566056
1533289
1539
14499031
615985907948
153
1545658
65934015
924278562
787675156639163
729250
620336120
694
68768412
651332568
49595879363610165
65698
2573
787970
8831
698401825
3113
3838834435
45276913039596834
94426604221510942
138346
8774362035513
340689830822
91707148
1743
073766
570290108
14162959470
12964
70694412910
64991565688739
12614
34822
46228281943871
252808613187
12882786772757
39218
73756
169589
16523
497692666373781382
323
4702
4397659783867
1193945
9351692
0043
3370
0768
1151456555
5902189738
4876833138604546940474025
30122837475253
956832112575
29243
03
7323781698
26554
9750266
21337968085377
85576567513795461005
8295435796017
865122385
08650337074
321554749077
614445152612555634414
94152568
10870608361848047
24334155633
4334281823278912
96492412
8855760349
0126407047959291417205247
10680100
044144103
132890007184969
9073048031
70489
3655695511333606
972387
77704890570
3419577
76947505
26490362343465504
486927
76474745434
3600253350040151
508245267534483887
241109823
075146
40035414
426001574737463637446
40430782425302
24679440125195
474785
75
4392587964748666
5129555538
4751911144
7894489488
4184105711841249159574
341536
75597617355
59871666784506
26098
53705790299927
84114838395
0579488
2605737452194
514100020
293646
69770573679770817
134652812994
8030
21268763480071590030
2470
367419609157159
72373
371091559
778048
524470278638641
63730384537
46748601847616
9483313
704
814316945
708
6539853462707
28189550834401656872633428
279764505
217860127417
14979817285098
123170
1061777
65249
7052
568204610
38436225796150277900
23806326825
11387
00305059886684
958
9764807141894696
05303719118153433638
1773722996
1760
5916353857575193
2068146111
5572
18106087573077560
663661363
18783746
3773125991312
000737075
17231
1787
5350631
8162704
67855
49929
7335
7518168872
66434763308658507844
036222568230
867537
8737107716161
424840145933
7399
837636477399
88217602788839
565585999175722262
9652951695595123133081
7951309469
2626210627
6628065
747375532
91482047
1061372
1479956
9570
5591
020313098940928
5226921065
113
09611538379792382
013490400129
19096796
41355
7255230378
77
44138
69662
56836989638199
5644973
544210355
51458507
823479198
99675
51655
9125
39894277803431959
05759905376
085086299536277
7142563202
0534092803
081651914
80551
0673
8361515
413410
2060413172
61529080413800043
847142102
408297023
635438695985
5531475
174095
814608282
89398343880321
111550593
8952824403
690907720826629390
155
1966
22081279604
6285330
551752315597757
277
31229
1463608466640
9195865824
2973
725232
2967552
45014
958870700
50046
5464
3228921065653980184
74942945845871
3235321752695917969691
428255971403
959569688268
184658215479470
5142116607
620053743316
2684652287
95873124913637202
618149539872
651277
843808083
29587743
2662150
435593726731
4362673
1687940
2466025241294912
6118185204662848382
4489
8467
41888298510
189059918
904
802115929
44272977
4657053
5470008747635130456
163785
565579882
442128568272
8722050
732348446969634262808
5365
8293429414651707
56387286189
767181
6860845199688216
5633
01399518793745
565425
15
9098
5863532
5758542
122472135
4561948236
387868
3241
3658
794853134576
6515657789135
3708
287093132
3421
261492055
3659
86295636
284568
241695
6311408
6116
0133994
4157835202851
66198851492435
6317
07151
46590959891530129753950
979424944504229
88292
8868163
34220451954376471
8816912
881
3600787
052115777033
429430802
080353665
36850250584
020545098839
654039
979136102
5001715704888702
3978
28026760952490
9804783851
1775
4279510559069028273493
393466170
3802283202
5354173694136
6507434129
1790618
8724
800678150
483297523
71210
85373
7300
0562640313
7149
92696
3135758046048
27184145
7096511856551962338217628011
986818779
60689236603314
799147951446
174529970011155956
86308
208498
25069
668172717069790535464
7986194
2300054
8684397
151623130
550593
89
06928
54376761495048737
268766268
9869195955566606
723
4434164
77699798
72222
6527653514805
8275073
740149759
6706
416231633
7680
590
17074
240011582646359785892
313315
069028301060
79723
920286096
48473
7704786420348381362
6726
765
84
4766019941088
46312954458608
895100747350110
5402413
74649
160230
563
69884
860749371836129059852056103532
6269271
920281558534459717
6630102626
6175181288782
71776436670
863015523928
663
8272
1088965
669208
0776799344821815
9591622068498437
6628
01484
53460272582025
618870
53536713
755806061457
134278
720910388
29133047054525
180972
7084052886
74466253539890
9349225127268511
60854822921987798
18
844783
832
508582
830
7007811384
7830
851485392528467
496
895
78402
5065036798
8299583952
0500168925759209
983398951
4755
39167797587
17199362746040
70249214
229322449
717721540450
348
540993634813
77773
882009561457193555407
557057
09236
8500414
09174
834036721124
02360
3681600082
7851558
04171
098507063488
93405451912315
71945
01093670278
15653801035268
891437574
27405245259
2777193267986515332399148589
3042740264191
0943623993
5699895145604866
32038
87959889676
936
93271936
92747426380
68551981031050585676016301
53312
33862
44994960016490169
1154536
56486027844028791237557441
54254453003618023683713027931
402553818
1386163341585951941
450163
9656175789613
313119919
450
7946830409039
84962060843
612662568060983
9830686681051
47355
413
404992276815158786
4010537
9575521172
40637329293
28714746376670678
769021
435
4301
423062
91705143331412843
48852
1274674610619625
8388561
17678
5423736
516716140453071
460122264000269629
863382
8618648207182
5394016
34668950295322
3751323284626262244
35639630
9603
055536129800
4277
9268
77251539
5546876
08798318166
92103513
17658387432
897
31771365169976
763327
11493711971831
12369
84036400247078
705
90328384
03585453405851089676
90346589
95715073675
330713534
9120075649
077385
8768961
16515
23858961490
01828066073485
25271
986984
55520
14766830417
2381
73539965437
375157387166982
192468682405455071
2896181931
682008795
8841408535288015484
3873315084
20832
88985947874683543
31348
587135430
8509322846020
051656466
3513
2718647224
05426183611911378
06175120060504236716206
611
70041
0577541
704344357991459378214
65649989143985
57327047999
059
5326438
161306
7936472602698
2264642119696
222024711177
2291058253115670
3079511007113
48792494
14361708
945
94459
471899279197
2397548053654
39
294131231652216250227
34949593
17670997
576673688236
095966
622
919669918581
491595
8444461834
11642640
777458
887980
3442
47460556
91887891388642
58507083
094
658194
68139673
5352499729
8597559
3400389020414389
87
476
570965
6838514494803024084808
9769706395949529152
6348690
07590202632
0888457866664
87933746
09
3558785
9011263644212
50637747
1409414512119249
8610
021738255
5706
37310
88742468798545
406568983
786
032820134
594533
800672636
5926
2880458544
71015637782
39592754117553047948710
592
63535156692112
5961
5744543058135
289196
16527251013723
80863742
8930
879532445434231
61061680
047864926094765
197
8857272
517692
5199823
617473
3694
7272624451810
875078138040
14398783793343828
30457157228838
4265257149156
7233738162631385916
975115
285841637
0011731161
223415118380
47971278003099484560782
96352619731492736
594967902302571
87741
92410989063
76874176430
916667
6994958836
15732110682048
581293
92732173
00051
3373
0136
645976730
934549170600
945659474173
2565173225
461879
90462
59052
14320
2810
877126237211321008
762584449118231
74720969545059655
563164
373977577557
509944491450
550
5430
66346053501333382908
177
531706060861218
4632629873082958680
524371
692970337
58662590624
509
22865147
540653
7060106876164048169
50630792918
764064315
0452
5615
6368688172421
9189194823946524
29076986
58907
491658424447319617139531937
62003
906920875756
6043
32527664826
464280
21262
402
24166
143975225256196979494
712511
572
750197076625516196
860
321047411194
19645115834415450
15677
916318076617
178
381821441924432374852178
460268044
0858076225
7776504444960
0130207
004
3000806
31243948
22
640954579405213516
9069310056931
13093975687837
1097
40
31404
5559433
987
60042565646
1707563690140605
997032322362070
16508
799681041
43969
1124943006
558365228793491
86557266
032
01201
983
67358152
7613598377221
1908580801285309322779
55567669
090036878711045
0271
1183783177397
00440818346
7719
0771
332787306
6031
603
573328
4349554
60720
750
31411493388
6071
909683514
690
950888416016083
034893
094810770406
98729232797464118598
490273212
247422314890955394209053295
36100087899013
842
6070848479
4818
725713725617
251461
153544134
6862
4389080806564
305555230660836
618788
72476706
494229
5880442338176
61
84462766017
047715
4176
3623
53673452410217
86024070
92732720
45325659
12
9392693
669840687
8058629426
0664975703494123851580473
901823
920270239178291432
502
8822
1092151749244
87958
92759788
0578374
8853159
56
652450296344373757192
8418864628
512686837
951530
03203
00645392953793765
4765
15015598
90776
298331299797
54147589
23107
68308628173082
49545028995819810
39224579
0880605678
75315180180062
15648
13
964867998255
3839097986877087087
09205
0857
3268
088
052
43857818003399
782686361978
73365296
93406745
767057962055
52
6593280
154
9466369141085
068737650
31944951
81354
724375847925931282091
8418711895509
575
8257255074703886
70172167954
114176374607477
115
63
854509659
6045
406942088
2120308514920
505
75194641218
295864318391778
269496459
80
165029
115638930267317780626771
7764643
4818562796324
229886658690
8557
63235052
28698770261
5919342166894154836
99769631691018
9451
90099434917
31016127223
94121223500217326
20838651771
659869342
7145595843
81876507172
05950
05143669461853
3745825
69
15171127606518
419346
475586177
400534476
3096
4557
432360144662971
09854086
92316814256
855
172044541286563095080345765
5524682590996
331557833031
337176010713
325245425574
780
5995
88057
1332619336371210528994663758
69045
880
202
3388186
79225754
870810509759985
40155474
144
337
0045910056995
5372775630
0605
803
205960
51556865885
8124060565
42113
754
33845
236189094
43855687053232
74181597362999256
0207
8073672
175125208
88885965
651699707179517608
693438
68825588218
415
647337653159758
956
05481982
4068
050959364
7112
0313535706640
0315030788924
6217832640
5177398911
158
644663
8070022107
660274
958975887069
12493330874
90256687
448
51287771
0356460
468961
72357979593781
919120753948419
712474
3053957137480
672436473284
257250
555
773832570593
555864722230
089656715806990961
16657835798
3437587863963544
08687119
219537
8956328375
0856344446
9945080255
11446548132029
9868057
2660
394
240008717517
55754
7877339
9659643
967104378429217985
6973646696
8253260
16443362215
95255833
423
739048817
558
493
967318815
0362109050
3469
151
7742
882784745
73958291524
39806371
4398348935515470
198438110143844630
266681890276130
43238534
43217013
4103
68895843413
126809846
605643483704
5830013
07065880631
9343023735
3792
0765
509960592767779
857
400085
03865685
1331339894
136
99008656469
4114
95169526410
304593
6147381
2650823
54058990
77343363
3714954
454158515779131
858271850
5
617782
8505
616479380
1606129782368444
12046
7093528158058235
26433661
763
1825
4150
224652
6772
2562203552118494
528962151417161
512
9158724031789169596
9436879697828
0777
8672765
53335810001
72
08255542200884
5507
08947590148
57079051
3365567150659643395
602
485
814646075
42
645846114
78279
7
54627372344320321
823274727920
1926526
2660424254
3279
856515
47
9027337718067
7394604930323
12065187965
5893892497799923584498
37835
86251425
9992537821560925
24428
3255594
595982385
86714
34232
47601262
5012450
9649851
5047608888
2586915
015354793956596
26
0013492
15811550787
588
90246455290665
814
38249389
01362653846659
97677
440531
34725012115
31835276916989
5767802475
064646386824
0405424
234843
3472
645623
246865
5775077192186
34411
88557677658929
45912551
10803187871
026
729230297462361767
210814522
34694045781168569
71086059983
4049
33731631310
295471
9058999
4424174984273424
0494739057
41255
41
64501034074346
181028636909168035113
332299312
93117
254
27190042
4007573492
804574356
30765978641700115230
89018141
150
381932624105224
762621
337926043403053
9054135283041412526916391127
21263
647899
63869230
01919487
620207
64558115096786
87722228156845
1493182072242281
9153609
908474369677
989138248
54
4185745817760
55415700530213
417439411140
24667378906610747
209983
8686118843053535
6652107851108011
8282217608168
1472
5066568147863
68881044418
7571075947
087861
29257
2032658
177737792195307281
5314
341
8117
6676553708608558
8425690
9332
0514233
8647340
399
180022036
33621119721056198
90818
855253264197444
1067
9683226280
412010570
291512936
446434967119717499
888
2459282675353
154190095
62661
473868420766776737291
7987243773
860488
50
32740023775680007030
1541844
7134938995882
898617
9938
20502440545
48
093
278965
8839168608259407734282
10272939741339
04909059
7069150534
185127
7987812304
881755850873149
41144
80883092373
9759539
1688373050
504
59
7613513030
60701885
022353004006880
01832050
047429
24601898772396967
403664
053
23403032033
01
79493456469163558
874743617087354
483661555
47557
22997964161031341736836509199
91278350313
59494452949
90
719872012
148
32
19820322
9746502
055122
594299760169576
8907961
48509
837459
04877
80861707356892
30
886
970777
5032
3248467984986
2002624
67
490342553
4
864957
53375024858
75942882574733
05424512
46
2
1508764
95030605
8182782004847192
97547040222903529
9345
837
292782519
7121
212
17150
552581165411468
2307582
1621038503
56234162863210
210884202945
620690716677618206
137332
92675
1441
080465544
586
781
5010580723892870
01962233782926412
415586552517518222
6174575965776672
848
362484089
717
031271776
297892873
936740
898517519031
713
66
06894964606183729
50594
725767084
2164
25057
5833338
1100584
364380457230
20021444893
658158511
943024643
99690531
939
36
4378026
299160731
9013415
10814
993599
11734108
721
738
771887391
793961
132910
2120
6528076
8292469397650567
659624
848504408
535375346053874043046962
1849
457542999937135591
38471810
9151036
7183
3165352348670
41519758524
27102040792
2093
423125737659801101
3
03421
61386111
048909131462773396
5379633209
82157833179680
4160296
37917
5277467178
01201675
7873
747
704633496765
42092
63119834
627472872656
45
56262162869
24454
0541583750
2118749
4749
97
07026977723293
7597258
4745211
988982
31105483172389551290
740
798139
165511680635
2059
857516175
994996
5645034
73606755027869
97569634889
428
08
84211
0660490777863
22642
37270876000
40764
4201906717398
607556833
8776885
77514202009
0801
098407776789834
25000
8668
02
24885316260
620694041649398
90775241
96847039336548
558546
586595403501
01686666609543
846
055521
72363012
17724
67222676663
20962639444
2323
782712118633
393
02238
554788
981
66391
149191119706192
609
3508643102902
2060201805365795259618
45152763622540
8765064634233674
32106237318848
87459843244
499919893
9704036
933515920368568
327707
0717773
28241225
959
291944381616860260264645
835
36004
1183900817
03065
0020157
034835
85337262932308703613
78483038450416
02113
112
05814352506
20
030531541
2312
2554787012934
9662947567
9981358
1111960766
3841348155615
758812274437345
65
1165393853515413800
6622497
676930322028
35
8
11
656
11863
27127
4036586444955348
54044
7597193115408055286751
873
750667
2821
3683061615
8611585
26602594582
20923174106130277
002
1157
9351987295680
01366469031
49091821901
8834096239839647
0071
474599
7576533878502373307
3992152
3777
53001686801
55
5887
959875
12621
981227779761
09757794152472
757
49
13651327226918402037
669
81305060668343564527
6812
18805352528967674
5172
298
429798864057262
5911696
64
139
7892729064240
17
559428888
3374286805159696
09964790
9252187136014709268143650613
6041305658391803682
1387101535921111072969
73
535
63441011076694
19594629
991
7616204660873986867
437320091750
714494455853
375359942240029268121
517539952442250
4216230815141
46333686563358
3493
32237011744084059
53
74
3971
3441114958
98
03928
0328446
43514047334
6161820349286881
1411292
895042
34795883584
53196582
7363441087941632
686032
94
9878754
0023
72663
7329029
657
74190
204
8782366
346
0895058
9557
941
169407876960
96140573
027413580527257
37149187
81262240472545
214
9334
07
055835193045085783029
675
747862
37
8490
954557567
76707444
9741828
50283
82159
4841754656
52749559294
4325415121
60
5440878
82779907
575865161721
3938921735947438
8060662978549261
232107681
6501550156
62778789
3995548795161
0366330613192205
293
294746354
38159331725714
5981374071801971
775985999905
7232
88483
3081
6508
11994719783509529622676645208
700
587013334055505761276570
3867652
08551
31
069610
2432185322
84257985887
317452121808574
2888066
680
191418
760
097
236284
22300099406
71354492
839400199
86129
18960873
5030710
105
3757776
194742617317137
435032209591
50270
599
0665
1584134017030792
701
083719202
4199951529834659165
58
0075
571
375917933707
72040224563952
6931
9181487971
60647
14817335459
556288428500127
20735738387455024
6241868
718750138548784
9387972269764959416
3713544
9292864801774579627104019
0839
549534816631
43
385570
7938169063632838
8884209534
1421109
8343362390
20234
8601636782880
762
49666311
9538776
640751414
6457
923
61720333365999693
414750
08454
77899
46812601996
601836
95533842
7094190309
815369
5142205818
111070341
233443203266
0477332971703
4006398217380
78982883896
438889590
902375547
864727782498025491490146
3230946459553654081956618
7978912464
98435826246866164
304002236
0241
8918406
989833
148194912
486312477077
82
34848928490407
51
7882236
021
089
018799169
3638319583313200036
38515074099580776
9558
2781177089203738
2142940
76746
7879
8196
1201927727797964169
19
951572015521
385
45735848016413121
9996757655
4265107
574477581
49452146060795118600
44409754454110
91898228037848
23055640
7312
906213
258240124312859
7931167139676542
85609
5347492
18459076709
0301717516
298701475315094
6594951041161
94689198339
013
7165
7169
312479
877196615
881398969581946
5862
0925748878774
542068023
43034935579212626323906
334160297691
21252166674618967
743
7375718554
5938
552219578426
339162
4468710
335375972604265839
86088471246460
529785
79
113832624938
82874655743974369
79169
796
09741
64109109846
653888902269643
08315090997470986
13496029246060463655
030927618666771
003861131931439
803031323106813668072118
9862
12277
6841348
148758
9
974
8013258251
283780
07945438640477
04338315052
97315775709894966714398
772414426487
98679
363
559693633
38140016423335303
669435139450
33875888755030
767
45372
896
3577565395
753200476387
77136619595921081884
26492
392
829697291
8327957
722301
4462247
29
9377546683
7488843884784579539365625
74531289741
3789
7265
261
8540428
449113616682432094194
6686386106645038365
21856
1650195884
83086
217
6
621987808005505650206385
63066854400482856322
1983910978253
66813
98608208866082028455
439
450729588
272662038306
803980816186248
2672
54288
0327500778536012
88
27
706621425
48945585752
820285692863185923
096575023
0440
665726175170
6420255
271
063021511
315912866473614083
51589364
5892952754
222
59565
492557
519896
246
018530
4855746334808
444722966
9867342951
71055506
7330
0954115
228221
64853468
8789829213163136
6082758
5218942592090
259
9680
41066390
467912108
70525606642801
39384784765546319
417403209646343074
8566455
434064629958763646807
994882
041994386162809
79743417210536851
666813221664282
7862
12193162713339883
369034951325699
702
6160435786
339
202058
01246
33944
57566894637
90333523
11869
33414
869189355255745471
51407182194686
33361268
646808626948881
627368681
0523670466
950720728922852
734301218051191070
7398194
6794983418
639456210
347521909478
418514085851735
653060581661047861
4348551289501657
89006619036966724091
203951456848
3441365
2176247596936
93590694158
33117206
38617835270793068
25798943201762357
581034003991261
361
9928
4691323449582
363147912
92719309914471990
774632849
0641678
3860691
445646
348632189908879
63924
96134972627134226436
815360284
4020898290175817
093916
69746
64949
92351067705994
290
30299904738360
6347134
416942
28124331
3321828
765312
750700185
95523016852614061226
212365654
5803635296266
24000629
36849
678682
753
62336
59200889514
704847
01909439672895
759123
2511934577377
70
2729135230
2114635
6076324187
1584
871
9324868
34367188263
9885266781
201696946814
4907781068677982335
2942422715295
9591
21266536
871948
43116671856628
917958525
4470512155455
35865
727884086060735281
00137346268964165
097872606239074
295
5841939
84711
2493131783638639
82261
253
5106594979454
3323706180
6636069441720208
1811919164311502
288625333
8094
288256
805528642208021
28365542
35059
0447860
2889
23
6259205737
995761
9947695409
381
925
89772
62702898883868
08496086104355
757696
4695775
498494046
867481121347922
660036116314999
2791
32303
61006
88181896
849461
5756302213306760
7984
4379843830188
33174314116439638006
6470056
64761
38339225
7928
85280
793878927
51042428556818470182649485
36009516
10
762553044
1507
796159
490
5300555
7185330
993641655806
087484093583
83
5865725806668
541750847485
728391386
7961760
69879
134
691
98000102905
53428372268
353228160
971408360238404020271
9203
5952819520547
72835518856
61495
766302468
99437
562
6190
9717983241
04279394
53383689
99035
806
815376126
414
137367331933
2406
0934
95018537875161
1124
470
48295755
6513334393
9787043421672
24934554
74453265
825268
051458
436011
6328130461
826516
00957191717
75814
57846282952
81
819
0503072392
816
307
58168
19113860
2649
804
1572660811226
57598
818
388584412931
54924980939987889
5177
312168086495082
79098
4687847624150811531840
98865
162614946918
5630361024523
0276
821243
442
24
57744
380
221943
99840751912725135903
58008
6488343564355357
1384549594985359712810
3298806162821242987294
9600444781
56797275957
2215
4854708
44
4401
398652339
836
57834
424464440
03452420
48797920977140743
2566322
13008714261000474412305
2236
82835
459
8711817
757903
76832
9661806
2200776470680
52189733230506702
04028040562765026825361836796
294754931409
670682047524721500
23740
4212421879594321107
38
36662
766570278472
84713344664
643107
3821
68253960
257
2329990817
940462839823236
8233340489938061495770336971
07561
680630603
920707818115
013906
01234
111
16
334217
45162934207
1923598470807163
1646
1618
724806168
481
28
9014181192
3531
2622510129986844
6697794799867127
87923826786253
814846
8354336
900091
6401
3385715132
37556824680900628591
85171726
850
027282606764
676766052361755537
2531510
512474
8102912258707
9972319
0101732821522
0961112
466287800762203993262774210192
94139375922284043063
627807989
94287
83920112
269
079544242986134
5548031289898784668414
0391838704612
04
538
410510
0570
312
379
654645
626381548505898
532
05935254041552
34367968
99535142
7687920750287
37699
9222790760002
5219238
5304048123427575156
05857
338
4403
7990901957
028222392076
57036700887
422
35543
3902
18401040194593086242423695
8295987469
5997
9376068581
927
2918034
822
560721
4313
0919527588676356384929148
90992066956
0230
190619633917568
959526825929713594847
72744101666905262
617442
400027
205855880179609214812
55160
58033
308736807593
575062
4930
143
6651
09045
99910
9040823932
31381070161
2780681
9331853495724847
2248155865865371155762713
504150
2641349
31312234832264847
175167093
045310
554627636108012978385
6626
14492012
91453318
22053
5105
7148575095210
2328241858256
54392
1540504695264
3015045
25893501849288
285813725
348475408
22631562
416
06735615
503949338
36181922126
2138969
213909
3187814489
3917694
769897013092
094787
224
86560922252
311971242169694587570
327130574547
24956512
277707813
403716
598
27813
23719396717
399367659625182
68
71052891016
65962
8666186036
95924905494
06531929
06476664
06367318
09406364399
2576124552617210
00466964683
594
00526311
8725806861863
99
70970177067
173756267
472149381
70917397
799651665
737671900
957048779886
7557
974579857355
97778415020
737418
6719297539829568543595
982746427798909969
736710
36938
2770415523435
5325873752360344419
3709
626290079795675
396812917992120
8802952
2267
883497330093
5711903
2009075704
17803
7522
1863
984789552
2836050664933139
8576744302303
31165
7242889
5945619624896986945
780664957
69018577810
84830080877936881
312126731283672509759590
3673653
84333430
803429068
0904461502
80253064
599345715421110
00828433
49807
180661601894
0371626286748
7636926973
08008429
5775320877044
038274822
92848
75023255
92597
762427148541
047
6922904
61393206586
821378
6780811140586188
69062608207
41967728924860
65962949903072
56501563634507
6094219015
297510949828179213255
6210932
41496025175013941
62348036462
62190812012
0234935
6446495190967
6614106464066133
584927666674
2672994
2045815
35751
1225483647808505
026610542
0368
537392054
0382258
9474001141
30844
6131823807084
551641320484
3626082265
4693
3074120502056991076
0568877014848033739
322686
4005653421390592578
36600
4826590
938104818383840
587567250875607590
71119533921479
384981
340757279
3405849843160
526739784
3484691
267560
39811572
99213
7243687317204041288
39328465
03558987747251
942890616390
26174409590853533
605402733
31442
6083
6211318565
715642678273
5295879225
62237
426445753030
2742424091
72151235
3281041377
78620441628185
524234640362
055090775227
9006430381462864
734306754
330828392027481
47878129
4781005
7126083
4407241
444796
99877641935109546
2584372
19258
8551790
678260080
320619565
497193492329320
447924796498
125796
96575
19877364141
692943738645380
522439
95
124807
027198698990
25722812
1762611534307051371470
66246581077
888073943
29200174
84231320
6794737877389868422559
847472019878
80929939
6736259208
8103996839
6323539556581606
10242134
0300356072
673969
047902
168207
1926030394
301171929095
9187796859132
7219
3688899
623299829268
62930972
25751161
0848971881871101677178722622
279
68697051
243846386266508937
948976
3426160871496
286079
81626574057
370161353603465
05749
171779263355
17112915769161677
8427881
8163053509109
46452183863168
11360321197
34194832037433334127081
8764776092
1478168624090292555523
919656951
96892205
9526
291478582248
0218130884656928
9265627410250
525295167434
251501
355279
2252248
83667
22726222897
999407041412424
4049514971564980086
6605474652415
2217878215
1056210696472
829715172245
9337470936530594163188
27720407898581
15029
694970141
191056623
6258375
7366015397
8037652580803273
920324009969672547
8207010493
733604
46706
406317
699746
34
0205702106515194
0722576
55191256
857402878459
4551028515
360637161025
64986076
08142127160
36311315
4546071159251169
363744650
37022077
333506
48829731
111092447048018
3788696233932076
3158650
21826092829514741
8760989801
72535709657747
1656543631535
61554444
1538
1370915117907899506
111057
7106194690574045704943
1806184
7116501593
514960754022078
2840170605359
98092902604602928470519448177
5157426
8297050253566608
622057661671
46025067037
109191737881
5062583833
5060749396
0939141533041
5011553227
5070305
18550
5297358
736769695673520662015
03046598506479720736
5290717854588
374905
38862730
77135089549718
634499898
378120
703578537567274265
87010327179205447
9611
35056039713
1023007877
51640236357070
641
1724867854
847710624
987776432190
8806200
548804455
740248
783140728228578276931981
7420625950
5051442
341407660736
0878947965
374881
8483114065293367
4855967316
596946182906
11911544
851375337359199
689169688
1407004580099474
474
5624389
3564536949
3885224
369665474
5619459
359511637865
5203845797491
0037
43952344
459898793421114
6957316413
4823883
02255825836526
248282381
24867154
351917916690714414333
33678
12676219018877504
3263288457
50619182698984312822
32638
55701427522486
350804936
03233589
9014969821201608291942
91912815385952
8709
0208297589
65638721048095358
794829567
234526
253042147
8928900042280747
26241583146
6207035812
62546
62423
2210101487398194
65540543
8899205
5546843571
9981840221670468
5232032
5571351986694
13540645116
0370335704
0565985
5781
57775778323183
76
75668987
78943703
02131
152565971
9401883
4386146890
2132509962238
5238635588070
209
7905729061
97377909
11659592008
196131794930491578
973296
50022
98474
304830350
60130534649
0851629245841
93346224
963339183
4912808748674
269555181655757683904
93386
59079284772422
43781034314962
9450857883
435866164515
163894353730783254
96580
4337980306
84273823278
6758039998
831666207389
69491557101971
4566788
368546415
32062396
50466876
613561099474
364722
925784572242524170
986259
9394693549
9389224882764261215
57689
8156628925
931223
435420975309393020
228
06498313652927
195510
794460260232198182178
80967064455896897
198539398509
710302706105000129
681938
838995
36652914397
1057
17621446649
53962916463223
5884067
486826
580845330480
129078647
29012210179731
085887432
8533139
542124488
56248
57611418
31578494725
084
9571182
15130198026296
215612672370
0004347950850
55898510
81792433
6843801787541
81605820000
509509333
81665656832
0112623411361
0722
951923667358151
80232216
46480
076
48239813
7732614
012512082
7295786058
93688183
317769494318
811757106
805131207289
142588764
8063920
4235210615982155239
01325715
6942041417432946935
10849498156
5218277351863
45800
176702
41549210690
84713048955
430345470447201920
7329935878
5340362720047276230512605
4979
5375607
51843782
564
572727601890319195
96
54790480966
2714001349
41382927320403
57810074678908601
7924347291626
136955014
912178477
9891800
0508264084813818
97305
259161770
97353447162
65677836191495
612104770838
73788139330578486433
14191567
617296
1671116
07486723063421
079211812
1529
1189604
636347106144
4057502597997
0416307
04743622
4808794612
49294791027
0913931910972124
5231999035993101
00
48142781
40567673570613812
40399783453
783722636014632315786472465084
402904722271829
2652068336267
761
173991
7986506526
771699
785152
50493538113351
16439619018622128
716591763
9326223137687936
771624650
467514842526345
7458549930370
19265808
911768
7975258039218
4906630715
0474167763244
19561494
0419585906
185857903
5067506376598
266083079
886008512314821878
5618
6400
43189117
5962709034
0525602
5263869
6515200037193598895
7255838314
5204155405951281
47557170304735
2187220500620192121278
4343351656334627044
4525302556869
0435097872238
5641
810455054
6912216171324375
2803032050877
756253841
9067
8105572579
149140051661988
8273310
9220305353
8338228
239
78616930945400907335054
8364106082
3788785546542820
612055
3377686984018657
311554197
671726836131212704921
957999073
0376909065694
2442912
05037163
515608767222
0142345074195455
926162962
702264
544944491097
5793891184
4202838522122272
3228809019
7670787908605324
6567858184029596064
426
2933721
204519194740
778284634474244
2670520292
2623538333719192
0424920349152378084747
258320710751
620078178
77235581
764094172694
168132885
728248508
3213950
2089844
636044301
2708644
94810042639172802
0248678
155379212884
00533421532352
024895
444086
4007725
488704
414285653140483535569
740095736
1134370714346
20760918
28563675740
53429827049
851138412
6123232357626251015
63339305815
92184041430804979627028
608118900818
52577107392
628343322
99893829171
00504480639
196708816290393785
89765315329836379869716
33472429241
335425875
38880618349
9220824383591613
86718028
03654242
65971913331191238850
1646580523032
6090890298
99594029
1647829694889095996731030
896640141549401
19980179370
5029828512
4159906414398682
428675134
51765567036557641
551481
811624112
78669593567
88079845990142
387905009916
0137111298927299
6857031
91699506
61665844
071687
53635794
66880
7496086029
5386417
68329017699909
58691195
58166985
5057074871
4987994816397768
215251509773
5013735369
168546265255967
043585014
69954913980
9552429
05814647
78228903930526
140371375
316852031175091
6425912511
177317518558
0594435440586
15579197
23367442404
1579977550586
68518522539414
20942
8055535674633836
1541507179
788706808328934539696087
533169313
8167555987187286
8840075890505
64260574346267
531061
5077829
3222
59679959
9474595665046
529860897779240
3909
863956083
797617451
9322574
97979004152141
986995100
55212890375460
068839225
2913860
63631680207465619453
29356
7838
22954045
994711739620
45555842285
14911581715
80645057
642849506
03450
4103243319517
17329596
40327265945
49250330
87656909756155403
660192541712614994
168370
2152320815
43757537891145356414
513288
1735922826
208290630077
01389322858
70163855813040697238665
1304958
8455880611
6805008267
57282523132
53032251154
5637
6292059452646
45875045381
04608764
06748530284
54042106
6044564453
0899460804215420493387
7817246185
637189929604
8038280199723
17224593242
843787916
8378463
78798
891744563
11136359
1650873040
370678975296663
18035843713102
380849533683019
498351587
6394955677047
96950481960
9252803573437
906217358408
7957490682447619478
01948888445
782215
0495108746
3390
06501294920838799
56901500790132019891
00462191377017572729
881625
9333312
470154368955
69494845960020
4098517153
90114147
51102887
6589833117840874933422
249990215
2435782430025848213
2371399846296
26280358367095938241870
6230743406248
9234
739603
23702678836809946304941640
437049714094
436236641
5863423765038750624
4646045476838
629307623
65022962490
7568702835
5686850326
08829778
53765638366
594594103986442
740733148
973562670604078250354628
5796680305924
306836
866259341873
880736231
363404518130434282
206045062760657650543553
70537693392753692
262315865
6330
26799685
036403616
657136031
1274666150469258054
791335570
7811517
78136
74591734115520
45084788876694022
2622868
4350550926783304
726800844488629991
4327330542
000554238
790404028564758227
601887873449767545176150507
0120566116
50833054079994
6115752
173073227024196663664
1762423699146
1765575
91078522
830547
915705297
4903011095535274
25551463
43875774002006
65558320376
4746376610601860
9385111271534
9393972121006878178183762
03086327
5648186630879696
8198238653682953032234
97239670
9001811
268142962812
5098397
86741543
61538408198809270
223453918956
39902568
9426704
7537212698189717650
08777973
4434698
55278936144
1239291212202828739243
273
86
3261161001
0475392710
78624920834
5375389457845
712176
599761
794028817277
38562069653432
049564782
38443
57
348352357
734888
775538742322
75635679891914158
1980684606611059582
25303365655
0915741868303246
24443394348411
80159881731
155063625565
275463298919
2139920151
974009
127809743
913691933632562218
791685970
1621335618
69297199468
13571143314516
189549142
1417661853
895752
70722462954556561
89584036
272689521103
86176636867
850364079790
519006443284382
836507074
835038410
0882511
48594013641407374
4863581331
78522999782
9962884323
85153718682
86404673
78966018
0136919771091585
4761600987796065
6641076095083936392868161369
553817
721875113
48569082
0907
715821
8465606947214144017308242189
76816395602889189
8366544123745
56428184
86332309
68093299
91335965
5945335843
5645
5359891335860
1512313501923
8497674976579
5869338
4284694
29200645428
59559502
2044773
0517784510
04464185824
41695284
71231265
8423775447531
4022980672
641281747089562
478
044657517000
1162334
124227038
9523652473734
8123947
066010665822881
560519022189323
630892266636
61051065085913740998
364
7226834
1524825806
640428879384396
71525792
705717908961935
3111721101593
699089929197647871681474
310196046015462
352040715801
204009004755582
29289387970109750
0013548014
41320254122149
8847414759759
6225849
44126010104
44931348475717726
16236522882391
269094438
5657059484949
350870009
7269375
496160518460
368342515256789
4863250374
7066827515731070
462176
4083769691
911
05847603636612
002951187
8286
98792048109
3797087080645340489149084
016212837
98596810346957590
28729
28012018710
69518314
695845647
99965606127112
1654669
620833074364
56862273609
6285380190
4491645
8417381877430373
1059553332649489
000
4920898374
341255839
30195768569
342364166801561
91551262373331
007575
36501466
64274252798275378098
2146539873
01031
307347111
64434190353434
382318878709262056144831
1422026032036789
12638512478
32958658180
138322631012
4841958715310740705
64558455476
21450703765
242496
23193652726
52607580
885604
708504285217
1165354673181696161980
37006682
77897651983
837616795779
60837
104151476162835058
86513428797030
04019412519253
3982725862
7744406665986135
737481
057821
55284617052825
105577
50741040213
506049157
2299404575867
9916532238886585
01256989
91372279
92707040679167
7600956
203567095
2877
651057479418474798
41544811698
722357035473
0797864148502233
369539479618
222242533970
218636103941
9383502372
525833189120586
468774831
879458908
41541147864
8970581818682
481637
5166976595788
4010591384835870
196987582
8449068816
568335952309
75165
441465931
9030208
445590926
5044900
0923195400
59374473920917
839978
2042631498948
8359284
54252354073047
250
87254839456
76034921913
5571693
907636637756
5225582144140070
43947
4647981058
752162479
374104915983929365
3252848484133313586400
178422042033
885356294944412861
4125457834153
4412554315
84514181558
9749329897841
9662320608
83150131357
13056854
4272025652199
589169018827
5318011847
3291499280
913503053511
031931150548593180
70351399468
79407156
33313290655
67058120
96693
777992036576
6970157
8128812142424805011
952681842
0036505
6259627
69862132846393
968736699
6939356354546373094
8283099240
521000709369048
8784109413915149
25011860
892819195049
80965341
08039163
975312461787267
709
32312184405450
09551525104
417109621
00151396590
098739
1412307294
62995569909
5439353047778667523195427824
62381121653
1012829732371
4277280586368918254
1070186501338081850
05481088895
863058790750027349
33570
7889322976248227276
3757278228325729
95934497671546263923869606
537913293
86073618
3343152
6435804472
277195460
87186801930658
6142137413337570761287
7449140
2077119396192
58746873478595
74334567275
7876804
78520485
5019196491614872
5699269
904492999106106
3492
4113464
93534102
2000841
474741760245
4418149611
6648808560
816101094
99327510535227
9435197816504
4481799042923
9888859759830554760
628926893692
530
5977968915
034249176
988794846
13976971767
64751230614519
0151
68949877170
829202043
67886474506327
536378952
403374381243
411827525955720852568
33412254005
8599188274556
8069210351
45176013886792139
854581508716667
131376716140
905564330
98849583789122188
8617912
90330404963
91846803289
0850670675608918
6596782840
798805889606271062
455147027054
40063713005218
896959200237
15836519100
79150063
1056178
059056816816
07382331025
157352806614
073046926
7164212759121
644528734
55793483433611
3833623616871
3796573766
43328979347448660
59815785498941651
2853642974395356
17801320067879
58186440273
42137506670568
1402226
17206266266312
50585545337139
569098947004
68064061727208
126963737
969489964970145
608
78977805747057300
59923
2371808635546
7626823
754664447526275924579685
5019991944808162096
427322448940507583254499883196
4848743414768
78577625
5887688413361014723
944595598482783134
93084
284152779
80929832228845
88149987234148
9623039577788551895255
6294908
32220441472
5934602432
9835306257
8649453429371272565
3249589594
212052443
400922039416
545002
413786612705
91095643191478295
29336671163105
2154994865137910137349
09158980845386892253
4824399
4834281
7102656334512
1090516530502
892643054
28757812848278
7935468182
2724433235244225387961668
7674505231
223744482830
2169331393084
634790627025532
218983646061
745722122426
2983939656263157
6216126351717828608
65162
2108767208
770
823361867
3588543820
802884729
6329042
219551042226
93508772
770733753795
7976770158118
4124973302756382
273669160
877398912088984109598880160
5819342309066
509590235046276
38725628
1586253517
4350237933
530039989554
1231
433358339999120993534
4128936570
21596
44023442053878
5492
219358064276583
003145807
3963100312473
843852100085473
4547087347685
79841
4786545
7557834263115
354543364169648873046
3819004792374766702
04499191727
2180782970
3638847131
3964877778
622903416
3687976074
97760
9819950654
6864202548383
34515987199944
2587092
387993670
92214328652590455290494
3842977773611698
7991122507979575
6873561323
3688343141356387
422476686
0713493244841
437314742261
0783517432
871494116698547
476625951907
278577221683
81833679908
890739
9409680122
8753892
8957266029
80328520298590
99889800309392
9823623715071
4754731300086
001086776243
087838881
25431225954150
8538594578317780783014
07441305813362
77900
33161693957534118
388795
3455941257273
9669941456781
9660648717306
38392
041
506189083570
80387337982666
1267824
9264
7164622542221592
01880101486
080850618
395275719833995
9291466529454521900419540
077778009
708814692
56005523592076
3133017033
17541424029860044797
7240902886
9776258989954
35460059436
9719
01384074083585
54737412181664810061693
734931611052174
047138295974
11174814
8526397750000
88882734679
75362499923
3422405074
765375232655648
4889118515872746427
3552365709
615594751088
124797870980
157584198150
70825
2109967398
33475850025
6100367218851
613
824953493733
154658018748
7543901112857829127888149
427864601362
782854769268209
1250615652
061816648196517
06
478943619
722741521217919113
7866911
93438060695
8434715691
882482308103
9518888135803123
491876943
9715441938510376
37601030238
6051
736204
90299114
69866260445794986222
4324410611230
44351536
3323182514254
476340316013240
18214734112
4558517375123189
5809068284930151051
1109102446
0012699164
565464446812782102
055455957876
4813786763
928686460236
98321746
7583739949
28748145
9633212852288
102203112211961165473
864338711
43686761384839553
719356
34713922142893
217434896269
6396929383033846920
802905212994224
684692955
797639043861
60563899556747
455850921177506
73263853951
34929888714336892
75695013
618063831851
074288773
64950574342
9335687436
233574129499524
39549387289
53498268279215
5327814614
98076
85
9580197805391258507770809246
80429789831
25137238429830
066568939414549650
880642313788
095704236969459
180612272418864
165038977
21660
7078143792
375824412
3805555020230418065
69289497274530
96081708133480
5093579548
5811617688260
069501
2067004451
04634207
24812608792
08954444431667
50154612
799
39309559607294544
693084424193220594759836
9478110138958
04088999847850548362566089
9453914327
536693626089169
380449
96947011881
496857697
22235667841237
819148511886
6919334419
956018136185565323461
33378
1623621926365
692523264726
19993427068
301286276068
38759245864
8321839446
58415917030210906
918413123294647712173
241
121751139127661
787343237858824634287
119814893818370
18942684
90380824
58549576385
8753961
555600180
81096290
856300892
8016358
26775855
80658157051
5851484696420331699
8691605005133
313981179654
434864
67289735793636
0487973124
6862806042984
682009040606137
24584498411392163831
832262447953
029015737
24914143876
213145917004
05872573
21959128350
4390989365244368
66003
294176922586279313213
467396344
03218800260
3976712029712
108950645
81161524458
50098410355608
8901031089672814398
9712
916068675
0673499362913
0576188
7515665949148756275
87375021421204040541
6242929419820
667686656762310664715
60766827516
17453504040701045717354
40918213126580
43155979375
221836824037
44487
2224708
22155642455050
23102956880
559074325341204
04086
232942526430
43869328952
538357998768673548468525484
67820750
21854667832
8729516086
1976741542934274
86111497
70000299072
55842218356
11852928597
73633894118
00627
74647921433
39693372891698
507228811
61269493548586
6306203485820252
347729122949725
11655265581
5218786
35232596113679
213184483
1989829328734283
414137087265281538
8444904340047035752
190825679
1234358585514389434
195279245949
30496953
78118612402046
7899149
8919
789535507115
17698272379
11397623180900012088508
14833872878
41565948028451930216541
275258077
40775608249
4783627610
12472223297653911760
579
27522044905387636662092653141
077740
254324933352
085634972982
1147178526
260093139807457
2055205599231
382992856746565
81118810159
0
207391391
7852034556
67651122277
01580201302036936737
643439011688926
73580289353462
027805
572098764595
728076457604586
101936500645381
3247943744977766
00511989560260927
794683275
6702983780093
6177616489
0384305137
8749531494
3709289
3837633218319152
8741261262827
8478771587057876
64612179904010
46538952356139
88306914
6502507842
73499436259
815984767
21827038
211071204
064326886217
1184292402338
0764877718171
1414394120
80369359261263
07816554
14292490860683
905
118026539
098314511
7037206427
63210313044
97694147289392
109753678580
7909914624875224689945456166
92873254563235
86689104865
981984217976753141538036913
4506589608
55119616404
26141992
4066347463
0157593814
360883176455469620630
05166387171
3609624223226258
591585192143951222
1613706606
8664807
2894898831899
1559264614829
40444479311094298111
271818852141930
297386510866643
25319996056
27927609217141662
25
746
5439147359
45518740240281
7308487
7377
30676
56595734
50235346298229
5200897030503
4903901556487149
94405716365115630
3342291610
841634116432
0833971
300925852021432915393
308926
211899649719
64132441928764
3492925
35289146247031
18074927680022343058052441809
9018359
5927040475
74888695011
576618323
9204600
248282287683
426261540170768323856201240222
2050701278384242942886
1792560228284218
95805406899154251
8976147651922872
4549815650788
291930487805
29823227232713
75784756603
289077
540859056
515012798917127
68402562
88295289658061
853658159379
83197464495994447
93655
71165191996
388223093
3807902064
225
597269
56098401
54287108757
18674592608
94232126525507243
42815008495
80132828677
6096064305324
26513461552
2068343
488573153554
0950418
776773053148371
6370891432809
319052927926822
922
047871169845537
0172863788
4775192581
618951191043
457333054136585904195
3789001281
303716780932
540590928075589
7517021693
6181288495904
916241108
4785140870
287377092138
945412687
82869084
159757471725956665
879817353474
45197992096
190367420618
51159606423
21134219453152
98991179
184544843562523079
366373853383
657397276
2588
14224592549
1
68029263526566242
4262384
3397248117617
9101116653430841698621
162597272793834487
196259225257204
3597774427264233697
0523
05315
49451385739334
068152349
9108358950773731
7247193072
395859091431788
370491001405
945134666648553
2229544994031051
005822177
8124124778
289471599709
896365923930104023
472
9259075220702495
88081034251047
491752256931626
411300454625655
45050550553
8794436598
7084259
610643458175516794
944021626285
859596471194071
60822779771208724268066417
157559253509522868
89034144658111793
4018278293543712
3817652162535512142133
094299
77911082
8507280489
67154
5587242388172130
2317663114519401
772730797201
6681777925297
37272959
3911830949383
965049971
917941119549630
683592
1943849585049
7935995604572344390
81684540280
709305489458177
1333133660305422463
48316
861
62978389987
5425456775473926
1989559764032825209
237352679041
008009242355
709244584174
59087158042556
4880076344
07541231257375961
89990355063875
23324125963932540
0867638734282
868899957
226690408937990
187388115781
567275309532589
92033728095013
945040159567426241911
011213197713
80955938548
82125035962
564516288702
53408449797803202516871
570184450727
2186
039307279474832
4924525
765549
731577607980
4901935554
90429532637242
1405169204767720152485593
40434
5328128065705
98441059
84311917502
9956220384
4409005786
294668835636323
98111066846
453714841409571
191923470
4199446532
90001216376
6502375521138214650430412
17647703
1814856133500
65292821078871798
5278379433323
09515438953168447
25703857250
26278834241542
18020674685
6935473238
21983876807755
50553651821862329

