Patron Solver
Found Words       : 1307
Comparisons       : 83232640
Failed comparisons: 82760321
Checked cells     : 63968720

Execution ticks   : 488460
Execution time    : 0.48846
This words have been found:
097
223744482830
337926043403053
79997424
167679410
4751911144
37601030238
4128936570
4277
790404028564758227
6648808560
8163053509109
6939356354546373094
856515
8831
38443
87958
02360
388584412931
60
1331339894
5057074871
6098115290278
42
5204155405951281
78136
2913860
306836
352040715801
446434967119717499
300925852021432915393
79
7233738162631385916
23806326825
34367968
84711
2670520292
35460059436
52607580
32527664826
22927
19521
7242889
21660
919669918581
65971913331191238850
53635794
880
393
374881
70694412910
312
323
757
206045062760657650543553
205960
9681427024209939919
01399518793745
03450
80967064455896897
474502007274102
667794739169210575
945134666648553
382992856746565
979424944504229
536693626089169
4489
00051
918413123294647712173
3475970718558
1743
01007714573
736204
33944
445127
03203
3609624223226258
1646
2442912
0776799344821815
93084
6507434129
6515657789135
1994622563374147
58186440273
332787306
1057
380449
76874176430
618870
728391386
3978
91095643191478295
49545028995819810
3009861
90
556288428500127
6230743406248
81
8455880611
82316416056
00178710397752902
63924
10242134
072246339622
678682
554627636108012978385
111057
4384050508382938443
88742468798545
786
7399127862511
451439228011614
8161492693243
83197464495994447
57079051
01093670278
39811572
0327500778536012
8128812142424805011
85153718682
680630603
3131547092513
3777
95
5066568147863
6777469958352453
5375389457845
136955014
658158511
601887873449767545176150507
6862806042984
895042
96134972627134226436
88081034251047
4979296873164
420478518524
6269271
416
61665844
1134370714346
974579857355
704344357991459378214
8741261262827
050959364
0039905829829
62702898883868
38759245864
568335952309
387905009916
429
794041435209435
564516288702
124807
38562069653432
46452183863168
704
15648
39549387289
798805889606271062
6957316413
169589
3397248117617
7987243773
33174314116439638006
1512313501923
99
8000878095426026
7329935878
5657059484949
87186555054593520255
825039693073494694553
620833074364
6513334393
289471599709
7988441380
5945335843
45735848016413121
11655265581
838390071048035325
31404
4646045476838
4775192581
829697291
0495108746
3600253350040151
2032783
50630792918
34668950295322
228
19993427068
076
05589542968855048639
3261546955018
26990074061
5070305
9603
8364106082
37149187
249990215
20
549534816631
857
774641464239865
490342553
17329596
89018141
0370335704
78402
503949338
9259075220702495
06043782752050912
7626823
873753233806
19560
304002236
712511
493
491876943
651699707179517608
799651665
27720407898581
643107
3095139665732
8684397
550593
48691401656797592861
226690408937990
8427881
040514670
945412687
89106375611
715642678273
3802283202
9265627410250
75360707265913
6867071310535248
2466025241294912
4103243319517
2267
20735738387455024
311554197
275258077
406942088
3370
5142116607
451885735800305
1815174926368010
599345715421110
2472518822
17224593242
8806200
55284617052825
847472019878
33862
8117
338
856300892
0508264084813818
20832
693438
3681600082
46566316
56
72040224563952
829202043
80965341
8765064634233674
2055205599231
131376716140
6272798485587593
933515920368568
104151476162835058
51556865885
148
29
9351987295680
0523
051849872342030
38862730
483661555
5278379433323
0271
102203112211961165473
051458
1005192427
027198698990
61061680
68689185013629591616813
203567095
5956551196
35232596113679
95255833
16443362215
3920226638118115217719
2346454959551786908708
57037
76947505
22889125711394757155587
18074927680022343058052441809
019823447822464
4103
072817147505602419974400690745
40150175155813292318363
07542280884007068
96391384512445129982
6041305658391803682
92184041430804979627028
611
115638930267317780626771
34694045781168569
57
200062815395582
41596942
75942882574733
50983524668982
8533139
205855880179609214812
525833189120586
982410785128097
188832339
756963599460622147
3938921735947438
13976971767
9333699385348786989342
15673537544902389136
4876833138604546940474025
7851558
6306203485820252
25680642164795307
13423497
64595705763
32929925012418268
7937504344
986259
02
79225754
1332619336371210528994663758
0391868568998566243719
512686837
7852034556
375157387166982
5856244161265602815430
5559433
80929832228845
05055917674280360805976
766570278472
85337262932308703613
5200897030503
770
41565948028451930216541
96947011881
433358339999120993534
88181896
703183743811417855
69018577810
97979040
8996690520140
055090775227
1316462457121664003
1798864269329
56234162863210
833381112676345
7597193115408055286751
4113464
89006619036966724091
234843
7164212759121
35289146247031
1384549594985359712810
37010458593430215499
8737107716161
616105826094
7568702835
9376068581
787675156639163
853774482911
8641143401754997
560733003063
366373853383
6472241927054346
8520113808870040738192
293646
975312461787267
458257840877404
62257
408398725758162240
17
7572732498889529
7613598377221
820285692863185923
1409414512119249
70249214
87193469112376238
03218800260
524234640362
783140728228578276931981
88885965
22053
7537212698189717650
4279510559069028273493
048909131462773396
005822177
073046926
03865685
4732462061884
7149
258240124312859
84906482557052680845653
3600787
437314742261
474
2660424254
057821
843808083
70722462954556561
23702678836809946304941640
9453914327
920324009969672547
4347490
04743622
4398348935515470
54254453003618023683713027931
1579977550586
19258
0126407047959291417205247
130311198649705
659869342
2142940
0544106553635075
340689830822
29823227232713
26433661
80551
341255839
22
1400496809933979058
30591773
128826430237
5656565037499044909
72
9
509960592767779
40995945840515962582399535086
23
3342291610
3373
0180374644151144269004892
9291466529454521900419540
1059553332649489
403374381243
2781177089203738
89765315329836379869716
59699671719031949515438
43534129048253
682531464633369
1447683933008866929
73353468955531506
1147178526
130238898487445669706186324621
7112
8749531494
495681
2493131783638639
427322448940507583254499883196
260093139807457
385
38436225796150277900
8822
327707
0717773
488573153554
19096796
4813786763
2
783722636014632315786472465084
76707444
319052927926822
43781034314962
44487
269555181655757683904
1606129782368444
14320
17801320067879
5365
3982725862
478575513096
28
5802845797107959047408257
367419609157159
819
61269493548586
923900190867609
02291
293
83667
7292253636963784706
5263869
7961760
83
21134219453152
5157426
27522044905387636662092653141
36181922126
31
7536166566
57282523132
18401040194593086242423695
26
588
1333133660305422463
47
7535473
504150
70172167954
0913931910972124
7571075947
416942
39328465
9631266661813527232
1966
47528132508628402488
05857
14833872878
70
97353447162
157559253509522868
8868163
12472223297653911760
33845
2299404575867
5129555538
4049
73633894118
360883176455469620630
196987582
419740199500629187691565
975115
905
5887688413361014723
2474621243458539327
7515665949148756275
6539290333926288927
51551352836593
25137238429830
676766052361755537
233443203266
73788139330578486433
363744650
4098517153
5
4880076344
782215
0919527588676356384929148
95169526410
35056039713
900091
8156628925
2435782430025848213
43
031931150548593180
759005599810889
46770162420114
3042740264191
7957490682447619478
5982495190124333013031
33361268
5374445517912
4082478813320406441
609
9580197805391258507770809246
1760
8526397750000
825268
538357998768673548468525484
98435826246866164
96693
362484089
414137087265281538
9591622068498437
0628120148641594242822622303
37022077
71086059983
173991
3437587863963544
964867998255
217434896269
292913504325899819
14781368050587750
5769985787397
94121223500217326
08008429
719896451205215
1472409
63631680207465619453
865122385
713
198438110143844630
1538
11
030976930304033967758
47862099552359961
7543901112857829127888149
1386163341585951941
969657801877708944
754664447526275924579685
76773527517594
87
08687119
034893
247422314890955394209053295
9140658878070142037629585
07541231257375961
6736259208
201696946814
9474001141
97760
424840145933
8290541836882688147
91707148
81222897042836873
0136
3419577
219583488249085777251890253
3441365
381821441924432374852178
07047291740434548276426
6242929419820
01
569098947004
084
21268763480071590030
34367188263
895
085887432
864957
288625333
9101116653430841698621
6070804228019872
322920125478587
8557
26280358367095938241870
8785296416
5783985742820694
114176374607477
353228160
9938
457333054136585904195
28189550834401656872633428
63119834
3
27102040792
84418442628137395297155516740
0760560353687761730158
457542999937135591
814009231691
2139920151
66880
03046598506479720736
360527350245805253445127
8857272
6686386106645038365
56595734
967104378429217985
55896295128118
584787877085
5052057825755704800
773873792196532
35
3228921065653980184
8
354543364169648873046
963053343089011
3971
144
1688332044021411868630
9292864801774579627104019
22578957391243
608118900818
9389224882764261215
950496
52066935800
30765978641700115230
3513
303865785479731539000
1040472439652766414630567
3819004792374766702
8398046504979392729
43288908253229873
736558142449
491658424447319617139531937
377072829109591780
7096511856551962338217628011
428255971403
509509333
1067
259
1405169204767720152485593
001399444089650006808
521737455960066258764
79723
587567250875607590
765312
71776436670
663
662148752570
7106194690574045704943
43514047334
52
517539952442250
8196
152565971
3597774427264233697
370491001405
94287
466287800762203993262774210192
1088965
66198851492435
68551981031050585676016301
41371377601525
4337980306
6502507842
72363012
837
60720
196131794930491578
442128568272
4657053
6544150915927914030
351917916690714414333
0904461502
508582
284568
185549869703639
8449068816
56098401
89151747877
6527653514805
5862
79493456469163558
54737412181664810061693
2337348119068552985521241169
3508643102902
882784745
74624372394928315873
879258472771156056637
896640141549401
7312
68
295359871516
8538594578317780783014
253
97315775709894966714398
629880571296249
4797725081201907
64106644973706718
6259627
1417661853
72127515542180
46480
9523652473734
7513122041539243090
6502375521138214650430412
3321828
522121787
637189929604
25134314368211368390
65249
2777193267986515332399148589
44138
7255230378
202
36562863534838336785666
1387101535921111072969
408471675407648989087
57744
59200889514
2406
645976730
2244174971780981510521596
6515200037193598895
9959688661
71265062162931029
622903416
49
818
21826092829514741
2566322
804
29356
4057502597997
9536994450172177846234589159
1656543631535
1857676788419525110
644258899912377744667827117
640428879384396
967541952566056
468774831
4863581331
694970141
989118328905229722
949732802080988579424
093916
860749371836129059852056103532
73365296
81571459277716967071
46333686563358
36
640954579405213516
2293641108713
0664975703494123851580473
36284538161151180541374
60822779771208724268066417
32740023775680007030
642849506
3890419835328943
05935254041552
6
7
155379212884
96892205
904
715445517535097544
82869084
212365654
937857254523176276
298331299797
314632438696830070
1765575
7333966315566
222520101
780
361436784814205834
257250
9945080255
3794008444360534
86332309
525295167434
4
5314
2032658
851138412
196708816290393785
497692666373781382
3252848484133313586400
8013258251
00
80253064
423
168421316003225338293767957
634248640223
135632
030927618666771
45359609566121491381788835608
3329242750065493
3837633218319152
0028834643054683485993
48885454772976448018642
62919044111416765041099
355279
94
00385258700887262
93655
59559502
5548031289898784668414
6225849
66769270009272272
906213
86532190262514167602584
18214734112
591585192143951222
3261161001
7084052886
4647981058
8823426
99594029
7069150534
45629167730717867544658
0713493244841
09320711213033369499335666
333506
024895
3230946459553654081956618
21450703765
586595403501
118026539
88
5439353047778667523195427824
552219578426
291930487805
2317663114519401
5811617688260
7935995604572344390
1165354673181696161980
783539049387746056075208202
02185895666021
9252187136014709268143650613
834896939189794085482099975792
740661127545165
181650258139159096311605506191
428675134
842
0759873629
98608208866082028455
84512356637179
7684409
61538408198809270
126963737
750197076625516196
172044541286563095080345765
52596555531148305275
950720728922852
00850952160480324352
2323
58980
855253264197444
764064315
40444479311094298111
973296
5320104311482618511311047117
854917791529740447676
44931348475717726
56486027844028791237557441
682780392534078
5830013
8760989801
115
5576
28590867916
540575910754
5074919086718
10
13564315267082757094
08491685048372800276
55106053650979065905
32237011744084059
100326220150492935628784
030602765075066159226650
0248678
2120
508245267534483887
880804109133752900
063021511
6094219015
395275719833995
673969
90099434917
02068739166573896
30519783154662415
04028040562765026825361836796
538
5439147359
7909914624875224689945456166
180022036
8465606947214144017308242189
055455957876
0785883671829858954
539376209360388073035859817582
5350631
540653
9006436387698682
45875045381
85200065707278647928301600365
4920898374
871117704375602460656
57566894637
5720764932484176666
882009561457193555407
18960873
7572883846888
70886587762242940888769
5624389
449113616682432094194
5177
65962949903072
4066347463
96352619731492736
1618
9195865824
84713048955
24667378906610747
36796208432
46538952356139
2968800555104
5686792660476921084
424464440
960432699564089408
69879
65939419785181431012
524811875987391282881113
4572787467051105827163820003
92351067705994
1790618
0136919771091585
3962661868157756
40
1097
108950645
558546
94810042639172802
374905
49091821901
8957266029
77235581
1489014750879965677856523
496
138524445760270
9981840221670468
693084424193220594759836
95399552560337505276
437320091750
87923826786253
12882786772757
423125737659801101
60689236603314
1232103551296
7931167139676542
0503072392
9352100324374045
1806184
335866616290997
971798530598053442
671726836131212704921
877398912088984109598880160
335375972604265839
57049293155427
5648186630879696
46991
866259341873
294754931409
44418629341228
2154994865137910137349
0907
4083769691
8509322846020
611496037361878417193930
954422870526831821252281835
33731631310
626290079795675
54376761495048737
05914466109220246
54042106
862379301514946669091
8233340489938061495770336971
3046744043804
13571143314516
80141374311
44
1068261590368987
165222131353
6935473238
705329931576618570112745569
3135758046048
69982849754504
77899
4409005786
0
6589833117840874933422
30
11994719783509529622676645208
107267033232215
2002624
95924905494
8293429414651707
0488
33621119721056198
8387369004943
135380546854211122437353
51640236357070
08658191545264240
2044773
213909
55701427522486
98991179
74647921433
07
570290108
1863
408297023
81161524458
43328979347448660
298
6942041417432946935
06175120060504236716206
788288697856
880736231
8919
667686656762310664715
630892266636
0673
81354
9268
55415700530213
46040709035830
185857903
39592754117553047948710
3839097986877087087
07026977723293
300432448315945409
48088013066762540174
641281747089562
6988401831812918
53498268279215
815369
5887
190367420618
81529191149507428919
85872527300419
4525324346981
21967036252675910
9258556337
399367659625182
17051071397013999
5241933446
65540543
7126083
052
983830575879712
9392693
4562438974229
8459
594594103986442
73263853951
04608764
4855746334808
531061
3472
804710070889281796
99889800309392
67058120
15677
58
4832916600773
077778009
73606755027869
6706
7269375
066010665822881
168370
198539398509
002951187
24
16
8601636782880
41888298510
31578494725
5012450
7894489488
36600
450729588
7165
69603596901793
8566455
290
6628
72744101666905262
37
2971788271
4272025652199
9153609
519896
3989926
5796680305924
07158289924584
012512082
754181380386746
4907781068677982335
4114
3757278228325729
11852928597
44272977
62381121653
70041
5959300348945
280037
3338484860642562702305
76746
98865
9570
88079845990142
706621425
79228966581831
4277280586368918254
43155979375
38
634499898
6174575965776672
1718696107395376060753070
54627372344320321
055536129800
857516175
087861
4022980672
0101732821522
373977577557
0858076225
310196046015462
628343322
268142962812
9680
2665749102091823503
57036700887
2016639364269679
435
864223485756450773
686032
90775241
25000
1
950888416016083
98729232797464118598
219537
5863532
7323781698
21596
18783746
319911626038347615
2371808635546
369034951325699
67154
53976927261
8055535674633836
923
6457
576618323
143975225256196979494
62930972
4202838522122272
2248155865865371155762713
2215
63066854400482856322
8459582470989953
994910075514
259161770
233574129499524
059056816816
86273410831918713
76857
63441011076694
895100747350110
529069777885
43034935579212626323906
77704890570
5995
68308628173082
04088999847850548362566089
9014969821201608291942
4390989365244368
9377905039981281
2889
33378
335438885
382318878709262056144831
4334281823278912
07486723063421
4818
24934554
031271776
264388072796
328244187931254
22997964161031341736836509199
85499849995677265641
5318011847
814646075
202107542
84231320
5945619624896986945
6425912511
3725530513914035736149597
779182579213
77106007990407
54
45325659
88557677658929
06078706
64853468
53
92808830771
232107681
71767431420953
9345
6207035812
9322574
1201927727797964169
342962859775
47349054121719779030
659624
4327330542
07704910846241
3131675459663
892643054
82
1970572736957
524470278638641
6492385588788308274656088
8840075890505
65713064873
9314089758740417726289
47557170304735
601836
34
88149987234148
003145807
544944491097
248282287683
782
0447860

