Patron Solver
Found Words       : 1903
Comparisons       : 337159601
Failed comparisons: 335236308
Checked cells     : 258892837

Execution ticks   : 1652185
Execution time    : 1.65218
This words have been found:
9268
562642206316252457305506
223744482830
15995630828567438101919831754
337926043403053
55284617052825
5057074871
865540334827866425962479
065890712045833168616
0970588343209292539
37601030238
7126083
093916
7937504344
96878230042846566897
081280883117071611
647185370652
93121327788342137326504
85872527300419
259
6648808560
01091454569169822774099848
9062092127472897095
8163053509109
055455957876
37288396300945
6939356354546373094
856515
77130038420106519109
8831
64576947185221861
14867002260
38443
32844867973463870
0550695111855669672326
9392693
552219578426
56595734
885871955973138791621583947
8617865816933113931
071889951640922826400
63368217032517565474751
58904166784243117667
075259315651593179196435
60
212248365024848551
157559253509522868
45824150531207858947
065560535417428689297997186945
43388017562054775064572077
1331339894
04608764
42
78136
39517319772188520611
5552160389547022552
611
0215853254321503348823690
96134972627134226436
075216977636893
11636847115674534
306836
89751206329185135
7869516171619723246835073971
62919044111416765041099
6515200037193598895
2259871557868460034735033995
5314
111057
352040715801
300925852021432915393
0620857398536427670605
474502007274102
487851991983301892693964
61061680
91707148
84711
82869084
2670520292
3339844266232790544
724918364814440524118277
15614292140870417886
35460059436
52607580
8925968520358200617181612050
22927
9854711005425733598476
2044773
26990074061
895100747350110
127490576678091584
80960292399739008890086
919669918581
65971913331191238850
328244187931254
5374445517912
21596
7323781698
213909
219537
950888416016083
1
5234825591042334950886
556288428500127
25000
864223485756450773
2016639364269679
57036700887
2665749102091823503
9680
628343322
4988900231926
2573940153199248289
31135356200510718157192998
8741261262827
163580339202804347856459
310196046015462
0858076225
373977577557
4022980672
087861
98906489999650126
0656862716558582160220114
055536129800
9755775203326456177446991
6174575965776672
473220522431382362954545420
38
4277280586368918254
53976927261
79228966581831
706621425
81131163796674549004677737520
255983213034528612079
88079845990142
618881858045801122794
3513
30765978641700115230
52066935800
56486027844028791237557441
3338484860642562702305
5959300348945
905489912754568088334
62381121653
60003613650921472048431139
90099434917
80331835922304815436186840
44272977
294150983370118343
01746779291209051381501
11852928597
0719223915701280
193523469340199823180016
683035332045518872537115
613254028079
754181380386746
5796680305924
9153609
713507866638246453374
294520478284558907
4272025652199
2971788271
37
72744101666905262
51369241066410968914563
6628
899894730180263040614132
290
519896
956148748423282792957686
8566455
69603596901793
7165
70041
450729588
83205128639108104694315812199
9518809876076786939835820244
92850421144693656079392
4751911144
7894489488
0213545432031952317993116919
81655040486131899670343762
8601636782880
3781144318410018471797528
24
002951187
198539398509
92149766999581950916080367458
168370
066010665822881
73606755027869
97966922784139848961594563805
4832916600773
35621626904332598
7819853130407724565186
58
15677
67058120
99889800309392
150453719480658824
3472
531061
44487
4855746334808
73263853951
594594103986442
173781057246463
904
1966
857
455041433617
8065381637511794490865
983830575879712
65540543
127307066697236737866172307785
17051071397013999
399367659625182
126579350447313394482135682224
0417449423312055613183689
880804109133752900
7692151121917380746659770
517539952442250
52
43514047334
7233738162631385916
2528750072386425305714379369
21967036252675910
4525324346981
2702445586449612
124807
36770787911072685287441
391356070761369142000193343703
0572074685420757687367
59809182721668249293516886
6458670478742509086591722987
361087575745059570640410338388
5887
127312712017620653797849302239
19258
1579977550586
79104126677090574
6988401831812918
39592754117553047948710
33378
2889
335438885
9377905039981281
204718750278960396731
27630581912361079
445127
31484694796872623756236
81354
630892266636
7195443012906537931451
12240723196950755
05162256336892918605008886773
8919
880736231
788288697856
06175120060504236716206
6942041417432946935
298
001454422800720696070779731130
6259627
17807099564074246957503248960
64106644973706718
4797725081201907
072027190269910615221
43328979347448660
81161524458
408297023
8216159229814411445
7067840564098940520
44931348475717726
1863
07
246198987003196506
56849683275402856321781468237
233574129499524
74647921433
98991179
67154
135380546854211122437353
21660
33621119721056198
0488
784520263493962566575564354176
8293429414651707
95924905494
2002624
107267033232215
30
649952394454150213
27102040792
3
6589833117840874933422
0
4409005786
69982849754504
3135758046048
705329931576618570112745569
641281747089562
1068261590368987
44
13571143314516
1996905405920932218475558
54042106
54376761495048737
626290079795675
954422870526831821252281835
6123360904839669346332056
611496037361878417193930
8509322846020
4083769691
2154994865137910137349
44418629341228
294754931409
5648186630879696
335375972604265839
877398912088984109598880160
971798530598053442
9352100324374045
819
0503072392
423125737659801101
87923826786253
12882786772757
693084424193220594759836
138524445760270
8957266029
77235581
49091821901
374905
94810042639172802
558546
0545111066046059955420136
108950645
0136919771091585
4572787467051105827163820003
524811875987391282881113
69879
960432699564089408
2968800555104
36796208432
531472311846554
24667378906610747
9570
84713048955
98445883213750549446965
9195865824
1618
20100836528364719942784674
65962949903072
5177
49750166933512507965
814794080390159193406557
7572883846888
18960873
5720764932484176666
57566894637
871117704375602460656
0756982359732453850
85200065707278647928301600365
45875045381
551679450737744210914
923
6457
8055535674633836
5350631
0785883671829858954
8465606947214144017308242189
7909914624875224689945456166
180022036
5439147359
815369
30519783154662415
4818
395275719833995
98865
76746
975632807744687100271123264
658158511
0248678
030602765075066159226650
100326220150492935628784
32237011744084059
985676158718669426707
380449
55106053650979065905
790404028564758227
761629546024085857882497
08491685048372800276
13564315267082757094
10
5074919086718
5830013
682780392534078
88181896
02360
77958620727379379975
82346190855873518
433358339999120993534
911266626325119275181398629
96947011881
203567095
94548612219397851128
256017276991732592633051102635
69018577810
36826301246878749981
31
09320711213033369499335666
333506
0713493244841
2346454959551786908708
7568702835
764324330078931120
9376068581
0228624616979754665770515
3839097986877087087
783140728228578276931981
79
18074927680022343058052441809
6094219015
9906478815522657168492592
8749531494
195797518964769871422
973296
764064315
58980
57108314518700938487
2323
25838504482574094920462
786516700256694231910657168
059056816816
86273410831918713
172044541286563095080345765
750197076625516196
3725530513914035736149597
779182579213
19560
5945619624896986945
181650258139159096311605506191
336690735939158938171
5507901711352938454290
834896939189794085482099975792
9252187136014709268143650613
3279251284122557094943573010
12647941200895804210484999
1165354673181696161980
7935995604572344390
5811617688260
2317663114519401
291930487805
5439353047778667523195427824
88
118026539
3230946459553654081956618
024895
45629167730717867544658
7069150534
99594029
8823426
4647981058
74059223840401519
86532190262514167602584
509351744082328013441
906213
6160105497787418362646842
6225849
899576398142557
0759873629
5548031289898784668414
268142962812
59559502
93655
4732462061884
7149
011073143218851585393
94
48885454772976448018642
3837633218319152
5290357466665432865
700437593677903119
45359609566121491381788835608
030927618666771
033622993579491082283418
59547933980117773312001
00
86332309
61538408198809270
571232627036976195904856559
165222131353
126963737
7684409
84512356637179
361436784814205834
780
07026977723293
4500639371865495253051402955
300432448315945409
222520101
6203791673249340981437119388
7333966315566
314632438696830070
185857903
298331299797
28119197324536354145
3415101321001714518431684
1158637609462454366119314
200062815395582
6
9631266661813527232
05935254041552
3890419835328943
642849506
19521
32740023775680007030
60822779771208724268066417
0664975703494123851580473
2293641108713
640954579405213516
36
46333686563358
81571459277716967071
73365296
860749371836129059852056103532
949732802080988579424
906812769192795903332711197113
0028834643054683485993
1857676788419525110
2891060322716928734
1656543631535
2566322
8760989801
21826092829514741
388584412931
818
49
4327330542
497692666373781382
85914062855186437423227
659624
622903416
71265062162931029
853621423489710544531
0101732821522
59200889514
408471675407648989087
1387101535921111072969
36562863534838336785666
7255230378
44138
2777193267986515332399148589
65249
3920226638118115217719
25134314368211368390
637189929604
261393516189449
6425912511
3321828
6502375521138214650430412
7513122041539243090
64853468
53
457333054136585904195
353228160
3597774427264233697
152565971
30541228075327223993
8196
6887337082827447527906415
3794008444360534
9945080255
2064553051861109375819
257250
18249731925328263546608
89106375611
4114
629880571296249
253
8538594578317780783014
68
7312
896640141549401
879258472771156056637
74624372394928315873
882784745
08245449889806910810914492
23702678836809946304941640
70722462954556561
2337348119068552985521241169
54737412181664810061693
5862
32149331387672144710730
6166149866299613173
757
6527653514805
41233464716269158560
56098401
8449068816
185549869703639
284568
5367176219977489089143197
0904461502
351917916690714414333
695413352247978
6544150915927914030
60720
3774523668401254379
837
72363012
6502507842
4337980306
41371377601525
1254237713127061154411230199
66198851492435
8674260970537
466287800762203993262774210192
637377015413437019249558952
370491001405
21134219453152
728391386
83
7961760
7292253636963784706
83097425446226221145
7106194690574045704943
1790618
662148752570
47042632093585062
765312
45243901803245411
587567250875607590
79723
5576
46538952356139
28590867916
001399444089650006808
1405169204767720152485593
1067
8700879201688737151260601516
428255971403
7096511856551962338217628011
963053343089011
354543364169648873046
6935473238
640428879384396
377072829109591780
491658424447319617139531937
73855234412368125196265285
43288908253229873
8398046504979392729
1040472439652766414630567
5898772607456756127679720369
9639937711975695437109
739691773733655921876048258
303865785479731539000
522121787
950496
70886587762242940888769
608118900818
3466876849719704177342460578
22578957391243
82747756706344538133804729
201696946814
9474001141
997628619155486296721790
496
895
04134866925706401757
3395124233706843960
63119834
569098947004
898746263505218444385615777312
6242929419820
07047291740434548276426
381821441924432374852178
3441365
9981840221670468
219583488249085777251890253
81222897042836873
8290541836882688147
97760
08687119
87
3228921065653980184
773873792196532
050912272430873752059623611216
73788139330578486433
56913505208370353485552020925
424840145933
5052057825755704800
55896295128118
810103902778067921
6686386106645038365
9159512233311138504287
4824542115805497586
2493131783638639
8857272
360527350245805253445127
3440998089929529496381
66880
2139920151
124275842876590354
35355957519788739974133
814009231691
457542999937135591
604776078365192503
02068739166573896
0760560353687761730158
9292864801774579627104019
907184593204673198073167
03046598506479720736
205425480395609035849
2802563481272961
027198698990
1005192427
5783985742820694
449113616682432094194
8785296416
26280358367095938241870
6070804228019872
07158289924584
9101116653430841698621
4128936570
76773527517594
754664447526275924579685
435
969657801877708944
3962661868157756
524470278638641
6492385588788308274656088
1970572736957
1386163341585951941
47862099552359961
030976930304033967758
11
506076334002203905540
1538
713
80141374311
1472409
574309243061986
46991
748387419220363458
719896451205215
94121223500217326
657915478039600221
5769985787397
44473800456843470444500
14781368050587750
292913504325899819
217434896269
64239065522657107409138924
5656565037499044909
72
341895946894394132653902
7812015864334206
3437587863963544
023792187268047
173991
63066854400482856322
8459582470989953
967541952566056
77654370814963110369329267135
941443010167769483206
676766052361755537
09103977865202373266407
25137238429830
64410100776784445
51551352836593
07704910846241
233443203266
384508970602608672573434712
0628120148641594242822622303
9591622068498437
54627372344320321
7931167139676542
414137087265281538
76586475267949252357909
362484089
96693
538357998768673548468525484
22066644509376082777
416942
8526397750000
1760
9580197805391258507770809246
53646685967801567
3508643102902
609
4082478813320406441
33361268
5982495190124333013031
335866616290997
7957490682447619478
7222315839354051678096
3042740264191
46770162420114
759005599810889
031931150548593180
43
39328465
2435782430025848213
1276326766280350225786623643
987399784429708089762
900091
804
95169526410
29356
53491528978649408172
9536994450172177846234589159
782215
4880076344
36284538161151180541374
5
4098517153
17634491523283
363744650
976959513382680560950759552966
54912949728422895883980915069
9849003938223097509
5887688413361014723
46040709035830
671698833607430036297185526
006810594498217322894905784
0778589029440575673463
975115
1232103551296
616105826094
196987582
360883176455469620630
81529191149507428919
73633894118
4049
40444479311094298111
5129555538
12472223297653911760
04028040562765026825361836796
8868163
97353447162
70
562979811269691058885
14833872878
1585602861552366192846
05857
903124880859410608206130
7571075947
0913931910972124
75029782659030043812957
22997964161031341736836509199
6098115290278
85499849995677265641
7269375
70172167954
504150
47
1333133660305422463
0907
8108490220847520319027543063
588
26
6227289364362595046492
5686792660476921084
424464440
8233340489938061495770336971
18401040194593086242423695
57282523132
923708845799122628
27522044905387636662092653141
5157426
9959688661
856300892
8885318667420787
338
2244174971780981510521596
854917791529740447676
650521780342060238175
05914466109220246
1806184
989118328905229722
694970141
4863581331
634248640223
22889125711394757155587
293
33106704679965571206
02291
923900190867609
99507147923415814216238
367419609157159
28
3982725862
5365
4057502597997
17801320067879
14320
43781034314962
45680401830870514676425
319052927926822
76707444
783722636014632315786472465084
87187713129678442
9775039132786862243149071
2
94287
979445033892716013546242282151
4813786763
19096796
288625333
488573153554
423
0717773
327707
8822
38436225796150277900
385
7486139436525479195139904
260093139807457
495681
75496693480421719077869422
7112
130238898487445669706186324621
43534129048253
59699671719031949515438
1431057809116600742808518237
8394685789070421228
89765315329836379869716
15087421653702302300571537345
96175336922144303081
10272682260996921136
90775241
1059553332649489
9291466529454521900419540
3373
61269493548586
6911135588134205361422669
40995945840515962582399535086
509960592767779
289028656821717146622908
9
128826430237
30591773
1400496809933979058
341255839
0673
539376209360388073035859817582
80551
26433661
29823227232713
340689830822
0544106553635075
2142940
950720728922852
659869342
0126407047959291417205247
0317318398255341
475840647729187
4398348935515470
766527826399694684964499
04743622
4347490
920324009969672547
35956892780016516754581
843808083
057821
062404736476406632538465420171
7
2660424254
474
437314742261
671851352221766677
188832339
8413133248506072494195481
3600787
84906482557052680845653
14939867940187843441462196
258240124312859
686032
03865685
073046926
005822177
1447683933008866929
73353468955531506
682531464633369
28189550834401656872633428
37148288550276139
048909131462773396
322920125478587
4279510559069028273493
22053
87193469112376238
55504611029328533
21268763480071590030
198438110143844630
084
7613598377221
7572732498889529
17
408398725758162240
62257
458257840877404
62983010201906674705050
408630223069761
975312461787267
20524554298931477954752413
80253064
8520113808870040738192
6472241927054346
366373853383
98435826246866164
560733003063
853774482911
34576828527627631190
787675156639163
8737107716161
87467176295546283078363
55701427522486
37010458593430215499
35289146247031
2406
87813516787142397293227809
495540875314697400968
234843
077778009
1563112860075841
89006619036966724091
4113464
7597193115408055286751
0136
3819004792374766702
442128568272
4657053
56234162863210
6304180567649736443565
1798864269329
1316462457121664003
36600
055090775227
8013258251
056429403567113662
669903983513554098743510
866259341873
521737455960066258764
6539290333926288927
69397763305137754
98729232797464118598
034893
8996690520140
9314089758740417726289
47557170304735
703183743811417855
766570278472
186403799444567893850
05055917674280360805976
40
5559433
5856244161265602815430
7535473
375157387166982
7852034556
512686837
3639274407902767980042487596
5863532
967104378429217985
0391868568998566243719
68689185013629591616813
60776107607146303718112
8372130554723175071
7930210114908031866
860286685053419841384
1332619336371210528994663758
202
79225754
02
986259
32929925012418268
16323092629072631725024995
437320091750
770
13423497
8028728744437141241
1088965
8062918808574575925533
25680642164795307
85337262932308703613
6306203485820252
6736259208
07541231257375961
9140658878070142037629585
770779399308103184777068
48088013066762540174
308438095433705098
4876833138604546940474025
15673537544902389136
653807324618833009745375919795
9333699385348786989342
986853489186267831183214774131
46480
5802845797107959047408257
525833189120586
935019461576283
964359165747459555763608794
1487652331694289065613333656
41831937905069354334090
8533139
0144710123979192748005268221
50983524668982
4
864957
75942882574733
57
34694045781168569
51640236357070
08658191545264240
115638930267317780626771
756963599460622147
8859276004882
92184041430804979627028
16443362215
95255833
1201927727797964169
342962859775
35232596113679
10886451726418746
9478201190881993509404
24251625295629182380397501096
508582
52318575604119174949788
96391384512445129982
9453914327
75854905593821197
59032586351690158379009
1306639003317542029963205
07542280884007068
40150175155813292318363
072817147505602419974400690745
00850952160480324352
4103
019823447822464
340748832294171597898897280
16
871397672089074478020619
58826140211854
510069270590621791872489
5167431865583187562192
331211323756316416247
23
06450636060224081310334970152
022321058229015699312
4384050508382938443
35703372573091534229252762293
34
88149987234148
18214734112
6706
247422314890955394209053295
6865560427641511829
412767185756484327742
584787877085
3261546955018
18783746
9154681119093315489470227
446434967119717499
259161770
003145807
2474621243458539327
376276449551780565347
00314444810965963
34367968
369034951325699
2371808635546
32527664826
319911626038347615
7537212698189717650
653300494956219420914
72127515542180
1417661853
3284504791208941561201
123435222368945516759351995
568335952309
37548888025758568161860318326
085887432
279180259499205590
663
71776436670
76947505
3744117752216
50500048044077618816168852
576618323
766344165964113315
143975225256196979494
3971
394427021271694396600
586595403501
21450703765
411233915934433403528
136568324451842750819
90
2215
4202838522122272
35056039713
62930972
41888298510
736558142449
994910075514
389974765511647537576
905
857516175
03218800260
627702354186502499258
63441011076694
45325659
5645304130583858876896
072144566944415322
529069777885
842
428675134
673969
98608208866082028455
4562438974229
43034935579212626323906
997580846001430
90261165267571230
2781177089203738
403374381243
3419577
77704890570
5995
68308628173082
8641143401754997
4920898374
175675334670449353792098526
9258556337
7164212759121
319474784331674428304016442
3797886270397294263
591585192143951222
23452243644514889180352201
8797902594697067622765
80929832228845
8942887208310527464611643
7515665949148756275
280037
76857
645976730
767748915115048411504166343
437260694405215415710360498561
2032658
79262341603908558595824
08008429
1688332044021411868630
144
3448765320184684955
538
1260953768287770597579677
1147178526
26341299170313278226
4390989365244368
0598157769152
4334281823278912
483661555
79493456469163558
01
382318878709262056144831
205855880179609214812
07486723063421
726169164535862701409412708
9523652473734
468774831
34433299769027537481012
701613385528926110791512
33845
783539049387746056075208202
820285692863185923
64595705763
9229666448375
600315964942884323738
5726480074503954434794
72176440589279549
564516288702
264388072796
11994719783509529622676645208
1121360300610836193813
8459
3046744043804
675978667528070544
22662744633188149
814646075
5318011847
202107542
540575910754
97979040
31859353029968225841740
3261161001
84231320
75294173595376909897742
77106007990407
9938
54
20540305382249940
367842355395061632
0353974734782217674148669718
2120
210469154538719651296648897682
07240360827482829930252485
06078706
88557677658929
5320104311482618511311047117
3342291610
293646
196131794930491578
71767431420953
232107681
9322574
36776361806327404855416293
6207035812
162903666343742609569
7988441380
57037
5552546927683182
937857254523176276
052
5275582199224653591889087
212365654
495008616514228331
5012450
31578494725
02185895666021
9014969821201608291942
04088999847850548362566089
7859117688293
063021511
8537539896001403809689500
9165164883564640445113
269555181655757683904
9491994090021153548195989711
5956551196
892643054
3131675459663
82
190367420618
7831342259599396918
229243114491535
2472518822
862379301514946669091
9345
7084052886
37022077
851138412
025101240839915915234616817389
83667
8840075890505
52596555531148305275
96738466925376
885806028926544026
33944
068612962891766388003
477451246392393709
5263869
96352619731492736
4066347463
87958
17380479645774885788773
65713064873
70249214
740661127545165
544944491097
964867998255
248282287683
3989926
865122385
644258899912377744667827117
7536166566
6394065131611299223
92808830771
375454957196995477356936469
5241933446
055623908012278
5761183176481499294423
74571176861160005551
833381112676345
782
0447860
634499898
38862730
26023081325977689065504674
8769195012358665115
1489014750879965677856523
825268
051458
5200897030503
3938921735947438
102203112211961165473
0271
5278379433323
57049293155427
4405325846135263729744
0523
997098168374321026316
9351987295680
29
1065962432002804
148
51556865885
3214015623664970522427
097
975824098600107518626077
104151476162835058
88885965
933515920368568
127103816985822306951528443933
787129904184357980127392480
8156628925
8110413628124908252235062
9389224882764261215
7311402779841826020
131376716140
8765064634233674
073948481185336895132365467142
15648
164840450844097209106793884
829202043
72040224563952
55415700530213
56
5204155405951281
078221647005199933523842
46566316
7716615476660928613279
4907781068677982335
3681600082
9966253334637709
9747849222760933027583260718
248708199836289079659
0508264084813818
33862
847472019878
8806200
65939419785181431012
951123694807190722365098
17224593242
43155979375
12977478549470727648277
829697291
599345715421110
1815174926368010
4445904621196526409660589
33731631310
41218697154580607662
8117
139728998092257359246809503
781213278480719744
451885735800305
0919527588676356384929148
5142116607
3370
295359871516
406942088
03866444913842816318006359
051849872342030
275258077
438415077459822157168669043372
671726836131212704921
311554197
00385258700887262
20735738387455024
2267
4103243319517
36181922126
6867071310535248
525295167434
9265627410250
804710070889281796
36396167891534935337415772
376553394255722614919
21595166048790283318123
715642678273
66769270009272272
79861111282312517138857712302
825120996428833836192466
945412687
040514670
8427881
826757267221540552196660
226690408937990
48691401656797592861
550593
8684397
3095139665732
2392881122268951903
855253264197444
643107
27720407898581
1342942525734936885
759600376159018
5810686822450123
1718696107395376060753070
96892205
1550677865248265933051665
30223442135856500346
799651665
5624389
810673417577937120
488965249688553591
8387369004943
651699707179517608
538754377235331942960936
491876943
8
35
4926072388377
493
712511
304002236
873753233806
1606129782368444
846956593842859814146506
7626823
06043782752050912
9259075220702495
155379212884
680326682782588966
16018613513299149106842866692
479112095410634
79997424
982410785128097
503949338
78402
667686656762310664715
7630954334131440320097085585
6269271
0370335704
77899
99123114960390291681433908
89018141
91009335522107561
380806203248178374568311773
490342553
7242889
04084174415005910
50442067974397229
22
7843466431442300092
332787306
262582451947699726074
774641464239865
5325295387162592536017516
719414360720172356
067409697023647374633617
7492657803951356180431
549534816631
20
2466025241294912
057016801344207844
249990215
37149187
8364106082
362310691312188177540
75543571438084189520148107759
4277
83426736177932685885543561869
355279
9603
5070305
1765575
397392658131115641917
8764070543122023672
601836
082255995748922
331955296128187691253098
034535947268226397642742
39780543383766112392970280044
01093670278
91200746602366222
1097
05589542968855048639
076
19993427068
71086059983
29765734379516470715154014
228
0651376617592053
60689236603314
402920766813221204925506
34668950295322
540653
50630792918
7189935258427751
496008107226569130
0710398153338142794830
2032783
508245267534483887
3600253350040151
0495108746
3329242750065493
031271776
1324002441176433820587288
9047372537772917399280732
349561688367336634976792540
53498268279215
7135399462149053620150
7526358692535731
75360707265913
4775192581
4646045476838
31404
838390071048035325
57744
11655265581
73008909044695366
543349666987982
336498571630899175352776614773
235713737630356640972983265036
2913860
84418442628137395297155516740
63631680207465619453
45735848016413121
5945335843
447250793014451174397561
312492760083076091
98370974517148207205
75583827890859320413031
882009561457193555407
289471599709
24934554
6513334393
496164608114681067769
620833074364
62565783410605327035340
610732112654737338181
13976971767
825039693073494694553
47349054121719779030
87186555054593520255
5657059484949
7329935878
48800720466291
012512082
95399552560337505276
54254453003618023683713027931
8000878095426026
81002874520282272204079873297
99
6041305658391803682
1512313501923
026780341573242712
7311737022205454178906451045
6110557072156452276
8128812142424805011
2834785021006
828927004163540842040776445
536321130371124500315722612
1409414512119249
7270881870344637801289
33174314116439638006
167679410
693438
533961896317473953697557
9326696462452082508275884259
85153718682
330034667840553271677
38759245864
759043704719285977725277
7987243773
2187793245
7543901112857829127888149
33886912690463965
130311198649705
3397248117617
4873571390569229181020
169589
64309434525693429388100968073
115
4611343591162895615
6957316413
798805889606271062
9179128050809122478863695974
367093292069280745118962043642
39549387289
23806326825
124080074891437793
8367429064028637
7176100792092262379330033
704
970854365634977270659301470
23678104648500154544560
449170647022720133780951
46452183863168
38562069653432
054005143503377990314585
9006436387698682
0180374644151144269004892
34367188263
68925603583489912346889
135632
794041435209435
850840227559941277164
429
3757278228325729
708658357453608807632443
431931747717398292460588
387905009916
62702898883868
0039905829829
050959364
8283028897279096608352813582
704344357991459378214
5978598306866716288
1134370714346
61665844
416
420478518524
24781530274164246506560277140
4979296873164
196708816290393785
3252848484133313586400
524234640362
439119322667482095950991114892
88081034251047
895042
78524192226488702560324204
6862806042984
3472939996084366387514
3319976517272064764993
0404495583217919792538
355478431186
508070023217703
427322448940507583254499883196
650717499064055294
136955014
5375389457845
2561444737399612548
33721404682815099
68551981031050585676016301
6777469958352453
7354662689611450909755669810
596063912033723919894814158732
094212597444022462252
5066568147863
114176374607477
7699672101074987411647
95
7851558
98320114346572749745797889
3777
27686479113087569
5463453442344822902558943752
3131547092513
9674561675910042276379334
00934626327361142
3581393985864561276194518235
0327500778536012
39811572
1452356594735356683295365
17329596
974579857355
57079051
20832
29901782141267613986
83197464495994447
39942167625798686866188201989
1293594154037439981341242738
451439228011614
577956688768417767947904522
65067896842288
83746730886113507001
31377010343254988546
786
88742468798545
554627636108012978385
278318766243645994427453
678682
072246339622
54223133084594933278955
10242134
33183837497966720123469
680630603
92351067705994
63924
00178710397752902
81152869829731838048760449303
82316416056
395627361524474733568408261
8455880611
701264732107920803426303775
81
6230743406248
3009861
327873054729480474887697
49545028995819810
89151747877
91095643191478295
2587150988915042446081662
3978
3169138885612171317749572769
618870
1587380289323377061474
76874176430
1057
05891723594134345521294309865
80965341
337008633736508014667
083361951775313246195971
1517686183300305968621
58186440273
4692850256786513949145
8557
1994622563374147
41596942
6548687390122412340072343
5427374704909990625981942
6515657789135
3802283202
6507434129
715445517535097544
0917818148360030066443
93084
3995950339175890745
478575513096
71329358335155780331832006
3722871552672422762
3965223336682262583947
419740199500629187691565
0776799344821815
778853274020705156
734758919626980910370594
2442912
6232979566119892915673075724
1908312755268399
1646
3609624223226258
03203
509509333
2099841442155780593
736204
221081321802313254624
14664878763732895648314665233
3326574296969665170122022006
01007714573
117431739041485586513
570290108
1743
7711389974221
3475970718558
1384549594985359712810
4240411375877126330589679687
09066674172526879137538
731358045252662549663
214962043056331
34182223640655912804
97315775709894966714398
918413123294647712173
78107372808262238887616
61002553657074321707319
00051
4489
47528132508628402488
536693626089169
24916636340196014229764
1600700985087003854547046048
979424944504229
2055205599231
382992856746565
168421316003225338293767957
2299404575867
945134666648553
1819049718731450560780427
738816504392631156229012
667794739169210575
0580106919481698345194
80967064455896897
915386561348926537403
03450
01399518793745
3671884109082556094602934776
037622033739201795192
241660457819684733
323
9681427024209939919
205960
49498731590664
191495237157860
1406890647367445
16230754538990120188760587
206045062760657650543553
98739014635287554
17973728280623090263365
312
4169058086215018841526
6272798485587593
88215099527392383
6167689676330724419263
70694412910
374881
393
22362050468021826624755
396811059305589503355
8161492693243
2056702709216521085636
880
7399127862511
53635794

